[ 2016-03-14T09:51:51+08:00 ] 183.60.35.94 /
SQL: SHOW COLUMNS FROM `tp_agent` [ RunTime:0.095706s ]
SQL: SELECT * FROM `tp_agent` WHERE ( `siteurl` = 'http://cms.yulihome.com' ) LIMIT 1   [ RunTime:0.000000s ]
INFO: [ app_begin ] --START--
INFO: Run ReadHtmlCache Behavior [ RunTime:0.002930s ]
INFO: [ app_begin ] --END-- [ RunTime:0.002930s ]
SQL: SHOW COLUMNS FROM `tp_agent` [ RunTime:0.002930s ]
SQL: SELECT * FROM `tp_agent` WHERE ( `siteurl` = 'http://cms.yulihome.com' ) LIMIT 1   [ RunTime:0.000977s ]
NOTIC: [8] Undefined index: cms.yulihome.comnomsite D:\webset\CMS\dogcms\Lib\Action\BaseAction.class.php 第 39 行.
SQL: SHOW COLUMNS FROM `tp_mobilesite` [ RunTime:0.030274s ]
NOTIC: [8] Undefined index: cms.yulihome.com D:\webset\CMS\dogcms\Lib\Action\BaseAction.class.php 第 376 行.
SQL: SELECT * FROM `tp_mobilesite` WHERE ( `owndomain` = 'cms.yulihome.com' ) LIMIT 1   [ RunTime:0.000000s ]
SQL: SELECT * FROM `tp_agent` WHERE ( `siteurl` = 'http://cms.yulihome.com' ) LIMIT 1   [ RunTime:0.000977s ]
NOTIC: [8] Constant STATICS already defined D:\webset\CMS\dogcms\Lib\Action\BaseAction.class.php 第 128 行.
SQL: SHOW COLUMNS FROM `tp_customs` [ RunTime:0.041994s ]
SQL: SHOW COLUMNS FROM `tp_images` [ RunTime:0.032228s ]
SQL: SELECT * FROM `tp_images` WHERE ( `agentid` = 0 ) LIMIT 1   [ RunTime:0.000000s ]
SQL: SELECT * FROM `tp_customs` WHERE ( `agentid` = 0 ) AND ( `type` = 1 ) LIMIT 1   [ RunTime:0.000000s ]
SQL: SELECT * FROM `tp_customs` WHERE ( `agentid` = 0 ) AND ( `type` = 2 ) LIMIT 1   [ RunTime:0.000000s ]
SQL: SELECT * FROM `tp_customs` WHERE ( `agentid` = 0 ) AND ( `type` = 3 ) LIMIT 1   [ RunTime:0.000000s ]
SQL: SELECT * FROM `tp_customs` WHERE ( `agentid` = 0 ) AND ( `type` = 4 ) LIMIT 1   [ RunTime:0.000000s ]
SQL: SELECT * FROM `tp_customs` WHERE ( `agentid` = 0 ) AND ( `type` = 5 ) LIMIT 1   [ RunTime:0.000976s ]
SQL: SELECT * FROM `tp_customs` WHERE ( `agentid` = 0 ) AND ( `type` = 6 ) LIMIT 1   [ RunTime:0.000000s ]
NOTIC: [8] Undefined index: showNotice D:\webset\CMS\dogcms\Lib\Action\Home\IndexAction.class.php 第 91 行.
SQL: SHOW COLUMNS FROM `tp_links` [ RunTime:0.005859s ]
SQL: SELECT * FROM `tp_links` WHERE ( `status` = 1 ) AND ( `agentid` = 0 )  [ RunTime:0.000000s ]
SQL: SHOW COLUMNS FROM `tp_renew` [ RunTime:0.020509s ]
SQL: SHOW COLUMNS FROM `tp_banners` [ RunTime:0.016603s ]
SQL: SHOW COLUMNS FROM `tp_case` [ RunTime:0.028321s ]
SQL: SELECT * FROM `tp_renew` WHERE ( `agentid` = 0 ) ORDER BY id DESC LIMIT 5   [ RunTime:0.001953s ]
SQL: SELECT * FROM `tp_banners` WHERE ( `status` = 1 ) AND ( `agentid` = 0 ) ORDER BY id DESC  [ RunTime:0.000000s ]
SQL: SELECT * FROM `tp_case` WHERE ( `status` = 1 ) AND ( `agentid` = 0 ) ORDER BY id DESC LIMIT 10   [ RunTime:0.000977s ]
SQL: SHOW COLUMNS FROM `tp_news` [ RunTime:0.005859s ]
SQL: SELECT * FROM `tp_news` LIMIT 1   [ RunTime:0.000977s ]
SQL: SHOW COLUMNS FROM `tp_img` [ RunTime:0.003907s ]
SQL: SELECT * FROM `tp_img` WHERE ( `classid` = null ) ORDER BY id DESC LIMIT 5   [ RunTime:0.000976s ]
SQL: SELECT * FROM `tp_img` WHERE ( `classid` = null ) ORDER BY id DESC LIMIT 5   [ RunTime:0.000000s ]
SQL: SELECT * FROM `tp_img` WHERE ( `classid` = null ) ORDER BY id DESC LIMIT 5   [ RunTime:0.000000s ]
INFO: [ view_template ] --START--
INFO: Run LocationTemplate Behavior [ RunTime:-0.442400s ]
INFO: [ view_template ] --END-- [ RunTime:0.000976s ]
INFO: [ view_parse ] --START--
INFO: Run ParseTemplate Behavior [ RunTime:-0.443376s ]
INFO: [ view_parse ] --END-- [ RunTime:0.060550s ]
INFO: [ view_filter ] --START--
INFO: Run ContentReplace Behavior [ RunTime:-0.503926s ]
INFO: Run TokenBuild Behavior [ RunTime:-0.504902s ]
INFO: Run WriteHtmlCache Behavior [ RunTime:-0.518575s ]
INFO: Run ShowRuntime Behavior [ RunTime:-0.519551s ]
INFO: [ view_filter ] --END-- [ RunTime:0.022461s ]
SQL: SHOW COLUMNS FROM `tp_susceptible` [ RunTime:0.002930s ]
SQL: SELECT * FROM `tp_susceptible` LIMIT 1   [ RunTime:0.000976s ]
SQL: SELECT `word` FROM `tp_susceptible` WHERE ( `state` = 1 )  [ RunTime:0.000977s ]
NOTIC: [2] unlink(./Conf/logs/Temp/0/6/067efd6ffbb9b42e963ddba7e754f7e8.php): No such file or directory D:\webset\CMS\Lib\Driver\Cache\CacheFile.class.php 第 176 行.
NOTIC: [8] Undefined variable: word_array D:\webset\CMS\dogcms\Lib\ORG\Susceptible.class.php 第 45 行.
NOTIC: [8] Undefined variable: xing_array D:\webset\CMS\dogcms\Lib\ORG\Susceptible.class.php 第 45 行.
INFO: [ view_end ] --START--
INFO: Run ShowPageTrace Behavior [ RunTime:-0.684597s ]
INFO: [ view_end ] --END-- [ RunTime:0.002929s ]
INFO: [ app_end ] --START--
INFO: Run AccessCount Behavior [ RunTime:-0.687526s ]
INFO: [ app_end ] --END-- [ RunTime:0.006837s ]

[ 2016-03-14T09:51:51+08:00 ] 180.153.4.19 /
SQL: SHOW COLUMNS FROM `tp_agent` [ RunTime:0.096683s ]
SQL: SELECT * FROM `tp_agent` WHERE ( `siteurl` = 'http://cms.yulihome.com' ) LIMIT 1   [ RunTime:0.000000s ]
INFO: [ app_begin ] --START--
INFO: Run ReadHtmlCache Behavior [ RunTime:0.001953s ]
INFO: [ app_begin ] --END-- [ RunTime:0.001953s ]
SQL: SHOW COLUMNS FROM `tp_agent` [ RunTime:0.002930s ]
SQL: SELECT * FROM `tp_agent` WHERE ( `siteurl` = 'http://cms.yulihome.com' ) LIMIT 1   [ RunTime:0.000000s ]
NOTIC: [8] Undefined index: cms.yulihome.comnomsite D:\webset\CMS\dogcms\Lib\Action\BaseAction.class.php 第 39 行.
SQL: SHOW COLUMNS FROM `tp_mobilesite` [ RunTime:0.030274s ]
NOTIC: [8] Undefined index: cms.yulihome.com D:\webset\CMS\dogcms\Lib\Action\BaseAction.class.php 第 376 行.
SQL: SELECT * FROM `tp_mobilesite` WHERE ( `owndomain` = 'cms.yulihome.com' ) LIMIT 1   [ RunTime:0.000000s ]
SQL: SELECT * FROM `tp_agent` WHERE ( `siteurl` = 'http://cms.yulihome.com' ) LIMIT 1   [ RunTime:0.000000s ]
NOTIC: [8] Constant STATICS already defined D:\webset\CMS\dogcms\Lib\Action\BaseAction.class.php 第 128 行.
SQL: SHOW COLUMNS FROM `tp_customs` [ RunTime:0.041017s ]
SQL: SHOW COLUMNS FROM `tp_images` [ RunTime:0.032228s ]
SQL: SELECT * FROM `tp_images` WHERE ( `agentid` = 0 ) LIMIT 1   [ RunTime:0.000976s ]
SQL: SELECT * FROM `tp_customs` WHERE ( `agentid` = 0 ) AND ( `type` = 1 ) LIMIT 1   [ RunTime:0.000000s ]
SQL: SELECT * FROM `tp_customs` WHERE ( `agentid` = 0 ) AND ( `type` = 2 ) LIMIT 1   [ RunTime:0.000000s ]
SQL: SELECT * FROM `tp_customs` WHERE ( `agentid` = 0 ) AND ( `type` = 3 ) LIMIT 1   [ RunTime:0.000000s ]
SQL: SELECT * FROM `tp_customs` WHERE ( `agentid` = 0 ) AND ( `type` = 4 ) LIMIT 1   [ RunTime:0.000000s ]
SQL: SELECT * FROM `tp_customs` WHERE ( `agentid` = 0 ) AND ( `type` = 5 ) LIMIT 1   [ RunTime:0.000976s ]
SQL: SELECT * FROM `tp_customs` WHERE ( `agentid` = 0 ) AND ( `type` = 6 ) LIMIT 1   [ RunTime:0.000000s ]
NOTIC: [8] Undefined index: showNotice D:\webset\CMS\dogcms\Lib\Action\Home\IndexAction.class.php 第 91 行.
SQL: SHOW COLUMNS FROM `tp_links` [ RunTime:0.005859s ]
SQL: SELECT * FROM `tp_links` WHERE ( `status` = 1 ) AND ( `agentid` = 0 )  [ RunTime:0.000000s ]
SQL: SHOW COLUMNS FROM `tp_renew` [ RunTime:0.021485s ]
SQL: SHOW COLUMNS FROM `tp_banners` [ RunTime:0.016603s ]
SQL: SHOW COLUMNS FROM `tp_case` [ RunTime:0.024415s ]
SQL: SELECT * FROM `tp_renew` WHERE ( `agentid` = 0 ) ORDER BY id DESC LIMIT 5   [ RunTime:0.000000s ]
SQL: SELECT * FROM `tp_banners` WHERE ( `status` = 1 ) AND ( `agentid` = 0 ) ORDER BY id DESC  [ RunTime:0.000000s ]
SQL: SELECT * FROM `tp_case` WHERE ( `status` = 1 ) AND ( `agentid` = 0 ) ORDER BY id DESC LIMIT 10   [ RunTime:0.000000s ]
SQL: SHOW COLUMNS FROM `tp_news` [ RunTime:0.007812s ]
SQL: SELECT * FROM `tp_news` LIMIT 1   [ RunTime:0.000000s ]
SQL: SHOW COLUMNS FROM `tp_img` [ RunTime:0.002930s ]
SQL: SELECT * FROM `tp_img` WHERE ( `classid` = null ) ORDER BY id DESC LIMIT 5   [ RunTime:0.000000s ]
SQL: SELECT * FROM `tp_img` WHERE ( `classid` = null ) ORDER BY id DESC LIMIT 5   [ RunTime:0.000000s ]
SQL: SELECT * FROM `tp_img` WHERE ( `classid` = null ) ORDER BY id DESC LIMIT 5   [ RunTime:0.000977s ]
INFO: [ view_template ] --START--
INFO: Run LocationTemplate Behavior [ RunTime:-0.442400s ]
INFO: [ view_template ] --END-- [ RunTime:0.000976s ]
INFO: [ view_parse ] --START--
INFO: Run ParseTemplate Behavior [ RunTime:-0.443376s ]
INFO: [ view_parse ] --END-- [ RunTime:0.060550s ]
INFO: [ view_filter ] --START--
INFO: Run ContentReplace Behavior [ RunTime:-0.503926s ]
INFO: Run TokenBuild Behavior [ RunTime:-0.504902s ]
INFO: Run WriteHtmlCache Behavior [ RunTime:-0.518575s ]
INFO: Run ShowRuntime Behavior [ RunTime:-0.519551s ]
INFO: [ view_filter ] --END-- [ RunTime:0.022461s ]
SQL: SHOW COLUMNS FROM `tp_susceptible` [ RunTime:0.001953s ]
SQL: SELECT * FROM `tp_susceptible` LIMIT 1   [ RunTime:0.000976s ]
SQL: SELECT `word` FROM `tp_susceptible` WHERE ( `state` = 1 )  [ RunTime:0.000977s ]
NOTIC: [2] unlink(./Conf/logs/Temp/0/6/067efd6ffbb9b42e963ddba7e754f7e8.php): No such file or directory D:\webset\CMS\Lib\Driver\Cache\CacheFile.class.php 第 176 行.
NOTIC: [8] Undefined variable: word_array D:\webset\CMS\dogcms\Lib\ORG\Susceptible.class.php 第 45 行.
NOTIC: [8] Undefined variable: xing_array D:\webset\CMS\dogcms\Lib\ORG\Susceptible.class.php 第 45 行.
INFO: [ view_end ] --START--
INFO: Run ShowPageTrace Behavior [ RunTime:-0.684597s ]
INFO: [ view_end ] --END-- [ RunTime:0.002929s ]
INFO: [ app_end ] --START--
INFO: Run AccessCount Behavior [ RunTime:-0.687526s ]
INFO: [ app_end ] --END-- [ RunTime:0.007813s ]

[ 2016-03-14T19:45:20+08:00 ] 42.156.136.44 /
SQL: SHOW COLUMNS FROM `tp_agent` [ RunTime:0.099613s ]
SQL: SELECT * FROM `tp_agent` WHERE ( `siteurl` = 'http://cms.yulihome.com' ) LIMIT 1   [ RunTime:0.000000s ]
INFO: [ app_begin ] --START--
INFO: Run ReadHtmlCache Behavior [ RunTime:0.018556s ]
INFO: [ app_begin ] --END-- [ RunTime:0.018556s ]
SQL: SHOW COLUMNS FROM `tp_agent` [ RunTime:0.002930s ]
SQL: SELECT * FROM `tp_agent` WHERE ( `siteurl` = 'http://cms.yulihome.com' ) LIMIT 1   [ RunTime:0.000977s ]
NOTIC: [8] Undefined index: cms.yulihome.comnomsite D:\webset\CMS\dogcms\Lib\Action\BaseAction.class.php 第 39 行.
SQL: SHOW COLUMNS FROM `tp_mobilesite` [ RunTime:0.045900s ]
NOTIC: [8] Undefined index: cms.yulihome.com D:\webset\CMS\dogcms\Lib\Action\BaseAction.class.php 第 376 行.
SQL: SELECT * FROM `tp_mobilesite` WHERE ( `owndomain` = 'cms.yulihome.com' ) LIMIT 1   [ RunTime:0.000000s ]
SQL: SELECT * FROM `tp_agent` WHERE ( `siteurl` = 'http://cms.yulihome.com' ) LIMIT 1   [ RunTime:0.000976s ]
NOTIC: [8] Constant STATICS already defined D:\webset\CMS\dogcms\Lib\Action\BaseAction.class.php 第 128 行.
SQL: SHOW COLUMNS FROM `tp_customs` [ RunTime:0.070315s ]
SQL: SHOW COLUMNS FROM `tp_images` [ RunTime:0.064456s ]
SQL: SELECT * FROM `tp_images` WHERE ( `agentid` = 0 ) LIMIT 1   [ RunTime:0.000000s ]
SQL: SELECT * FROM `tp_customs` WHERE ( `agentid` = 0 ) AND ( `type` = 1 ) LIMIT 1   [ RunTime:0.000000s ]
SQL: SELECT * FROM `tp_customs` WHERE ( `agentid` = 0 ) AND ( `type` = 2 ) LIMIT 1   [ RunTime:0.000000s ]
SQL: SELECT * FROM `tp_customs` WHERE ( `agentid` = 0 ) AND ( `type` = 3 ) LIMIT 1   [ RunTime:0.000000s ]
SQL: SELECT * FROM `tp_customs` WHERE ( `agentid` = 0 ) AND ( `type` = 4 ) LIMIT 1   [ RunTime:0.000000s ]
SQL: SELECT * FROM `tp_customs` WHERE ( `agentid` = 0 ) AND ( `type` = 5 ) LIMIT 1   [ RunTime:0.000000s ]
SQL: SELECT * FROM `tp_customs` WHERE ( `agentid` = 0 ) AND ( `type` = 6 ) LIMIT 1   [ RunTime:0.000000s ]
NOTIC: [8] Undefined index: showNotice D:\webset\CMS\dogcms\Lib\Action\Home\IndexAction.class.php 第 91 行.
SQL: SHOW COLUMNS FROM `tp_links` [ RunTime:0.003906s ]
SQL: SELECT * FROM `tp_links` WHERE ( `status` = 1 ) AND ( `agentid` = 0 )  [ RunTime:0.000977s ]
SQL: SHOW COLUMNS FROM `tp_renew` [ RunTime:0.024415s ]
SQL: SHOW COLUMNS FROM `tp_banners` [ RunTime:0.015625s ]
SQL: SHOW COLUMNS FROM `tp_case` [ RunTime:0.106450s ]
SQL: SELECT * FROM `tp_renew` WHERE ( `agentid` = 0 ) ORDER BY id DESC LIMIT 5   [ RunTime:0.000000s ]
SQL: SELECT * FROM `tp_banners` WHERE ( `status` = 1 ) AND ( `agentid` = 0 ) ORDER BY id DESC  [ RunTime:0.000000s ]
SQL: SELECT * FROM `tp_case` WHERE ( `status` = 1 ) AND ( `agentid` = 0 ) ORDER BY id DESC LIMIT 10   [ RunTime:0.000000s ]
SQL: SHOW COLUMNS FROM `tp_news` [ RunTime:0.018556s ]
SQL: SELECT * FROM `tp_news` LIMIT 1   [ RunTime:0.000000s ]
SQL: SHOW COLUMNS FROM `tp_img` [ RunTime:0.003906s ]
SQL: SELECT * FROM `tp_img` WHERE ( `classid` = null ) ORDER BY id DESC LIMIT 5   [ RunTime:0.000000s ]
SQL: SELECT * FROM `tp_img` WHERE ( `classid` = null ) ORDER BY id DESC LIMIT 5   [ RunTime:0.000977s ]
SQL: SELECT * FROM `tp_img` WHERE ( `classid` = null ) ORDER BY id DESC LIMIT 5   [ RunTime:0.000000s ]
INFO: [ view_template ] --START--
INFO: Run LocationTemplate Behavior [ RunTime:-0.529317s ]
INFO: [ view_template ] --END-- [ RunTime:0.020509s ]
INFO: [ view_parse ] --START--
INFO: Run ParseTemplate Behavior [ RunTime:-0.549826s ]
INFO: [ view_parse ] --END-- [ RunTime:0.055666s ]
INFO: [ view_filter ] --START--
INFO: Run ContentReplace Behavior [ RunTime:-0.605492s ]
INFO: Run TokenBuild Behavior [ RunTime:-0.607445s ]
INFO: Run WriteHtmlCache Behavior [ RunTime:-0.620141s ]
INFO: Run ShowRuntime Behavior [ RunTime:-0.622094s ]
INFO: [ view_filter ] --END-- [ RunTime:0.023438s ]
SQL: SHOW COLUMNS FROM `tp_susceptible` [ RunTime:0.001954s ]
SQL: SELECT * FROM `tp_susceptible` LIMIT 1   [ RunTime:0.001953s ]
SQL: SELECT `word` FROM `tp_susceptible` WHERE ( `state` = 1 )  [ RunTime:0.000977s ]
NOTIC: [2] unlink(./Conf/logs/Temp/0/6/067efd6ffbb9b42e963ddba7e754f7e8.php): No such file or directory D:\webset\CMS\Lib\Driver\Cache\CacheFile.class.php 第 176 行.
NOTIC: [8] Undefined variable: word_array D:\webset\CMS\dogcms\Lib\ORG\Susceptible.class.php 第 45 行.
NOTIC: [8] Undefined variable: xing_array D:\webset\CMS\dogcms\Lib\ORG\Susceptible.class.php 第 45 行.
INFO: [ view_end ] --START--
INFO: Run ShowPageTrace Behavior [ RunTime:-0.681667s ]
INFO: [ view_end ] --END-- [ RunTime:0.001953s ]
INFO: [ app_end ] --START--
INFO: Run AccessCount Behavior [ RunTime:-0.683620s ]
INFO: [ app_end ] --END-- [ RunTime:0.004883s ]

[ 2016-03-14T21:37:44+08:00 ] 119.147.207.158 /
SQL: SHOW COLUMNS FROM `tp_agent` [ RunTime:0.002930s ]
SQL: SELECT * FROM `tp_agent` WHERE ( `siteurl` = 'http://cms.yulihome.com' ) LIMIT 1   [ RunTime:0.000000s ]
INFO: [ app_begin ] --START--
INFO: Run ReadHtmlCache Behavior [ RunTime:0.000977s ]
INFO: [ app_begin ] --END-- [ RunTime:0.000977s ]
SQL: SHOW COLUMNS FROM `tp_agent` [ RunTime:0.001953s ]
SQL: SELECT * FROM `tp_agent` WHERE ( `siteurl` = 'http://cms.yulihome.com' ) LIMIT 1   [ RunTime:0.000000s ]
NOTIC: [8] Undefined index: cms.yulihome.comnomsite D:\webset\CMS\dogcms\Lib\Action\BaseAction.class.php 第 39 行.
SQL: SHOW COLUMNS FROM `tp_mobilesite` [ RunTime:0.001953s ]
NOTIC: [8] Undefined index: cms.yulihome.com D:\webset\CMS\dogcms\Lib\Action\BaseAction.class.php 第 376 行.
SQL: SELECT * FROM `tp_mobilesite` WHERE ( `owndomain` = 'cms.yulihome.com' ) LIMIT 1   [ RunTime:0.000000s ]
SQL: SELECT * FROM `tp_agent` WHERE ( `siteurl` = 'http://cms.yulihome.com' ) LIMIT 1   [ RunTime:0.000000s ]
NOTIC: [8] Constant STATICS already defined D:\webset\CMS\dogcms\Lib\Action\BaseAction.class.php 第 128 行.
SQL: SHOW COLUMNS FROM `tp_customs` [ RunTime:0.001953s ]
SQL: SHOW COLUMNS FROM `tp_images` [ RunTime:0.001953s ]
SQL: SELECT * FROM `tp_images` WHERE ( `agentid` = 0 ) LIMIT 1   [ RunTime:0.000977s ]
SQL: SELECT * FROM `tp_customs` WHERE ( `agentid` = 0 ) AND ( `type` = 1 ) LIMIT 1   [ RunTime:0.000000s ]
SQL: SELECT * FROM `tp_customs` WHERE ( `agentid` = 0 ) AND ( `type` = 2 ) LIMIT 1   [ RunTime:0.000000s ]
SQL: SELECT * FROM `tp_customs` WHERE ( `agentid` = 0 ) AND ( `type` = 3 ) LIMIT 1   [ RunTime:0.000976s ]
SQL: SELECT * FROM `tp_customs` WHERE ( `agentid` = 0 ) AND ( `type` = 4 ) LIMIT 1   [ RunTime:0.000000s ]
SQL: SELECT * FROM `tp_customs` WHERE ( `agentid` = 0 ) AND ( `type` = 5 ) LIMIT 1   [ RunTime:0.000000s ]
SQL: SELECT * FROM `tp_customs` WHERE ( `agentid` = 0 ) AND ( `type` = 6 ) LIMIT 1   [ RunTime:0.000977s ]
NOTIC: [8] Undefined index: showNotice D:\webset\CMS\dogcms\Lib\Action\Home\IndexAction.class.php 第 91 行.
SQL: SHOW COLUMNS FROM `tp_links` [ RunTime:0.001953s ]
SQL: SELECT * FROM `tp_links` WHERE ( `status` = 1 ) AND ( `agentid` = 0 )  [ RunTime:0.000000s ]
SQL: SHOW COLUMNS FROM `tp_renew` [ RunTime:0.000976s ]
SQL: SHOW COLUMNS FROM `tp_banners` [ RunTime:0.001953s ]
SQL: SHOW COLUMNS FROM `tp_case` [ RunTime:0.001954s ]
SQL: SELECT * FROM `tp_renew` WHERE ( `agentid` = 0 ) ORDER BY id DESC LIMIT 5   [ RunTime:0.000000s ]
SQL: SELECT * FROM `tp_banners` WHERE ( `status` = 1 ) AND ( `agentid` = 0 ) ORDER BY id DESC  [ RunTime:0.000976s ]
SQL: SELECT * FROM `tp_case` WHERE ( `status` = 1 ) AND ( `agentid` = 0 ) ORDER BY id DESC LIMIT 10   [ RunTime:0.000000s ]
SQL: SHOW COLUMNS FROM `tp_news` [ RunTime:0.001953s ]
SQL: SELECT * FROM `tp_news` LIMIT 1   [ RunTime:0.000977s ]
SQL: SHOW COLUMNS FROM `tp_img` [ RunTime:0.001953s ]
SQL: SELECT * FROM `tp_img` WHERE ( `classid` = null ) ORDER BY id DESC LIMIT 5   [ RunTime:0.000977s ]
SQL: SELECT * FROM `tp_img` WHERE ( `classid` = null ) ORDER BY id DESC LIMIT 5   [ RunTime:0.000000s ]
SQL: SELECT * FROM `tp_img` WHERE ( `classid` = null ) ORDER BY id DESC LIMIT 5   [ RunTime:0.000000s ]
INFO: [ view_template ] --START--
INFO: Run LocationTemplate Behavior [ RunTime:-0.053713s ]
INFO: [ view_template ] --END-- [ RunTime:0.000976s ]
INFO: [ view_parse ] --START--
INFO: Run ParseTemplate Behavior [ RunTime:-0.054689s ]
INFO: [ view_parse ] --END-- [ RunTime:0.019532s ]
INFO: [ view_filter ] --START--
INFO: Run ContentReplace Behavior [ RunTime:-0.074221s ]
INFO: Run TokenBuild Behavior [ RunTime:-0.074221s ]
INFO: Run WriteHtmlCache Behavior [ RunTime:-0.075198s ]
INFO: Run ShowRuntime Behavior [ RunTime:-0.075198s ]
INFO: [ view_filter ] --END-- [ RunTime:0.001954s ]
SQL: SHOW COLUMNS FROM `tp_susceptible` [ RunTime:0.000977s ]
SQL: SELECT * FROM `tp_susceptible` LIMIT 1   [ RunTime:0.000000s ]
SQL: SELECT `word` FROM `tp_susceptible` WHERE ( `state` = 1 )  [ RunTime:0.000000s ]
NOTIC: [2] unlink(./Conf/logs/Temp/0/6/067efd6ffbb9b42e963ddba7e754f7e8.php): No such file or directory D:\webset\CMS\Lib\Driver\Cache\CacheFile.class.php 第 176 行.
NOTIC: [8] Undefined variable: word_array D:\webset\CMS\dogcms\Lib\ORG\Susceptible.class.php 第 45 行.
NOTIC: [8] Undefined variable: xing_array D:\webset\CMS\dogcms\Lib\ORG\Susceptible.class.php 第 45 行.
INFO: [ view_end ] --START--
INFO: Run ShowPageTrace Behavior [ RunTime:-0.081058s ]
INFO: [ view_end ] --END-- [ RunTime:0.000000s ]
INFO: [ app_end ] --START--
INFO: Run AccessCount Behavior [ RunTime:-0.081058s ]
INFO: [ app_end ] --END-- [ RunTime:0.000976s ]

