[ 2016-05-07T09:38:18+08:00 ] 121.42.0.34 /
SQL: SHOW COLUMNS FROM `tp_agent` [ RunTime:0.002930s ]
SQL: SELECT * FROM `tp_agent` WHERE ( `siteurl` = 'http://cms.yulihome.com' ) LIMIT 1   [ RunTime:0.000000s ]
INFO: [ app_begin ] --START--
INFO: Run ReadHtmlCache Behavior [ RunTime:0.000977s ]
INFO: [ app_begin ] --END-- [ RunTime:0.000977s ]
SQL: SHOW COLUMNS FROM `tp_agent` [ RunTime:0.001953s ]
SQL: SELECT * FROM `tp_agent` WHERE ( `siteurl` = 'http://cms.yulihome.com' ) LIMIT 1   [ RunTime:0.000000s ]
NOTIC: [8] Undefined index: cms.yulihome.comnomsite D:\webset\CMS\dogcms\Lib\Action\BaseAction.class.php 第 39 行.
SQL: SHOW COLUMNS FROM `tp_mobilesite` [ RunTime:0.031248s ]
NOTIC: [8] Undefined index: cms.yulihome.com D:\webset\CMS\dogcms\Lib\Action\BaseAction.class.php 第 376 行.
SQL: SELECT * FROM `tp_mobilesite` WHERE ( `owndomain` = 'cms.yulihome.com' ) LIMIT 1   [ RunTime:0.000000s ]
SQL: SELECT * FROM `tp_agent` WHERE ( `siteurl` = 'http://cms.yulihome.com' ) LIMIT 1   [ RunTime:0.000000s ]
NOTIC: [8] Constant STATICS already defined D:\webset\CMS\dogcms\Lib\Action\BaseAction.class.php 第 128 行.
SQL: SHOW COLUMNS FROM `tp_customs` [ RunTime:0.059567s ]
SQL: SHOW COLUMNS FROM `tp_images` [ RunTime:0.048825s ]
SQL: SELECT * FROM `tp_images` WHERE ( `agentid` = 0 ) LIMIT 1   [ RunTime:0.000000s ]
SQL: SELECT * FROM `tp_customs` WHERE ( `agentid` = 0 ) AND ( `type` = 1 ) LIMIT 1   [ RunTime:0.000000s ]
SQL: SELECT * FROM `tp_customs` WHERE ( `agentid` = 0 ) AND ( `type` = 2 ) LIMIT 1   [ RunTime:0.000000s ]
SQL: SELECT * FROM `tp_customs` WHERE ( `agentid` = 0 ) AND ( `type` = 3 ) LIMIT 1   [ RunTime:0.000000s ]
SQL: SELECT * FROM `tp_customs` WHERE ( `agentid` = 0 ) AND ( `type` = 4 ) LIMIT 1   [ RunTime:0.000976s ]
SQL: SELECT * FROM `tp_customs` WHERE ( `agentid` = 0 ) AND ( `type` = 5 ) LIMIT 1   [ RunTime:0.000000s ]
SQL: SELECT * FROM `tp_customs` WHERE ( `agentid` = 0 ) AND ( `type` = 6 ) LIMIT 1   [ RunTime:0.000000s ]
NOTIC: [8] Undefined index: showNotice D:\webset\CMS\dogcms\Lib\Action\Home\IndexAction.class.php 第 91 行.
SQL: SHOW COLUMNS FROM `tp_links` [ RunTime:0.011718s ]
SQL: SELECT * FROM `tp_links` WHERE ( `status` = 1 ) AND ( `agentid` = 0 )  [ RunTime:0.000976s ]
SQL: SHOW COLUMNS FROM `tp_renew` [ RunTime:0.044919s ]
SQL: SHOW COLUMNS FROM `tp_banners` [ RunTime:0.026366s ]
SQL: SHOW COLUMNS FROM `tp_case` [ RunTime:0.017577s ]
SQL: SELECT * FROM `tp_renew` WHERE ( `agentid` = 0 ) ORDER BY id DESC LIMIT 5   [ RunTime:0.000000s ]
SQL: SELECT * FROM `tp_banners` WHERE ( `status` = 1 ) AND ( `agentid` = 0 ) ORDER BY id DESC  [ RunTime:0.000976s ]
SQL: SELECT * FROM `tp_case` WHERE ( `status` = 1 ) AND ( `agentid` = 0 ) ORDER BY id DESC LIMIT 10   [ RunTime:0.000000s ]
SQL: SHOW COLUMNS FROM `tp_news` [ RunTime:0.009765s ]
SQL: SELECT * FROM `tp_news` LIMIT 1   [ RunTime:0.000000s ]
SQL: SHOW COLUMNS FROM `tp_img` [ RunTime:0.002930s ]
SQL: SELECT * FROM `tp_img` WHERE ( `classid` = null ) ORDER BY id DESC LIMIT 5   [ RunTime:0.000000s ]
SQL: SELECT * FROM `tp_img` WHERE ( `classid` = null ) ORDER BY id DESC LIMIT 5   [ RunTime:0.000000s ]
SQL: SELECT * FROM `tp_img` WHERE ( `classid` = null ) ORDER BY id DESC LIMIT 5   [ RunTime:0.000000s ]
INFO: [ view_template ] --START--
INFO: Run LocationTemplate Behavior [ RunTime:-0.320292s ]
INFO: [ view_template ] --END-- [ RunTime:0.024412s ]
INFO: [ view_parse ] --START--
INFO: Run ParseTemplate Behavior [ RunTime:-0.344704s ]
INFO: [ view_parse ] --END-- [ RunTime:0.076167s ]
INFO: [ view_filter ] --START--
INFO: Run ContentReplace Behavior [ RunTime:-0.420871s ]
INFO: Run TokenBuild Behavior [ RunTime:-0.422824s ]
INFO: Run WriteHtmlCache Behavior [ RunTime:-0.467743s ]
INFO: Run ShowRuntime Behavior [ RunTime:-0.478485s ]
INFO: [ view_filter ] --END-- [ RunTime:0.058590s ]
SQL: SHOW COLUMNS FROM `tp_susceptible` [ RunTime:0.015624s ]
SQL: SELECT * FROM `tp_susceptible` LIMIT 1   [ RunTime:0.001953s ]
SQL: SELECT `word` FROM `tp_susceptible` WHERE ( `state` = 1 )  [ RunTime:0.000976s ]
NOTIC: [2] unlink(./Conf/logs/Temp/0/6/067efd6ffbb9b42e963ddba7e754f7e8.php): No such file or directory D:\webset\CMS\Lib\Driver\Cache\CacheFile.class.php 第 176 行.
NOTIC: [8] Undefined variable: word_array D:\webset\CMS\dogcms\Lib\ORG\Susceptible.class.php 第 45 行.
NOTIC: [8] Undefined variable: xing_array D:\webset\CMS\dogcms\Lib\ORG\Susceptible.class.php 第 45 行.
INFO: [ view_end ] --START--
INFO: Run ShowPageTrace Behavior [ RunTime:-0.536098s ]
INFO: [ view_end ] --END-- [ RunTime:0.001953s ]
INFO: [ app_end ] --START--
INFO: Run AccessCount Behavior [ RunTime:-0.539028s ]
INFO: [ app_end ] --END-- [ RunTime:0.002930s ]

[ 2016-05-07T09:55:04+08:00 ] 121.42.0.35 /
SQL: SHOW COLUMNS FROM `tp_agent` [ RunTime:0.002930s ]
SQL: SELECT * FROM `tp_agent` WHERE ( `siteurl` = 'http://cms.yulihome.com' ) LIMIT 1   [ RunTime:0.000976s ]
INFO: [ app_begin ] --START--
INFO: Run ReadHtmlCache Behavior [ RunTime:0.000000s ]
INFO: [ app_begin ] --END-- [ RunTime:0.000000s ]
SQL: SHOW COLUMNS FROM `tp_agent` [ RunTime:0.003906s ]
SQL: SELECT * FROM `tp_agent` WHERE ( `siteurl` = 'http://cms.yulihome.com' ) LIMIT 1   [ RunTime:0.000000s ]
NOTIC: [8] Undefined index: cms.yulihome.comnomsite D:\webset\CMS\dogcms\Lib\Action\BaseAction.class.php 第 39 行.
SQL: SHOW COLUMNS FROM `tp_mobilesite` [ RunTime:0.003906s ]
NOTIC: [8] Undefined index: cms.yulihome.com D:\webset\CMS\dogcms\Lib\Action\BaseAction.class.php 第 376 行.
SQL: SELECT * FROM `tp_mobilesite` WHERE ( `owndomain` = 'cms.yulihome.com' ) LIMIT 1   [ RunTime:0.000000s ]
SQL: SELECT * FROM `tp_agent` WHERE ( `siteurl` = 'http://cms.yulihome.com' ) LIMIT 1   [ RunTime:0.000000s ]
NOTIC: [8] Constant STATICS already defined D:\webset\CMS\dogcms\Lib\Action\BaseAction.class.php 第 128 行.
SQL: SHOW COLUMNS FROM `tp_customs` [ RunTime:0.002930s ]
SQL: SHOW COLUMNS FROM `tp_images` [ RunTime:0.001953s ]
SQL: SELECT * FROM `tp_images` WHERE ( `agentid` = 0 ) LIMIT 1   [ RunTime:0.000000s ]
SQL: SELECT * FROM `tp_customs` WHERE ( `agentid` = 0 ) AND ( `type` = 1 ) LIMIT 1   [ RunTime:0.000000s ]
SQL: SELECT * FROM `tp_customs` WHERE ( `agentid` = 0 ) AND ( `type` = 2 ) LIMIT 1   [ RunTime:0.000000s ]
SQL: SELECT * FROM `tp_customs` WHERE ( `agentid` = 0 ) AND ( `type` = 3 ) LIMIT 1   [ RunTime:0.000000s ]
SQL: SELECT * FROM `tp_customs` WHERE ( `agentid` = 0 ) AND ( `type` = 4 ) LIMIT 1   [ RunTime:0.000000s ]
SQL: SELECT * FROM `tp_customs` WHERE ( `agentid` = 0 ) AND ( `type` = 5 ) LIMIT 1   [ RunTime:0.000000s ]
SQL: SELECT * FROM `tp_customs` WHERE ( `agentid` = 0 ) AND ( `type` = 6 ) LIMIT 1   [ RunTime:0.000000s ]
NOTIC: [8] Undefined index: showNotice D:\webset\CMS\dogcms\Lib\Action\Home\IndexAction.class.php 第 91 行.
SQL: SHOW COLUMNS FROM `tp_links` [ RunTime:0.001953s ]
SQL: SELECT * FROM `tp_links` WHERE ( `status` = 1 ) AND ( `agentid` = 0 )  [ RunTime:0.000000s ]
SQL: SHOW COLUMNS FROM `tp_renew` [ RunTime:0.001953s ]
SQL: SHOW COLUMNS FROM `tp_banners` [ RunTime:0.001953s ]
SQL: SHOW COLUMNS FROM `tp_case` [ RunTime:0.001954s ]
SQL: SELECT * FROM `tp_renew` WHERE ( `agentid` = 0 ) ORDER BY id DESC LIMIT 5   [ RunTime:0.000000s ]
SQL: SELECT * FROM `tp_banners` WHERE ( `status` = 1 ) AND ( `agentid` = 0 ) ORDER BY id DESC  [ RunTime:0.000976s ]
SQL: SELECT * FROM `tp_case` WHERE ( `status` = 1 ) AND ( `agentid` = 0 ) ORDER BY id DESC LIMIT 10   [ RunTime:0.000000s ]
SQL: SHOW COLUMNS FROM `tp_news` [ RunTime:0.001953s ]
SQL: SELECT * FROM `tp_news` LIMIT 1   [ RunTime:0.000977s ]
SQL: SHOW COLUMNS FROM `tp_img` [ RunTime:0.001953s ]
SQL: SELECT * FROM `tp_img` WHERE ( `classid` = null ) ORDER BY id DESC LIMIT 5   [ RunTime:0.000977s ]
SQL: SELECT * FROM `tp_img` WHERE ( `classid` = null ) ORDER BY id DESC LIMIT 5   [ RunTime:0.000000s ]
SQL: SELECT * FROM `tp_img` WHERE ( `classid` = null ) ORDER BY id DESC LIMIT 5   [ RunTime:0.000000s ]
INFO: [ view_template ] --START--
INFO: Run LocationTemplate Behavior [ RunTime:-0.068362s ]
INFO: [ view_template ] --END-- [ RunTime:0.000000s ]
INFO: [ view_parse ] --START--
INFO: Run ParseTemplate Behavior [ RunTime:-0.068362s ]
INFO: [ view_parse ] --END-- [ RunTime:0.020509s ]
INFO: [ view_filter ] --START--
INFO: Run ContentReplace Behavior [ RunTime:-0.088871s ]
INFO: Run TokenBuild Behavior [ RunTime:-0.089848s ]
INFO: Run WriteHtmlCache Behavior [ RunTime:-0.090824s ]
INFO: Run ShowRuntime Behavior [ RunTime:-0.090824s ]
INFO: [ view_filter ] --END-- [ RunTime:0.001953s ]
SQL: SHOW COLUMNS FROM `tp_susceptible` [ RunTime:0.001953s ]
SQL: SELECT * FROM `tp_susceptible` LIMIT 1   [ RunTime:0.000000s ]
SQL: SELECT `word` FROM `tp_susceptible` WHERE ( `state` = 1 )  [ RunTime:0.000000s ]
NOTIC: [2] unlink(./Conf/logs/Temp/0/6/067efd6ffbb9b42e963ddba7e754f7e8.php): No such file or directory D:\webset\CMS\Lib\Driver\Cache\CacheFile.class.php 第 176 行.
NOTIC: [8] Undefined variable: word_array D:\webset\CMS\dogcms\Lib\ORG\Susceptible.class.php 第 45 行.
NOTIC: [8] Undefined variable: xing_array D:\webset\CMS\dogcms\Lib\ORG\Susceptible.class.php 第 45 行.
INFO: [ view_end ] --START--
INFO: Run ShowPageTrace Behavior [ RunTime:-0.096684s ]
INFO: [ view_end ] --END-- [ RunTime:0.000976s ]
INFO: [ app_end ] --START--
INFO: Run AccessCount Behavior [ RunTime:-0.097660s ]
INFO: [ app_end ] --END-- [ RunTime:0.000977s ]

[ 2016-05-07T15:08:01+08:00 ] 121.42.0.35 /
SQL: SHOW COLUMNS FROM `tp_agent` [ RunTime:0.034181s ]
SQL: SELECT * FROM `tp_agent` WHERE ( `siteurl` = 'http://cms.yulihome.com' ) LIMIT 1   [ RunTime:0.000000s ]
INFO: [ app_begin ] --START--
INFO: Run ReadHtmlCache Behavior [ RunTime:0.003906s ]
INFO: [ app_begin ] --END-- [ RunTime:0.003906s ]
SQL: SHOW COLUMNS FROM `tp_agent` [ RunTime:0.001953s ]
SQL: SELECT * FROM `tp_agent` WHERE ( `siteurl` = 'http://cms.yulihome.com' ) LIMIT 1   [ RunTime:0.000977s ]
NOTIC: [8] Undefined index: cms.yulihome.comnomsite D:\webset\CMS\dogcms\Lib\Action\BaseAction.class.php 第 39 行.
SQL: SHOW COLUMNS FROM `tp_mobilesite` [ RunTime:0.031251s ]
NOTIC: [8] Undefined index: cms.yulihome.com D:\webset\CMS\dogcms\Lib\Action\BaseAction.class.php 第 376 行.
SQL: SELECT * FROM `tp_mobilesite` WHERE ( `owndomain` = 'cms.yulihome.com' ) LIMIT 1   [ RunTime:0.000000s ]
SQL: SELECT * FROM `tp_agent` WHERE ( `siteurl` = 'http://cms.yulihome.com' ) LIMIT 1   [ RunTime:0.000976s ]
NOTIC: [8] Constant STATICS already defined D:\webset\CMS\dogcms\Lib\Action\BaseAction.class.php 第 128 行.
SQL: SHOW COLUMNS FROM `tp_customs` [ RunTime:0.033205s ]
SQL: SHOW COLUMNS FROM `tp_images` [ RunTime:0.038087s ]
SQL: SELECT * FROM `tp_images` WHERE ( `agentid` = 0 ) LIMIT 1   [ RunTime:0.000977s ]
SQL: SELECT * FROM `tp_customs` WHERE ( `agentid` = 0 ) AND ( `type` = 1 ) LIMIT 1   [ RunTime:0.000000s ]
SQL: SELECT * FROM `tp_customs` WHERE ( `agentid` = 0 ) AND ( `type` = 2 ) LIMIT 1   [ RunTime:0.000000s ]
SQL: SELECT * FROM `tp_customs` WHERE ( `agentid` = 0 ) AND ( `type` = 3 ) LIMIT 1   [ RunTime:0.000000s ]
SQL: SELECT * FROM `tp_customs` WHERE ( `agentid` = 0 ) AND ( `type` = 4 ) LIMIT 1   [ RunTime:0.000000s ]
SQL: SELECT * FROM `tp_customs` WHERE ( `agentid` = 0 ) AND ( `type` = 5 ) LIMIT 1   [ RunTime:0.000977s ]
SQL: SELECT * FROM `tp_customs` WHERE ( `agentid` = 0 ) AND ( `type` = 6 ) LIMIT 1   [ RunTime:0.000000s ]
NOTIC: [8] Undefined index: showNotice D:\webset\CMS\dogcms\Lib\Action\Home\IndexAction.class.php 第 91 行.
SQL: SHOW COLUMNS FROM `tp_links` [ RunTime:0.009766s ]
SQL: SELECT * FROM `tp_links` WHERE ( `status` = 1 ) AND ( `agentid` = 0 )  [ RunTime:0.000000s ]
SQL: SHOW COLUMNS FROM `tp_renew` [ RunTime:0.019532s ]
SQL: SHOW COLUMNS FROM `tp_banners` [ RunTime:0.017579s ]
SQL: SHOW COLUMNS FROM `tp_case` [ RunTime:0.010742s ]
SQL: SELECT * FROM `tp_renew` WHERE ( `agentid` = 0 ) ORDER BY id DESC LIMIT 5   [ RunTime:0.000000s ]
SQL: SELECT * FROM `tp_banners` WHERE ( `status` = 1 ) AND ( `agentid` = 0 ) ORDER BY id DESC  [ RunTime:0.000000s ]
SQL: SELECT * FROM `tp_case` WHERE ( `status` = 1 ) AND ( `agentid` = 0 ) ORDER BY id DESC LIMIT 10   [ RunTime:0.000000s ]
SQL: SHOW COLUMNS FROM `tp_news` [ RunTime:0.006836s ]
SQL: SELECT * FROM `tp_news` LIMIT 1   [ RunTime:0.000000s ]
SQL: SHOW COLUMNS FROM `tp_img` [ RunTime:0.002930s ]
SQL: SELECT * FROM `tp_img` WHERE ( `classid` = null ) ORDER BY id DESC LIMIT 5   [ RunTime:0.000000s ]
SQL: SELECT * FROM `tp_img` WHERE ( `classid` = null ) ORDER BY id DESC LIMIT 5   [ RunTime:0.000976s ]
SQL: SELECT * FROM `tp_img` WHERE ( `classid` = null ) ORDER BY id DESC LIMIT 5   [ RunTime:0.000000s ]
INFO: [ view_template ] --START--
INFO: Run LocationTemplate Behavior [ RunTime:-0.256846s ]
INFO: [ view_template ] --END-- [ RunTime:0.009766s ]
INFO: [ view_parse ] --START--
INFO: Run ParseTemplate Behavior [ RunTime:-0.267589s ]
INFO: [ view_parse ] --END-- [ RunTime:0.041017s ]
INFO: [ view_filter ] --START--
INFO: Run ContentReplace Behavior [ RunTime:-0.308606s ]
INFO: Run TokenBuild Behavior [ RunTime:-0.310559s ]
INFO: Run WriteHtmlCache Behavior [ RunTime:-0.324232s ]
INFO: Run ShowRuntime Behavior [ RunTime:-0.325208s ]
INFO: [ view_filter ] --END-- [ RunTime:0.023438s ]
SQL: SHOW COLUMNS FROM `tp_susceptible` [ RunTime:0.001953s ]
SQL: SELECT * FROM `tp_susceptible` LIMIT 1   [ RunTime:0.001953s ]
SQL: SELECT `word` FROM `tp_susceptible` WHERE ( `state` = 1 )  [ RunTime:0.000977s ]
NOTIC: [2] unlink(./Conf/logs/Temp/0/6/067efd6ffbb9b42e963ddba7e754f7e8.php): No such file or directory D:\webset\CMS\Lib\Driver\Cache\CacheFile.class.php 第 176 行.
NOTIC: [8] Undefined variable: word_array D:\webset\CMS\dogcms\Lib\ORG\Susceptible.class.php 第 45 行.
NOTIC: [8] Undefined variable: xing_array D:\webset\CMS\dogcms\Lib\ORG\Susceptible.class.php 第 45 行.
INFO: [ view_end ] --START--
INFO: Run ShowPageTrace Behavior [ RunTime:-0.375015s ]
INFO: [ view_end ] --END-- [ RunTime:0.010742s ]
INFO: [ app_end ] --START--
INFO: Run AccessCount Behavior [ RunTime:-0.385757s ]
INFO: [ app_end ] --END-- [ RunTime:0.002930s ]

[ 2016-05-07T20:27:06+08:00 ] 121.42.0.34 /
SQL: SHOW COLUMNS FROM `tp_agent` [ RunTime:0.060543s ]
SQL: SELECT * FROM `tp_agent` WHERE ( `siteurl` = 'http://cms.yulihome.com' ) LIMIT 1   [ RunTime:0.000977s ]
INFO: [ app_begin ] --START--
INFO: Run ReadHtmlCache Behavior [ RunTime:0.002930s ]
INFO: [ app_begin ] --END-- [ RunTime:0.002930s ]
SQL: SHOW COLUMNS FROM `tp_agent` [ RunTime:0.001953s ]
SQL: SELECT * FROM `tp_agent` WHERE ( `siteurl` = 'http://cms.yulihome.com' ) LIMIT 1   [ RunTime:0.000000s ]
NOTIC: [8] Undefined index: cms.yulihome.comnomsite D:\webset\CMS\dogcms\Lib\Action\BaseAction.class.php 第 39 行.
SQL: SHOW COLUMNS FROM `tp_mobilesite` [ RunTime:0.029295s ]
NOTIC: [8] Undefined index: cms.yulihome.com D:\webset\CMS\dogcms\Lib\Action\BaseAction.class.php 第 376 行.
SQL: SELECT * FROM `tp_mobilesite` WHERE ( `owndomain` = 'cms.yulihome.com' ) LIMIT 1   [ RunTime:0.000000s ]
SQL: SELECT * FROM `tp_agent` WHERE ( `siteurl` = 'http://cms.yulihome.com' ) LIMIT 1   [ RunTime:0.000000s ]
NOTIC: [8] Constant STATICS already defined D:\webset\CMS\dogcms\Lib\Action\BaseAction.class.php 第 128 行.
SQL: SHOW COLUMNS FROM `tp_customs` [ RunTime:0.054684s ]
SQL: SHOW COLUMNS FROM `tp_images` [ RunTime:0.043942s ]
SQL: SELECT * FROM `tp_images` WHERE ( `agentid` = 0 ) LIMIT 1   [ RunTime:0.000000s ]
SQL: SELECT * FROM `tp_customs` WHERE ( `agentid` = 0 ) AND ( `type` = 1 ) LIMIT 1   [ RunTime:0.000977s ]
SQL: SELECT * FROM `tp_customs` WHERE ( `agentid` = 0 ) AND ( `type` = 2 ) LIMIT 1   [ RunTime:0.000000s ]
SQL: SELECT * FROM `tp_customs` WHERE ( `agentid` = 0 ) AND ( `type` = 3 ) LIMIT 1   [ RunTime:0.000000s ]
SQL: SELECT * FROM `tp_customs` WHERE ( `agentid` = 0 ) AND ( `type` = 4 ) LIMIT 1   [ RunTime:0.000976s ]
SQL: SELECT * FROM `tp_customs` WHERE ( `agentid` = 0 ) AND ( `type` = 5 ) LIMIT 1   [ RunTime:0.000000s ]
SQL: SELECT * FROM `tp_customs` WHERE ( `agentid` = 0 ) AND ( `type` = 6 ) LIMIT 1   [ RunTime:0.000000s ]
NOTIC: [8] Undefined index: showNotice D:\webset\CMS\dogcms\Lib\Action\Home\IndexAction.class.php 第 91 行.
SQL: SHOW COLUMNS FROM `tp_links` [ RunTime:0.016601s ]
SQL: SELECT * FROM `tp_links` WHERE ( `status` = 1 ) AND ( `agentid` = 0 )  [ RunTime:0.000976s ]
SQL: SHOW COLUMNS FROM `tp_renew` [ RunTime:0.023436s ]
SQL: SHOW COLUMNS FROM `tp_banners` [ RunTime:0.017577s ]
SQL: SHOW COLUMNS FROM `tp_case` [ RunTime:0.025389s ]
SQL: SELECT * FROM `tp_renew` WHERE ( `agentid` = 0 ) ORDER BY id DESC LIMIT 5   [ RunTime:0.002929s ]
SQL: SELECT * FROM `tp_banners` WHERE ( `status` = 1 ) AND ( `agentid` = 0 ) ORDER BY id DESC  [ RunTime:0.000000s ]
SQL: SELECT * FROM `tp_case` WHERE ( `status` = 1 ) AND ( `agentid` = 0 ) ORDER BY id DESC LIMIT 10   [ RunTime:0.000977s ]
SQL: SHOW COLUMNS FROM `tp_news` [ RunTime:0.007812s ]
SQL: SELECT * FROM `tp_news` LIMIT 1   [ RunTime:0.000000s ]
SQL: SHOW COLUMNS FROM `tp_img` [ RunTime:0.010741s ]
SQL: SELECT * FROM `tp_img` WHERE ( `classid` = null ) ORDER BY id DESC LIMIT 5   [ RunTime:0.000977s ]
SQL: SELECT * FROM `tp_img` WHERE ( `classid` = null ) ORDER BY id DESC LIMIT 5   [ RunTime:0.000000s ]
SQL: SELECT * FROM `tp_img` WHERE ( `classid` = null ) ORDER BY id DESC LIMIT 5   [ RunTime:0.000000s ]
INFO: [ view_template ] --START--
INFO: Run LocationTemplate Behavior [ RunTime:-0.356422s ]
INFO: [ view_template ] --END-- [ RunTime:0.067379s ]
INFO: [ view_parse ] --START--
INFO: Run ParseTemplate Behavior [ RunTime:-0.423801s ]
INFO: [ view_parse ] --END-- [ RunTime:0.053707s ]
INFO: [ view_filter ] --START--
INFO: Run ContentReplace Behavior [ RunTime:-0.477508s ]
INFO: Run TokenBuild Behavior [ RunTime:-0.478485s ]
INFO: Run WriteHtmlCache Behavior [ RunTime:-0.487273s ]
INFO: Run ShowRuntime Behavior [ RunTime:-0.488250s ]
INFO: [ view_filter ] --END-- [ RunTime:0.017577s ]
SQL: SHOW COLUMNS FROM `tp_susceptible` [ RunTime:0.001953s ]
SQL: SELECT * FROM `tp_susceptible` LIMIT 1   [ RunTime:0.001953s ]
SQL: SELECT `word` FROM `tp_susceptible` WHERE ( `state` = 1 )  [ RunTime:0.000977s ]
NOTIC: [2] unlink(./Conf/logs/Temp/0/6/067efd6ffbb9b42e963ddba7e754f7e8.php): No such file or directory D:\webset\CMS\Lib\Driver\Cache\CacheFile.class.php 第 176 行.
NOTIC: [8] Undefined variable: word_array D:\webset\CMS\dogcms\Lib\ORG\Susceptible.class.php 第 45 行.
NOTIC: [8] Undefined variable: xing_array D:\webset\CMS\dogcms\Lib\ORG\Susceptible.class.php 第 45 行.
INFO: [ view_end ] --START--
INFO: Run ShowPageTrace Behavior [ RunTime:-0.540981s ]
INFO: [ view_end ] --END-- [ RunTime:0.003906s ]
INFO: [ app_end ] --START--
INFO: Run AccessCount Behavior [ RunTime:-0.544887s ]
INFO: [ app_end ] --END-- [ RunTime:0.009765s ]

