[ 2016-03-19T05:54:56+08:00 ] 121.42.0.34 /
SQL: SHOW COLUMNS FROM `tp_agent` [ RunTime:0.067385s ]
SQL: SELECT * FROM `tp_agent` WHERE ( `siteurl` = 'http://cms.yulihome.com' ) LIMIT 1   [ RunTime:0.000976s ]
INFO: [ app_begin ] --START--
INFO: Run ReadHtmlCache Behavior [ RunTime:0.002930s ]
INFO: [ app_begin ] --END-- [ RunTime:0.002930s ]
SQL: SHOW COLUMNS FROM `tp_agent` [ RunTime:0.001953s ]
SQL: SELECT * FROM `tp_agent` WHERE ( `siteurl` = 'http://cms.yulihome.com' ) LIMIT 1   [ RunTime:0.000000s ]
NOTIC: [8] Undefined index: cms.yulihome.comnomsite D:\webset\CMS\dogcms\Lib\Action\BaseAction.class.php 第 39 行.
SQL: SHOW COLUMNS FROM `tp_mobilesite` [ RunTime:0.056642s ]
NOTIC: [8] Undefined index: cms.yulihome.com D:\webset\CMS\dogcms\Lib\Action\BaseAction.class.php 第 376 行.
SQL: SELECT * FROM `tp_mobilesite` WHERE ( `owndomain` = 'cms.yulihome.com' ) LIMIT 1   [ RunTime:0.000000s ]
SQL: SELECT * FROM `tp_agent` WHERE ( `siteurl` = 'http://cms.yulihome.com' ) LIMIT 1   [ RunTime:0.000000s ]
NOTIC: [8] Constant STATICS already defined D:\webset\CMS\dogcms\Lib\Action\BaseAction.class.php 第 128 行.
SQL: SHOW COLUMNS FROM `tp_customs` [ RunTime:0.041017s ]
SQL: SHOW COLUMNS FROM `tp_images` [ RunTime:0.036134s ]
SQL: SELECT * FROM `tp_images` WHERE ( `agentid` = 0 ) LIMIT 1   [ RunTime:0.000977s ]
SQL: SELECT * FROM `tp_customs` WHERE ( `agentid` = 0 ) AND ( `type` = 1 ) LIMIT 1   [ RunTime:0.000000s ]
SQL: SELECT * FROM `tp_customs` WHERE ( `agentid` = 0 ) AND ( `type` = 2 ) LIMIT 1   [ RunTime:0.000000s ]
SQL: SELECT * FROM `tp_customs` WHERE ( `agentid` = 0 ) AND ( `type` = 3 ) LIMIT 1   [ RunTime:0.000000s ]
SQL: SELECT * FROM `tp_customs` WHERE ( `agentid` = 0 ) AND ( `type` = 4 ) LIMIT 1   [ RunTime:0.000000s ]
SQL: SELECT * FROM `tp_customs` WHERE ( `agentid` = 0 ) AND ( `type` = 5 ) LIMIT 1   [ RunTime:0.000977s ]
SQL: SELECT * FROM `tp_customs` WHERE ( `agentid` = 0 ) AND ( `type` = 6 ) LIMIT 1   [ RunTime:0.000000s ]
NOTIC: [8] Undefined index: showNotice D:\webset\CMS\dogcms\Lib\Action\Home\IndexAction.class.php 第 91 行.
SQL: SHOW COLUMNS FROM `tp_links` [ RunTime:0.024415s ]
SQL: SELECT * FROM `tp_links` WHERE ( `status` = 1 ) AND ( `agentid` = 0 )  [ RunTime:0.000000s ]
SQL: SHOW COLUMNS FROM `tp_renew` [ RunTime:0.020509s ]
SQL: SHOW COLUMNS FROM `tp_banners` [ RunTime:0.016602s ]
SQL: SHOW COLUMNS FROM `tp_case` [ RunTime:0.042971s ]
SQL: SELECT * FROM `tp_renew` WHERE ( `agentid` = 0 ) ORDER BY id DESC LIMIT 5   [ RunTime:0.000000s ]
SQL: SELECT * FROM `tp_banners` WHERE ( `status` = 1 ) AND ( `agentid` = 0 ) ORDER BY id DESC  [ RunTime:0.000000s ]
SQL: SELECT * FROM `tp_case` WHERE ( `status` = 1 ) AND ( `agentid` = 0 ) ORDER BY id DESC LIMIT 10   [ RunTime:0.000000s ]
SQL: SHOW COLUMNS FROM `tp_news` [ RunTime:0.013672s ]
SQL: SELECT * FROM `tp_news` LIMIT 1   [ RunTime:0.000000s ]
SQL: SHOW COLUMNS FROM `tp_img` [ RunTime:0.003907s ]
SQL: SELECT * FROM `tp_img` WHERE ( `classid` = null ) ORDER BY id DESC LIMIT 5   [ RunTime:0.000000s ]
SQL: SELECT * FROM `tp_img` WHERE ( `classid` = null ) ORDER BY id DESC LIMIT 5   [ RunTime:0.000976s ]
SQL: SELECT * FROM `tp_img` WHERE ( `classid` = null ) ORDER BY id DESC LIMIT 5   [ RunTime:0.000000s ]
INFO: [ view_template ] --START--
INFO: Run LocationTemplate Behavior [ RunTime:-0.397476s ]
INFO: [ view_template ] --END-- [ RunTime:0.005860s ]
INFO: [ view_parse ] --START--
INFO: Run ParseTemplate Behavior [ RunTime:-0.403336s ]
INFO: [ view_parse ] --END-- [ RunTime:0.054689s ]
INFO: [ view_filter ] --START--
INFO: Run ContentReplace Behavior [ RunTime:-0.458025s ]
INFO: Run TokenBuild Behavior [ RunTime:-0.459979s ]
INFO: Run WriteHtmlCache Behavior [ RunTime:-0.468768s ]
INFO: Run ShowRuntime Behavior [ RunTime:-0.470721s ]
INFO: [ view_filter ] --END-- [ RunTime:0.019532s ]
SQL: SHOW COLUMNS FROM `tp_susceptible` [ RunTime:0.000976s ]
SQL: SELECT * FROM `tp_susceptible` LIMIT 1   [ RunTime:0.002930s ]
SQL: SELECT `word` FROM `tp_susceptible` WHERE ( `state` = 1 )  [ RunTime:0.000976s ]
NOTIC: [2] unlink(./Conf/logs/Temp/0/6/067efd6ffbb9b42e963ddba7e754f7e8.php): No such file or directory D:\webset\CMS\Lib\Driver\Cache\CacheFile.class.php 第 176 行.
NOTIC: [8] Undefined variable: word_array D:\webset\CMS\dogcms\Lib\ORG\Susceptible.class.php 第 45 行.
NOTIC: [8] Undefined variable: xing_array D:\webset\CMS\dogcms\Lib\ORG\Susceptible.class.php 第 45 行.
INFO: [ view_end ] --START--
INFO: Run ShowPageTrace Behavior [ RunTime:-0.532247s ]
INFO: [ view_end ] --END-- [ RunTime:0.002930s ]
INFO: [ app_end ] --START--
INFO: Run AccessCount Behavior [ RunTime:-0.535177s ]
INFO: [ app_end ] --END-- [ RunTime:0.008789s ]

[ 2016-03-19T08:31:04+08:00 ] 101.226.61.186 /
SQL: SHOW COLUMNS FROM `tp_agent` [ RunTime:0.004883s ]
SQL: SELECT * FROM `tp_agent` WHERE ( `siteurl` = 'http://cms.yulihome.com' ) LIMIT 1   [ RunTime:0.002930s ]
INFO: [ app_begin ] --START--
INFO: Run ReadHtmlCache Behavior [ RunTime:0.000000s ]
INFO: [ app_begin ] --END-- [ RunTime:0.000000s ]
SQL: SHOW COLUMNS FROM `tp_agent` [ RunTime:0.002929s ]
SQL: SELECT * FROM `tp_agent` WHERE ( `siteurl` = 'http://cms.yulihome.com' ) LIMIT 1   [ RunTime:0.002930s ]
NOTIC: [8] Undefined index: cms.yulihome.comnomsite D:\webset\CMS\dogcms\Lib\Action\BaseAction.class.php 第 39 行.
SQL: SHOW COLUMNS FROM `tp_mobilesite` [ RunTime:0.000976s ]
NOTIC: [8] Undefined index: cms.yulihome.com D:\webset\CMS\dogcms\Lib\Action\BaseAction.class.php 第 376 行.
SQL: SELECT * FROM `tp_mobilesite` WHERE ( `owndomain` = 'cms.yulihome.com' ) LIMIT 1   [ RunTime:0.000000s ]
SQL: SELECT * FROM `tp_agent` WHERE ( `siteurl` = 'http://cms.yulihome.com' ) LIMIT 1   [ RunTime:0.000000s ]
NOTIC: [8] Constant STATICS already defined D:\webset\CMS\dogcms\Lib\Action\BaseAction.class.php 第 128 行.
SQL: SHOW COLUMNS FROM `tp_customs` [ RunTime:0.000976s ]
SQL: SHOW COLUMNS FROM `tp_images` [ RunTime:0.000976s ]
SQL: SELECT * FROM `tp_images` WHERE ( `agentid` = 0 ) LIMIT 1   [ RunTime:0.000000s ]
SQL: SELECT * FROM `tp_customs` WHERE ( `agentid` = 0 ) AND ( `type` = 1 ) LIMIT 1   [ RunTime:0.000000s ]
SQL: SELECT * FROM `tp_customs` WHERE ( `agentid` = 0 ) AND ( `type` = 2 ) LIMIT 1   [ RunTime:0.000977s ]
SQL: SELECT * FROM `tp_customs` WHERE ( `agentid` = 0 ) AND ( `type` = 3 ) LIMIT 1   [ RunTime:0.000000s ]
SQL: SELECT * FROM `tp_customs` WHERE ( `agentid` = 0 ) AND ( `type` = 4 ) LIMIT 1   [ RunTime:0.000000s ]
SQL: SELECT * FROM `tp_customs` WHERE ( `agentid` = 0 ) AND ( `type` = 5 ) LIMIT 1   [ RunTime:0.000976s ]
SQL: SELECT * FROM `tp_customs` WHERE ( `agentid` = 0 ) AND ( `type` = 6 ) LIMIT 1   [ RunTime:0.000000s ]
NOTIC: [8] Undefined index: showNotice D:\webset\CMS\dogcms\Lib\Action\Home\IndexAction.class.php 第 91 行.
SQL: SHOW COLUMNS FROM `tp_links` [ RunTime:0.001953s ]
SQL: SELECT * FROM `tp_links` WHERE ( `status` = 1 ) AND ( `agentid` = 0 )  [ RunTime:0.000000s ]
SQL: SHOW COLUMNS FROM `tp_renew` [ RunTime:0.001953s ]
SQL: SHOW COLUMNS FROM `tp_banners` [ RunTime:0.001953s ]
SQL: SHOW COLUMNS FROM `tp_case` [ RunTime:0.000977s ]
SQL: SELECT * FROM `tp_renew` WHERE ( `agentid` = 0 ) ORDER BY id DESC LIMIT 5   [ RunTime:0.000000s ]
SQL: SELECT * FROM `tp_banners` WHERE ( `status` = 1 ) AND ( `agentid` = 0 ) ORDER BY id DESC  [ RunTime:0.000000s ]
SQL: SELECT * FROM `tp_case` WHERE ( `status` = 1 ) AND ( `agentid` = 0 ) ORDER BY id DESC LIMIT 10   [ RunTime:0.000976s ]
SQL: SHOW COLUMNS FROM `tp_news` [ RunTime:0.001953s ]
SQL: SELECT * FROM `tp_news` LIMIT 1   [ RunTime:0.000000s ]
SQL: SHOW COLUMNS FROM `tp_img` [ RunTime:0.000977s ]
SQL: SELECT * FROM `tp_img` WHERE ( `classid` = null ) ORDER BY id DESC LIMIT 5   [ RunTime:0.000000s ]
SQL: SELECT * FROM `tp_img` WHERE ( `classid` = null ) ORDER BY id DESC LIMIT 5   [ RunTime:0.000000s ]
SQL: SELECT * FROM `tp_img` WHERE ( `classid` = null ) ORDER BY id DESC LIMIT 5   [ RunTime:0.000977s ]
INFO: [ view_template ] --START--
INFO: Run LocationTemplate Behavior [ RunTime:-0.049807s ]
INFO: [ view_template ] --END-- [ RunTime:0.000000s ]
INFO: [ view_parse ] --START--
INFO: Run ParseTemplate Behavior [ RunTime:-0.049807s ]
INFO: [ view_parse ] --END-- [ RunTime:0.020508s ]
INFO: [ view_filter ] --START--
INFO: Run ContentReplace Behavior [ RunTime:-0.070315s ]
INFO: Run TokenBuild Behavior [ RunTime:-0.071292s ]
INFO: Run WriteHtmlCache Behavior [ RunTime:-0.072269s ]
INFO: Run ShowRuntime Behavior [ RunTime:-0.072269s ]
INFO: [ view_filter ] --END-- [ RunTime:0.002930s ]
SQL: SHOW COLUMNS FROM `tp_susceptible` [ RunTime:0.000976s ]
SQL: SELECT * FROM `tp_susceptible` LIMIT 1   [ RunTime:0.000977s ]
SQL: SELECT `word` FROM `tp_susceptible` WHERE ( `state` = 1 )  [ RunTime:0.000976s ]
NOTIC: [2] unlink(./Conf/logs/Temp/0/6/067efd6ffbb9b42e963ddba7e754f7e8.php): No such file or directory D:\webset\CMS\Lib\Driver\Cache\CacheFile.class.php 第 176 行.
NOTIC: [8] Undefined variable: word_array D:\webset\CMS\dogcms\Lib\ORG\Susceptible.class.php 第 45 行.
NOTIC: [8] Undefined variable: xing_array D:\webset\CMS\dogcms\Lib\ORG\Susceptible.class.php 第 45 行.
INFO: [ view_end ] --START--
INFO: Run ShowPageTrace Behavior [ RunTime:-0.078128s ]
INFO: [ view_end ] --END-- [ RunTime:0.000977s ]
INFO: [ app_end ] --START--
INFO: Run AccessCount Behavior [ RunTime:-0.079105s ]
INFO: [ app_end ] --END-- [ RunTime:0.000000s ]

[ 2016-03-19T08:31:04+08:00 ] 140.207.54.144 /
SQL: SHOW COLUMNS FROM `tp_agent` [ RunTime:0.001953s ]
SQL: SELECT * FROM `tp_agent` WHERE ( `siteurl` = 'http://cms.yulihome.com' ) LIMIT 1   [ RunTime:0.000976s ]
INFO: [ app_begin ] --START--
INFO: Run ReadHtmlCache Behavior [ RunTime:0.000977s ]
INFO: [ app_begin ] --END-- [ RunTime:0.000977s ]
SQL: SHOW COLUMNS FROM `tp_agent` [ RunTime:0.001953s ]
SQL: SELECT * FROM `tp_agent` WHERE ( `siteurl` = 'http://cms.yulihome.com' ) LIMIT 1   [ RunTime:0.000000s ]
NOTIC: [8] Undefined index: cms.yulihome.comnomsite D:\webset\CMS\dogcms\Lib\Action\BaseAction.class.php 第 39 行.
SQL: SHOW COLUMNS FROM `tp_mobilesite` [ RunTime:0.001953s ]
NOTIC: [8] Undefined index: cms.yulihome.com D:\webset\CMS\dogcms\Lib\Action\BaseAction.class.php 第 376 行.
SQL: SELECT * FROM `tp_mobilesite` WHERE ( `owndomain` = 'cms.yulihome.com' ) LIMIT 1   [ RunTime:0.000000s ]
SQL: SELECT * FROM `tp_agent` WHERE ( `siteurl` = 'http://cms.yulihome.com' ) LIMIT 1   [ RunTime:0.000000s ]
NOTIC: [8] Constant STATICS already defined D:\webset\CMS\dogcms\Lib\Action\BaseAction.class.php 第 128 行.
SQL: SHOW COLUMNS FROM `tp_customs` [ RunTime:0.001953s ]
SQL: SHOW COLUMNS FROM `tp_images` [ RunTime:0.001953s ]
SQL: SELECT * FROM `tp_images` WHERE ( `agentid` = 0 ) LIMIT 1   [ RunTime:0.000000s ]
SQL: SELECT * FROM `tp_customs` WHERE ( `agentid` = 0 ) AND ( `type` = 1 ) LIMIT 1   [ RunTime:0.000000s ]
SQL: SELECT * FROM `tp_customs` WHERE ( `agentid` = 0 ) AND ( `type` = 2 ) LIMIT 1   [ RunTime:0.000000s ]
SQL: SELECT * FROM `tp_customs` WHERE ( `agentid` = 0 ) AND ( `type` = 3 ) LIMIT 1   [ RunTime:0.000000s ]
SQL: SELECT * FROM `tp_customs` WHERE ( `agentid` = 0 ) AND ( `type` = 4 ) LIMIT 1   [ RunTime:0.000976s ]
SQL: SELECT * FROM `tp_customs` WHERE ( `agentid` = 0 ) AND ( `type` = 5 ) LIMIT 1   [ RunTime:0.000000s ]
SQL: SELECT * FROM `tp_customs` WHERE ( `agentid` = 0 ) AND ( `type` = 6 ) LIMIT 1   [ RunTime:0.000000s ]
NOTIC: [8] Undefined index: showNotice D:\webset\CMS\dogcms\Lib\Action\Home\IndexAction.class.php 第 91 行.
SQL: SHOW COLUMNS FROM `tp_links` [ RunTime:0.001953s ]
SQL: SELECT * FROM `tp_links` WHERE ( `status` = 1 ) AND ( `agentid` = 0 )  [ RunTime:0.000000s ]
SQL: SHOW COLUMNS FROM `tp_renew` [ RunTime:0.001953s ]
SQL: SHOW COLUMNS FROM `tp_banners` [ RunTime:0.000977s ]
SQL: SHOW COLUMNS FROM `tp_case` [ RunTime:0.001953s ]
SQL: SELECT * FROM `tp_renew` WHERE ( `agentid` = 0 ) ORDER BY id DESC LIMIT 5   [ RunTime:0.000977s ]
SQL: SELECT * FROM `tp_banners` WHERE ( `status` = 1 ) AND ( `agentid` = 0 ) ORDER BY id DESC  [ RunTime:0.000000s ]
SQL: SELECT * FROM `tp_case` WHERE ( `status` = 1 ) AND ( `agentid` = 0 ) ORDER BY id DESC LIMIT 10   [ RunTime:0.000000s ]
SQL: SHOW COLUMNS FROM `tp_news` [ RunTime:0.000977s ]
SQL: SELECT * FROM `tp_news` LIMIT 1   [ RunTime:0.000000s ]
SQL: SHOW COLUMNS FROM `tp_img` [ RunTime:0.001953s ]
SQL: SELECT * FROM `tp_img` WHERE ( `classid` = null ) ORDER BY id DESC LIMIT 5   [ RunTime:0.000976s ]
SQL: SELECT * FROM `tp_img` WHERE ( `classid` = null ) ORDER BY id DESC LIMIT 5   [ RunTime:0.000000s ]
SQL: SELECT * FROM `tp_img` WHERE ( `classid` = null ) ORDER BY id DESC LIMIT 5   [ RunTime:0.000000s ]
INFO: [ view_template ] --START--
INFO: Run LocationTemplate Behavior [ RunTime:-0.067385s ]
INFO: [ view_template ] --END-- [ RunTime:0.000977s ]
INFO: [ view_parse ] --START--
INFO: Run ParseTemplate Behavior [ RunTime:-0.068362s ]
INFO: [ view_parse ] --END-- [ RunTime:0.020509s ]
INFO: [ view_filter ] --START--
INFO: Run ContentReplace Behavior [ RunTime:-0.088871s ]
INFO: Run TokenBuild Behavior [ RunTime:-0.089847s ]
INFO: Run WriteHtmlCache Behavior [ RunTime:-0.089847s ]
INFO: Run ShowRuntime Behavior [ RunTime:-0.090824s ]
INFO: [ view_filter ] --END-- [ RunTime:0.001953s ]
SQL: SHOW COLUMNS FROM `tp_susceptible` [ RunTime:0.001954s ]
SQL: SELECT * FROM `tp_susceptible` LIMIT 1   [ RunTime:0.000000s ]
SQL: SELECT `word` FROM `tp_susceptible` WHERE ( `state` = 1 )  [ RunTime:0.000977s ]
NOTIC: [2] unlink(./Conf/logs/Temp/0/6/067efd6ffbb9b42e963ddba7e754f7e8.php): No such file or directory D:\webset\CMS\Lib\Driver\Cache\CacheFile.class.php 第 176 行.
NOTIC: [8] Undefined variable: word_array D:\webset\CMS\dogcms\Lib\ORG\Susceptible.class.php 第 45 行.
NOTIC: [8] Undefined variable: xing_array D:\webset\CMS\dogcms\Lib\ORG\Susceptible.class.php 第 45 行.
INFO: [ view_end ] --START--
INFO: Run ShowPageTrace Behavior [ RunTime:-0.095707s ]
INFO: [ view_end ] --END-- [ RunTime:0.000976s ]
INFO: [ app_end ] --START--
INFO: Run AccessCount Behavior [ RunTime:-0.096683s ]
INFO: [ app_end ] --END-- [ RunTime:0.000000s ]

[ 2016-03-19T08:31:05+08:00 ] 116.224.121.128 /index.php?g=Wap&m=School&a=index&token=dzqmpt1457533711&diymenu=1
INFO: [ app_begin ] --START--
INFO: Run ReadHtmlCache Behavior [ RunTime:0.000976s ]
INFO: [ app_begin ] --END-- [ RunTime:0.000976s ]
NOTIC: [8] Undefined index: cms.yulihome.comnomsite D:\webset\CMS\dogcms\Lib\Action\BaseAction.class.php 第 39 行.
SQL: SHOW COLUMNS FROM `tp_mobilesite` [ RunTime:0.001953s ]
NOTIC: [8] Undefined index: cms.yulihome.com D:\webset\CMS\dogcms\Lib\Action\BaseAction.class.php 第 376 行.
SQL: SELECT * FROM `tp_mobilesite` WHERE ( `owndomain` = 'cms.yulihome.com' ) LIMIT 1   [ RunTime:0.000000s ]
SQL: SHOW COLUMNS FROM `tp_agent` [ RunTime:0.001954s ]
SQL: SELECT * FROM `tp_agent` WHERE ( `siteurl` = 'http://cms.yulihome.com' ) LIMIT 1   [ RunTime:0.000000s ]
NOTIC: [8] Constant STATICS already defined D:\webset\CMS\dogcms\Lib\Action\BaseAction.class.php 第 128 行.
SQL: SHOW COLUMNS FROM `tp_wxuser` [ RunTime:0.002930s ]
SQL: SELECT * FROM `tp_wxuser` WHERE ( `token` = 'dzqmpt1457533711' ) LIMIT 1   [ RunTime:0.000977s ]
SQL: SHOW COLUMNS FROM `tp_users` [ RunTime:0.002930s ]
SQL: SELECT * FROM `tp_users` WHERE ( `id` = 13 ) LIMIT 1   [ RunTime:0.000000s ]
NOTIC: [2048] Non-static method getUserInfoModule::index() should not be called statically, assuming $this from incompatible context D:\webset\CMS\dogcms\Lib\Action\WapAction.class.php 第 147 行.
NOTIC: [8] Undefined index: ali D:\webset\CMS\dogcms\Lib\Action\WapAction.class.php 第 149 行.
NOTIC: [8] Undefined index: token_oauthed_dzqmpt1457533711 D:\webset\CMS\dogcms\Lib\Action\WapAction.class.php 第 159 行.
NOTIC: [8] Undefined index: token_openid_dzqmpt1457533711 D:\webset\CMS\dogcms\Lib\Action\WapAction.class.php 第 160 行.
SQL: SHOW COLUMNS FROM `tp_weixin_account` [ RunTime:0.022462s ]
SQL: SELECT * FROM `tp_weixin_account` WHERE ( `type` = 1 ) LIMIT 1   [ RunTime:0.000000s ]
SQL: SHOW COLUMNS FROM `tp_wxuser` [ RunTime:0.002930s ]
SQL: UPDATE `tp_wxuser` SET `type`='0' WHERE 1 [ RunTime:0.000000s ]
NOTIC: [8] Undefined index: wecha_id D:\webset\CMS\dogcms\Lib\Action\WapAction.class.php 第 200 行.
SQL: SELECT * FROM `tp_users` WHERE ( `id` = 13 ) LIMIT 1   [ RunTime:0.000000s ]
SQL: SELECT * FROM `tp_weixin_account` WHERE ( `type` = 1 ) LIMIT 1   [ RunTime:0.000000s ]
NOTIC: [8] Undefined index: wecha_id D:\webset\CMS\dogcms\Lib\Action\WapAction.class.php 第 251 行.
NOTIC: [8] Undefined index: wecha_id D:\webset\CMS\dogcms\Lib\Action\WapAction.class.php 第 251 行.
NOTIC: [8] Undefined index: yundabao D:\webset\CMS\dogcms\Lib\Action\WapAction.class.php 第 413 行.
NOTIC: [8] Undefined variable: fansInfo D:\webset\CMS\dogcms\Lib\Action\WapAction.class.php 第 432 行.
SQL: SHOW COLUMNS FROM `tp_userinfo` [ RunTime:0.002930s ]
SQL: SELECT * FROM `tp_userinfo` WHERE ( `token` = 'dzqmpt1457533711' ) AND ( `wecha_id` = null ) LIMIT 1   [ RunTime:0.000000s ]
SQL: SHOW COLUMNS FROM `tp_wechat_group_list` [ RunTime:0.003906s ]
SQL: SELECT * FROM `tp_wechat_group_list` WHERE ( `token` = 'dzqmpt1457533711' ) AND ( `openid` = null ) LIMIT 1   [ RunTime:0.000977s ]
NOTIC: [2] unlink(./Conf/logs/Temp/0/f/0f51abd81151c8af7c5f696a6e6225fa.php): No such file or directory D:\webset\CMS\Lib\Driver\Cache\CacheFile.class.php 第 176 行.
SQL: SHOW COLUMNS FROM `tp_home` [ RunTime:0.035158s ]
SQL: SELECT * FROM `tp_home` WHERE ( `token` = 'dzqmpt1457533711' ) LIMIT 1   [ RunTime:0.000976s ]
SQL: SHOW COLUMNS FROM `tp_catemenu` [ RunTime:0.024415s ]
SQL: SELECT * FROM `tp_catemenu` WHERE ( `token` = 'dzqmpt1457533711' ) AND ( `status` = 1 ) ORDER BY orderss desc  [ RunTime:0.020508s ]
SQL: SHOW COLUMNS FROM `tp_users` [ RunTime:0.001953s ]
SQL: SELECT * FROM `tp_users` WHERE ( `id` = 13 ) LIMIT 1   [ RunTime:0.000000s ]
SQL: SHOW COLUMNS FROM `tp_user_group` [ RunTime:0.001953s ]
SQL: SELECT * FROM `tp_user_group` WHERE ( `id` = 3 ) LIMIT 1   [ RunTime:0.000000s ]
SQL: SHOW COLUMNS FROM `tp_company` [ RunTime:0.003907s ]
SQL: SELECT * FROM `tp_company` WHERE ( `token` = 'dzqmpt1457533711' ) AND ( `isbranch` = 0 ) LIMIT 1   [ RunTime:0.000000s ]
NOTIC: [2] unlink(./Conf/logs/Temp/b/d/bd887806991f4c0b4db80f35e955186a.php): No such file or directory D:\webset\CMS\Lib\Driver\Cache\CacheFile.class.php 第 176 行.
SQL: SELECT * FROM `tp_weixin_account` WHERE ( `type` = 1 ) LIMIT 1   [ RunTime:0.000000s ]
NOTIC: [2] curl_setopt(): You must pass either an object or an array with the CURLOPT_HTTPHEADER, CURLOPT_QUOTE, CURLOPT_HTTP200ALIASES and CURLOPT_POSTQUOTE arguments D:\webset\CMS\dogcms\Lib\ORG\apiOauth.class.php 第 275 行.
NOTIC: [2] curl_setopt(): You must pass either an object or an array with the CURLOPT_HTTPHEADER, CURLOPT_QUOTE, CURLOPT_HTTP200ALIASES and CURLOPT_POSTQUOTE arguments D:\webset\CMS\dogcms\Lib\ORG\apiOauth.class.php 第 275 行.
NOTIC: [8] Undefined index: errcode D:\webset\CMS\dogcms\Lib\ORG\apiOauth.class.php 第 292 行.
NOTIC: [8] Undefined index: errcode D:\webset\CMS\dogcms\Lib\ORG\apiOauth.class.php 第 143 行.
NOTIC: [2] curl_setopt(): You must pass either an object or an array with the CURLOPT_HTTPHEADER, CURLOPT_QUOTE, CURLOPT_HTTP200ALIASES and CURLOPT_POSTQUOTE arguments D:\webset\CMS\dogcms\Lib\ORG\apiOauth.class.php 第 275 行.
SQL: SHOW COLUMNS FROM `tp_userinfo` [ RunTime:0.002930s ]
SQL: SELECT `fakeopenid` FROM `tp_userinfo` WHERE ( `token` = 'dzqmpt1457533711' ) AND ( `wecha_id` = null ) LIMIT 1   [ RunTime:0.000000s ]
SQL: SHOW COLUMNS FROM `tp_school_set_index` [ RunTime:0.014649s ]
SQL: SELECT * FROM `tp_school_set_index` WHERE ( `token` = 'dzqmpt1457533711' ) LIMIT 1   [ RunTime:0.000000s ]
SQL: SHOW COLUMNS FROM `tp_school_cat` [ RunTime:0.006836s ]
SQL: SELECT `url`,icon as img,`name` FROM `tp_school_cat` WHERE ( `token` = 'dzqmpt1457533711' ) AND ( `is_show` = '1' ) ORDER BY sort desc,id desc  [ RunTime:0.009766s ]
SQL: SELECT * FROM `tp_school_set_index` WHERE ( `token` = 'dzqmpt1457533711' ) LIMIT 1   [ RunTime:0.000977s ]
SQL: SHOW COLUMNS FROM `tp_photo_list` [ RunTime:0.002930s ]
SQL: SELECT * FROM `tp_photo_list` WHERE ( `token` = 'dzqmpt1457533711' ) AND ( `pid` = 1 ) ORDER BY sort desc  [ RunTime:0.000976s ]
NOTIC: [8] Undefined index: url D:\webset\CMS\dogcms\Lib\Action\Wap\SchoolAction.class.php 第 57 行.
NOTIC: [8] Undefined index: url D:\webset\CMS\dogcms\Lib\Action\Wap\SchoolAction.class.php 第 57 行.
NOTIC: [8] Undefined index: url D:\webset\CMS\dogcms\Lib\Action\Wap\SchoolAction.class.php 第 57 行.
NOTIC: [8] Undefined index: url D:\webset\CMS\dogcms\Lib\Action\Wap\SchoolAction.class.php 第 57 行.
NOTIC: [8] Undefined index: url D:\webset\CMS\dogcms\Lib\Action\Wap\SchoolAction.class.php 第 57 行.
SQL: SELECT * FROM `tp_home` WHERE ( `token` = 'dzqmpt1457533711' ) LIMIT 1   [ RunTime:0.000977s ]
SQL: SELECT `url`,icon as img,`name` FROM `tp_school_cat` WHERE ( `token` = 'dzqmpt1457533711' ) AND ( `is_show` = '1' ) ORDER BY sort desc,id desc  [ RunTime:0.000000s ]
INFO: [ view_template ] --START--
INFO: Run LocationTemplate Behavior [ RunTime:-1.493222s ]
INFO: [ view_template ] --END-- [ RunTime:0.038087s ]
INFO: [ view_parse ] --START--
NOTIC: [8] Undefined variable: zd D:\webset\CMS\Conf\logs\Cache\Wap\99d76a8a86813bff4e98e9effcce2ff2.php 第 4 行.
NOTIC: [8] Undefined variable: home D:\webset\CMS\Conf\logs\Cache\Wap\99d76a8a86813bff4e98e9effcce2ff2.php 第 289 行.
NOTIC: [8] Undefined variable: home D:\webset\CMS\Conf\logs\Cache\Wap\99d76a8a86813bff4e98e9effcce2ff2.php 第 454 行.
NOTIC: [8] Undefined variable: home D:\webset\CMS\Conf\logs\Cache\Wap\99d76a8a86813bff4e98e9effcce2ff2.php 第 571 行.
NOTIC: [8] Undefined variable: home D:\webset\CMS\Conf\logs\Cache\Wap\99d76a8a86813bff4e98e9effcce2ff2.php 第 687 行.
NOTIC: [2] Division by zero D:\webset\CMS\Conf\logs\Cache\Wap\99d76a8a86813bff4e98e9effcce2ff2.php 第 788 行.
NOTIC: [8] Undefined index: type D:\webset\CMS\Conf\logs\Cache\Wap\99d76a8a86813bff4e98e9effcce2ff2.php 第 788 行.
NOTIC: [8] Undefined index: bid D:\webset\CMS\Conf\logs\Cache\Wap\99d76a8a86813bff4e98e9effcce2ff2.php 第 788 行.
NOTIC: [8] Undefined index: wecha_id D:\webset\CMS\Conf\logs\Cache\Wap\99d76a8a86813bff4e98e9effcce2ff2.php 第 788 行.
NOTIC: [2] Division by zero D:\webset\CMS\Conf\logs\Cache\Wap\99d76a8a86813bff4e98e9effcce2ff2.php 第 789 行.
NOTIC: [8] Undefined index: type D:\webset\CMS\Conf\logs\Cache\Wap\99d76a8a86813bff4e98e9effcce2ff2.php 第 789 行.
NOTIC: [8] Undefined index: bid D:\webset\CMS\Conf\logs\Cache\Wap\99d76a8a86813bff4e98e9effcce2ff2.php 第 789 行.
NOTIC: [8] Undefined index: wecha_id D:\webset\CMS\Conf\logs\Cache\Wap\99d76a8a86813bff4e98e9effcce2ff2.php 第 789 行.
NOTIC: [2] Division by zero D:\webset\CMS\Conf\logs\Cache\Wap\99d76a8a86813bff4e98e9effcce2ff2.php 第 790 行.
NOTIC: [8] Undefined index: type D:\webset\CMS\Conf\logs\Cache\Wap\99d76a8a86813bff4e98e9effcce2ff2.php 第 790 行.
NOTIC: [8] Undefined index: bid D:\webset\CMS\Conf\logs\Cache\Wap\99d76a8a86813bff4e98e9effcce2ff2.php 第 790 行.
NOTIC: [8] Undefined index: wecha_id D:\webset\CMS\Conf\logs\Cache\Wap\99d76a8a86813bff4e98e9effcce2ff2.php 第 790 行.
INFO: Run ParseTemplate Behavior [ RunTime:-1.531309s ]
INFO: [ view_parse ] --END-- [ RunTime:0.083011s ]
INFO: [ view_filter ] --START--
INFO: Run ContentReplace Behavior [ RunTime:-1.614320s ]
INFO: Run TokenBuild Behavior [ RunTime:-1.615297s ]
INFO: Run WriteHtmlCache Behavior [ RunTime:-1.615297s ]
INFO: Run ShowRuntime Behavior [ RunTime:-1.616273s ]
INFO: [ view_filter ] --END-- [ RunTime:0.001953s ]
SQL: SHOW COLUMNS FROM `tp_susceptible` [ RunTime:0.001953s ]
SQL: SELECT * FROM `tp_susceptible` LIMIT 1   [ RunTime:0.000000s ]
SQL: SELECT `word` FROM `tp_susceptible` WHERE ( `state` = 1 )  [ RunTime:0.000977s ]
NOTIC: [2] unlink(./Conf/logs/Temp/0/6/067efd6ffbb9b42e963ddba7e754f7e8.php): No such file or directory D:\webset\CMS\Lib\Driver\Cache\CacheFile.class.php 第 176 行.
NOTIC: [8] Undefined variable: word_array D:\webset\CMS\dogcms\Lib\ORG\Susceptible.class.php 第 45 行.
NOTIC: [8] Undefined variable: xing_array D:\webset\CMS\dogcms\Lib\ORG\Susceptible.class.php 第 45 行.
INFO: [ view_end ] --START--
INFO: Run ShowPageTrace Behavior [ RunTime:-1.620180s ]
INFO: [ view_end ] --END-- [ RunTime:0.000976s ]
INFO: [ app_end ] --START--
SQL: SHOW COLUMNS FROM `tp_access_count` [ RunTime:0.003906s ]
SQL: SELECT * FROM `tp_access_count` WHERE ( `module` = 'wap' ) AND ( `controller` = 'school' ) AND ( `action` = 'index' ) AND ( `token` = 'dzqmpt1457533711' ) AND ( `create_time` >= 1457884800 ) LIMIT 1   [ RunTime:0.010742s ]
SQL: UPDATE `tp_access_count` SET `count`=count+1,`update_time`='1458347465' WHERE ( `id` = 423 ) [ RunTime:0.000000s ]
SQL: SELECT * FROM `tp_access_count` WHERE ( `module` = 'wap' ) AND ( `controller` = 'school' ) AND ( `action` = 'index' ) AND ( `token` = 'alltoken' ) AND ( `create_time` >= 1458316800 ) LIMIT 1   [ RunTime:0.000000s ]
SQL: DELETE FROM `tp_access_count` WHERE ( `module` = 'wap' ) AND ( `controller` = 'school' ) AND ( `action` = 'index' ) AND ( `token` = 'alltoken' ) AND ( `create_time` < 1452299465 ) [ RunTime:0.000977s ]
SQL: INSERT INTO `tp_access_count` (`module`,`controller`,`action`,`token`,`create_time`,`update_time`) VALUES ('wap','school','index','alltoken','1458347465','1458347465') [ RunTime:0.000000s ]
INFO: Run AccessCount Behavior [ RunTime:-1.621156s ]
INFO: [ app_end ] --END-- [ RunTime:0.036135s ]

[ 2016-03-19T08:31:11+08:00 ] 116.224.121.128 /index.php?g=Wap&m=School&a=qresults&token=dzqmpt1457533711&wecha_id=
INFO: [ app_begin ] --START--
INFO: Run ReadHtmlCache Behavior [ RunTime:0.000977s ]
INFO: [ app_begin ] --END-- [ RunTime:0.000977s ]
SQL: SHOW COLUMNS FROM `tp_agent` [ RunTime:0.002930s ]
SQL: SELECT * FROM `tp_agent` WHERE ( `siteurl` = 'http://cms.yulihome.com' ) LIMIT 1   [ RunTime:0.000000s ]
NOTIC: [8] Constant STATICS already defined D:\webset\CMS\dogcms\Lib\Action\BaseAction.class.php 第 128 行.
SQL: SHOW COLUMNS FROM `tp_wxuser` [ RunTime:0.002930s ]
SQL: SELECT * FROM `tp_wxuser` WHERE ( `token` = 'dzqmpt1457533711' ) LIMIT 1   [ RunTime:0.000977s ]
SQL: SHOW COLUMNS FROM `tp_users` [ RunTime:0.002929s ]
SQL: SELECT * FROM `tp_users` WHERE ( `id` = 13 ) LIMIT 1   [ RunTime:0.000977s ]
NOTIC: [2048] Non-static method getUserInfoModule::index() should not be called statically, assuming $this from incompatible context D:\webset\CMS\dogcms\Lib\Action\WapAction.class.php 第 147 行.
NOTIC: [8] Undefined index: ali D:\webset\CMS\dogcms\Lib\Action\WapAction.class.php 第 149 行.
NOTIC: [8] Undefined index: token_oauthed_dzqmpt1457533711 D:\webset\CMS\dogcms\Lib\Action\WapAction.class.php 第 159 行.
SQL: SHOW COLUMNS FROM `tp_weixin_account` [ RunTime:0.001953s ]
SQL: SELECT * FROM `tp_weixin_account` WHERE ( `type` = 1 ) LIMIT 1   [ RunTime:0.000977s ]
SQL: SHOW COLUMNS FROM `tp_wxuser` [ RunTime:0.001953s ]
SQL: UPDATE `tp_wxuser` SET `type`='0' WHERE 1 [ RunTime:0.000000s ]
SQL: SELECT * FROM `tp_users` WHERE ( `id` = 13 ) LIMIT 1   [ RunTime:0.000000s ]
SQL: SELECT * FROM `tp_weixin_account` WHERE ( `type` = 1 ) LIMIT 1   [ RunTime:0.000977s ]
NOTIC: [8] Undefined index: yundabao D:\webset\CMS\dogcms\Lib\Action\WapAction.class.php 第 413 行.
NOTIC: [8] Undefined variable: fansInfo D:\webset\CMS\dogcms\Lib\Action\WapAction.class.php 第 432 行.
SQL: SHOW COLUMNS FROM `tp_userinfo` [ RunTime:0.001953s ]
SQL: SELECT * FROM `tp_userinfo` WHERE ( `token` = 'dzqmpt1457533711' ) AND ( `wecha_id` = '' ) LIMIT 1   [ RunTime:0.000977s ]
SQL: SHOW COLUMNS FROM `tp_wechat_group_list` [ RunTime:0.000976s ]
SQL: SELECT * FROM `tp_wechat_group_list` WHERE ( `token` = 'dzqmpt1457533711' ) AND ( `openid` = '' ) LIMIT 1   [ RunTime:0.000000s ]
NOTIC: [2] unlink(./Conf/logs/Temp/0/f/0f51abd81151c8af7c5f696a6e6225fa.php): No such file or directory D:\webset\CMS\Lib\Driver\Cache\CacheFile.class.php 第 176 行.
SQL: SHOW COLUMNS FROM `tp_home` [ RunTime:0.001953s ]
SQL: SELECT * FROM `tp_home` WHERE ( `token` = 'dzqmpt1457533711' ) LIMIT 1   [ RunTime:0.000977s ]
SQL: SHOW COLUMNS FROM `tp_catemenu` [ RunTime:0.001953s ]
SQL: SELECT * FROM `tp_catemenu` WHERE ( `token` = 'dzqmpt1457533711' ) AND ( `status` = 1 ) ORDER BY orderss desc  [ RunTime:0.000000s ]
SQL: SHOW COLUMNS FROM `tp_users` [ RunTime:0.002930s ]
SQL: SELECT * FROM `tp_users` WHERE ( `id` = 13 ) LIMIT 1   [ RunTime:0.000000s ]
SQL: SHOW COLUMNS FROM `tp_user_group` [ RunTime:0.001954s ]
SQL: SELECT * FROM `tp_user_group` WHERE ( `id` = 3 ) LIMIT 1   [ RunTime:0.000000s ]
SQL: SHOW COLUMNS FROM `tp_company` [ RunTime:0.001953s ]
SQL: SELECT * FROM `tp_company` WHERE ( `token` = 'dzqmpt1457533711' ) AND ( `isbranch` = 0 ) LIMIT 1   [ RunTime:0.000000s ]
NOTIC: [2] unlink(./Conf/logs/Temp/b/d/bd887806991f4c0b4db80f35e955186a.php): No such file or directory D:\webset\CMS\Lib\Driver\Cache\CacheFile.class.php 第 176 行.
SQL: SELECT * FROM `tp_weixin_account` WHERE ( `type` = 1 ) LIMIT 1   [ RunTime:0.000000s ]
NOTIC: [2] curl_setopt(): You must pass either an object or an array with the CURLOPT_HTTPHEADER, CURLOPT_QUOTE, CURLOPT_HTTP200ALIASES and CURLOPT_POSTQUOTE arguments D:\webset\CMS\dogcms\Lib\ORG\apiOauth.class.php 第 275 行.
NOTIC: [8] Undefined index: errcode D:\webset\CMS\dogcms\Lib\ORG\apiOauth.class.php 第 292 行.
NOTIC: [8] Undefined index: errcode D:\webset\CMS\dogcms\Lib\ORG\apiOauth.class.php 第 196 行.
NOTIC: [8] Undefined index: errcode D:\webset\CMS\dogcms\Lib\ORG\apiOauth.class.php 第 196 行.
SQL: SHOW COLUMNS FROM `tp_userinfo` [ RunTime:0.001954s ]
SQL: SELECT `fakeopenid` FROM `tp_userinfo` WHERE ( `token` = 'dzqmpt1457533711' ) AND ( `wecha_id` = '' ) LIMIT 1   [ RunTime:0.000000s ]
SQL: SHOW COLUMNS FROM `tp_school_set_index` [ RunTime:0.001953s ]
SQL: SELECT * FROM `tp_school_set_index` WHERE ( `token` = 'dzqmpt1457533711' ) LIMIT 1   [ RunTime:0.000000s ]
SQL: SHOW COLUMNS FROM `tp_school_cat` [ RunTime:0.001953s ]
SQL: SELECT `url`,icon as img,`name` FROM `tp_school_cat` WHERE ( `token` = 'dzqmpt1457533711' ) AND ( `is_show` = '1' ) ORDER BY sort desc,id desc  [ RunTime:0.000000s ]
SQL: SHOW COLUMNS FROM `tp_school_students` [ RunTime:0.020509s ]
INFO: [ view_template ] --START--
INFO: Run LocationTemplate Behavior [ RunTime:-0.281261s ]
INFO: [ view_template ] --END-- [ RunTime:0.003906s ]
INFO: [ view_parse ] --START--
NOTIC: [8] Undefined index: text D:\webset\CMS\Conf\logs\Cache\Wap\11cde384cdd57f6f07b3d8788f5249e8.php 第 11 行.
INFO: Run ParseTemplate Behavior [ RunTime:-0.285167s ]
INFO: [ view_parse ] --END-- [ RunTime:0.042971s ]
INFO: [ view_filter ] --START--
INFO: Run ContentReplace Behavior [ RunTime:-0.328138s ]
INFO: Run TokenBuild Behavior [ RunTime:-0.328138s ]
INFO: Run WriteHtmlCache Behavior [ RunTime:-0.329114s ]
INFO: Run ShowRuntime Behavior [ RunTime:-0.329114s ]
INFO: [ view_filter ] --END-- [ RunTime:0.000976s ]
SQL: SHOW COLUMNS FROM `tp_susceptible` [ RunTime:0.001953s ]
SQL: SELECT * FROM `tp_susceptible` LIMIT 1   [ RunTime:0.000000s ]
SQL: SELECT `word` FROM `tp_susceptible` WHERE ( `state` = 1 )  [ RunTime:0.000977s ]
NOTIC: [2] unlink(./Conf/logs/Temp/0/6/067efd6ffbb9b42e963ddba7e754f7e8.php): No such file or directory D:\webset\CMS\Lib\Driver\Cache\CacheFile.class.php 第 176 行.
NOTIC: [8] Undefined variable: word_array D:\webset\CMS\dogcms\Lib\ORG\Susceptible.class.php 第 45 行.
NOTIC: [8] Undefined variable: xing_array D:\webset\CMS\dogcms\Lib\ORG\Susceptible.class.php 第 45 行.
INFO: [ view_end ] --START--
INFO: Run ShowPageTrace Behavior [ RunTime:-0.333021s ]
INFO: [ view_end ] --END-- [ RunTime:0.000976s ]
INFO: [ app_end ] --START--
SQL: SHOW COLUMNS FROM `tp_access_count` [ RunTime:0.001953s ]
SQL: SELECT * FROM `tp_access_count` WHERE ( `module` = 'wap' ) AND ( `controller` = 'school' ) AND ( `action` = 'qresults' ) AND ( `token` = 'dzqmpt1457533711' ) AND ( `create_time` >= 1457884800 ) LIMIT 1   [ RunTime:0.000000s ]
SQL: UPDATE `tp_access_count` SET `count`=count+1,`update_time`='1458347471' WHERE ( `id` = 425 ) [ RunTime:0.000000s ]
SQL: SELECT * FROM `tp_access_count` WHERE ( `module` = 'wap' ) AND ( `controller` = 'school' ) AND ( `action` = 'qresults' ) AND ( `token` = 'alltoken' ) AND ( `create_time` >= 1458316800 ) LIMIT 1   [ RunTime:0.000000s ]
SQL: DELETE FROM `tp_access_count` WHERE ( `module` = 'wap' ) AND ( `controller` = 'school' ) AND ( `action` = 'qresults' ) AND ( `token` = 'alltoken' ) AND ( `create_time` < 1452299471 ) [ RunTime:0.000000s ]
SQL: INSERT INTO `tp_access_count` (`module`,`controller`,`action`,`token`,`create_time`,`update_time`) VALUES ('wap','school','qresults','alltoken','1458347471','1458347471') [ RunTime:0.000000s ]
INFO: Run AccessCount Behavior [ RunTime:-0.333997s ]
INFO: [ app_end ] --END-- [ RunTime:0.005860s ]

[ 2016-03-19T21:20:53+08:00 ] 121.42.0.34 /
SQL: SHOW COLUMNS FROM `tp_agent` [ RunTime:0.048830s ]
SQL: SELECT * FROM `tp_agent` WHERE ( `siteurl` = 'http://cms.yulihome.com' ) LIMIT 1   [ RunTime:0.000977s ]
INFO: [ app_begin ] --START--
INFO: Run ReadHtmlCache Behavior [ RunTime:0.002929s ]
INFO: [ app_begin ] --END-- [ RunTime:0.002929s ]
SQL: SHOW COLUMNS FROM `tp_agent` [ RunTime:0.001953s ]
SQL: SELECT * FROM `tp_agent` WHERE ( `siteurl` = 'http://cms.yulihome.com' ) LIMIT 1   [ RunTime:0.000000s ]
NOTIC: [8] Undefined index: cms.yulihome.comnomsite D:\webset\CMS\dogcms\Lib\Action\BaseAction.class.php 第 39 行.
SQL: SHOW COLUMNS FROM `tp_mobilesite` [ RunTime:0.023438s ]
NOTIC: [8] Undefined index: cms.yulihome.com D:\webset\CMS\dogcms\Lib\Action\BaseAction.class.php 第 376 行.
SQL: SELECT * FROM `tp_mobilesite` WHERE ( `owndomain` = 'cms.yulihome.com' ) LIMIT 1   [ RunTime:0.000000s ]
SQL: SELECT * FROM `tp_agent` WHERE ( `siteurl` = 'http://cms.yulihome.com' ) LIMIT 1   [ RunTime:0.000977s ]
NOTIC: [8] Constant STATICS already defined D:\webset\CMS\dogcms\Lib\Action\BaseAction.class.php 第 128 行.
SQL: SHOW COLUMNS FROM `tp_customs` [ RunTime:0.024415s ]
SQL: SHOW COLUMNS FROM `tp_images` [ RunTime:0.029298s ]
SQL: SELECT * FROM `tp_images` WHERE ( `agentid` = 0 ) LIMIT 1   [ RunTime:0.000000s ]
SQL: SELECT * FROM `tp_customs` WHERE ( `agentid` = 0 ) AND ( `type` = 1 ) LIMIT 1   [ RunTime:0.000000s ]
SQL: SELECT * FROM `tp_customs` WHERE ( `agentid` = 0 ) AND ( `type` = 2 ) LIMIT 1   [ RunTime:0.000976s ]
SQL: SELECT * FROM `tp_customs` WHERE ( `agentid` = 0 ) AND ( `type` = 3 ) LIMIT 1   [ RunTime:0.000000s ]
SQL: SELECT * FROM `tp_customs` WHERE ( `agentid` = 0 ) AND ( `type` = 4 ) LIMIT 1   [ RunTime:0.000000s ]
SQL: SELECT * FROM `tp_customs` WHERE ( `agentid` = 0 ) AND ( `type` = 5 ) LIMIT 1   [ RunTime:0.000000s ]
SQL: SELECT * FROM `tp_customs` WHERE ( `agentid` = 0 ) AND ( `type` = 6 ) LIMIT 1   [ RunTime:0.000000s ]
NOTIC: [8] Undefined index: showNotice D:\webset\CMS\dogcms\Lib\Action\Home\IndexAction.class.php 第 91 行.
SQL: SHOW COLUMNS FROM `tp_links` [ RunTime:0.012696s ]
SQL: SELECT * FROM `tp_links` WHERE ( `status` = 1 ) AND ( `agentid` = 0 )  [ RunTime:0.000000s ]
SQL: SHOW COLUMNS FROM `tp_renew` [ RunTime:0.022462s ]
SQL: SHOW COLUMNS FROM `tp_banners` [ RunTime:0.014649s ]
SQL: SHOW COLUMNS FROM `tp_case` [ RunTime:0.019532s ]
SQL: SELECT * FROM `tp_renew` WHERE ( `agentid` = 0 ) ORDER BY id DESC LIMIT 5   [ RunTime:0.000976s ]
SQL: SELECT * FROM `tp_banners` WHERE ( `status` = 1 ) AND ( `agentid` = 0 ) ORDER BY id DESC  [ RunTime:0.000000s ]
SQL: SELECT * FROM `tp_case` WHERE ( `status` = 1 ) AND ( `agentid` = 0 ) ORDER BY id DESC LIMIT 10   [ RunTime:0.000000s ]
SQL: SHOW COLUMNS FROM `tp_news` [ RunTime:0.010743s ]
SQL: SELECT * FROM `tp_news` LIMIT 1   [ RunTime:0.000000s ]
SQL: SHOW COLUMNS FROM `tp_img` [ RunTime:0.002930s ]
SQL: SELECT * FROM `tp_img` WHERE ( `classid` = null ) ORDER BY id DESC LIMIT 5   [ RunTime:0.000000s ]
SQL: SELECT * FROM `tp_img` WHERE ( `classid` = null ) ORDER BY id DESC LIMIT 5   [ RunTime:0.000000s ]
SQL: SELECT * FROM `tp_img` WHERE ( `classid` = null ) ORDER BY id DESC LIMIT 5   [ RunTime:0.000000s ]
INFO: [ view_template ] --START--
INFO: Run LocationTemplate Behavior [ RunTime:-0.282238s ]
INFO: [ view_template ] --END-- [ RunTime:0.005859s ]
INFO: [ view_parse ] --START--
INFO: Run ParseTemplate Behavior [ RunTime:-0.288097s ]
INFO: [ view_parse ] --END-- [ RunTime:0.055667s ]
INFO: [ view_filter ] --START--
INFO: Run ContentReplace Behavior [ RunTime:-0.343764s ]
INFO: Run TokenBuild Behavior [ RunTime:-0.345717s ]
INFO: Run WriteHtmlCache Behavior [ RunTime:-0.347670s ]
INFO: Run ShowRuntime Behavior [ RunTime:-0.348647s ]
INFO: [ view_filter ] --END-- [ RunTime:0.005859s ]
SQL: SHOW COLUMNS FROM `tp_susceptible` [ RunTime:0.001953s ]
SQL: SELECT * FROM `tp_susceptible` LIMIT 1   [ RunTime:0.001953s ]
SQL: SELECT `word` FROM `tp_susceptible` WHERE ( `state` = 1 )  [ RunTime:0.000000s ]
NOTIC: [2] unlink(./Conf/logs/Temp/0/6/067efd6ffbb9b42e963ddba7e754f7e8.php): No such file or directory D:\webset\CMS\Lib\Driver\Cache\CacheFile.class.php 第 176 行.
NOTIC: [8] Undefined variable: word_array D:\webset\CMS\dogcms\Lib\ORG\Susceptible.class.php 第 45 行.
NOTIC: [8] Undefined variable: xing_array D:\webset\CMS\dogcms\Lib\ORG\Susceptible.class.php 第 45 行.
INFO: [ view_end ] --START--
INFO: Run ShowPageTrace Behavior [ RunTime:-0.417009s ]
INFO: [ view_end ] --END-- [ RunTime:0.024415s ]
INFO: [ app_end ] --START--
INFO: Run AccessCount Behavior [ RunTime:-0.441424s ]
INFO: [ app_end ] --END-- [ RunTime:0.016602s ]

