[ 2016-05-06T08:19:39+08:00 ] 121.42.0.33 /
SQL: SHOW COLUMNS FROM `tp_agent` [ RunTime:0.187507s ]
SQL: SELECT * FROM `tp_agent` WHERE ( `siteurl` = 'http://cms.yulihome.com' ) LIMIT 1   [ RunTime:0.000000s ]
INFO: [ app_begin ] --START--
INFO: Run ReadHtmlCache Behavior [ RunTime:0.002929s ]
INFO: [ app_begin ] --END-- [ RunTime:0.002929s ]
SQL: SHOW COLUMNS FROM `tp_agent` [ RunTime:0.002930s ]
SQL: SELECT * FROM `tp_agent` WHERE ( `siteurl` = 'http://cms.yulihome.com' ) LIMIT 1   [ RunTime:0.000000s ]
NOTIC: [8] Undefined index: cms.yulihome.comnomsite D:\webset\CMS\dogcms\Lib\Action\BaseAction.class.php 第 39 行.
SQL: SHOW COLUMNS FROM `tp_mobilesite` [ RunTime:0.070316s ]
NOTIC: [8] Undefined index: cms.yulihome.com D:\webset\CMS\dogcms\Lib\Action\BaseAction.class.php 第 376 行.
SQL: SELECT * FROM `tp_mobilesite` WHERE ( `owndomain` = 'cms.yulihome.com' ) LIMIT 1   [ RunTime:0.000000s ]
SQL: SELECT * FROM `tp_agent` WHERE ( `siteurl` = 'http://cms.yulihome.com' ) LIMIT 1   [ RunTime:0.000976s ]
NOTIC: [8] Constant STATICS already defined D:\webset\CMS\dogcms\Lib\Action\BaseAction.class.php 第 128 行.
SQL: SHOW COLUMNS FROM `tp_customs` [ RunTime:0.045900s ]
SQL: SHOW COLUMNS FROM `tp_images` [ RunTime:0.150397s ]
SQL: SELECT * FROM `tp_images` WHERE ( `agentid` = 0 ) LIMIT 1   [ RunTime:0.000000s ]
SQL: SELECT * FROM `tp_customs` WHERE ( `agentid` = 0 ) AND ( `type` = 1 ) LIMIT 1   [ RunTime:0.000976s ]
SQL: SELECT * FROM `tp_customs` WHERE ( `agentid` = 0 ) AND ( `type` = 2 ) LIMIT 1   [ RunTime:0.000000s ]
SQL: SELECT * FROM `tp_customs` WHERE ( `agentid` = 0 ) AND ( `type` = 3 ) LIMIT 1   [ RunTime:0.000000s ]
SQL: SELECT * FROM `tp_customs` WHERE ( `agentid` = 0 ) AND ( `type` = 4 ) LIMIT 1   [ RunTime:0.000000s ]
SQL: SELECT * FROM `tp_customs` WHERE ( `agentid` = 0 ) AND ( `type` = 5 ) LIMIT 1   [ RunTime:0.000000s ]
SQL: SELECT * FROM `tp_customs` WHERE ( `agentid` = 0 ) AND ( `type` = 6 ) LIMIT 1   [ RunTime:0.000977s ]
NOTIC: [8] Undefined index: showNotice D:\webset\CMS\dogcms\Lib\Action\Home\IndexAction.class.php 第 91 行.
SQL: SHOW COLUMNS FROM `tp_links` [ RunTime:0.008789s ]
SQL: SELECT * FROM `tp_links` WHERE ( `status` = 1 ) AND ( `agentid` = 0 )  [ RunTime:0.000000s ]
SQL: SHOW COLUMNS FROM `tp_renew` [ RunTime:0.035158s ]
SQL: SHOW COLUMNS FROM `tp_banners` [ RunTime:0.015626s ]
SQL: SHOW COLUMNS FROM `tp_case` [ RunTime:0.063479s ]
SQL: SELECT * FROM `tp_renew` WHERE ( `agentid` = 0 ) ORDER BY id DESC LIMIT 5   [ RunTime:0.000000s ]
SQL: SELECT * FROM `tp_banners` WHERE ( `status` = 1 ) AND ( `agentid` = 0 ) ORDER BY id DESC  [ RunTime:0.000000s ]
SQL: SELECT * FROM `tp_case` WHERE ( `status` = 1 ) AND ( `agentid` = 0 ) ORDER BY id DESC LIMIT 10   [ RunTime:0.000000s ]
SQL: SHOW COLUMNS FROM `tp_news` [ RunTime:0.071292s ]
SQL: SELECT * FROM `tp_news` LIMIT 1   [ RunTime:0.000000s ]
SQL: SHOW COLUMNS FROM `tp_img` [ RunTime:0.002930s ]
SQL: SELECT * FROM `tp_img` WHERE ( `classid` = null ) ORDER BY id DESC LIMIT 5   [ RunTime:0.000977s ]
SQL: SELECT * FROM `tp_img` WHERE ( `classid` = null ) ORDER BY id DESC LIMIT 5   [ RunTime:0.000000s ]
SQL: SELECT * FROM `tp_img` WHERE ( `classid` = null ) ORDER BY id DESC LIMIT 5   [ RunTime:0.000000s ]
INFO: [ view_template ] --START--
INFO: Run LocationTemplate Behavior [ RunTime:-0.659205s ]
INFO: [ view_template ] --END-- [ RunTime:0.101567s ]
INFO: [ view_parse ] --START--
INFO: Run ParseTemplate Behavior [ RunTime:-0.760772s ]
INFO: [ view_parse ] --END-- [ RunTime:0.063479s ]
INFO: [ view_filter ] --START--
INFO: Run ContentReplace Behavior [ RunTime:-0.824251s ]
INFO: Run TokenBuild Behavior [ RunTime:-0.826204s ]
INFO: Run WriteHtmlCache Behavior [ RunTime:-0.828157s ]
INFO: Run ShowRuntime Behavior [ RunTime:-0.829134s ]
INFO: [ view_filter ] --END-- [ RunTime:0.006836s ]
SQL: SHOW COLUMNS FROM `tp_susceptible` [ RunTime:0.001954s ]
SQL: SELECT * FROM `tp_susceptible` LIMIT 1   [ RunTime:0.001953s ]
SQL: SELECT `word` FROM `tp_susceptible` WHERE ( `state` = 1 )  [ RunTime:0.000976s ]
NOTIC: [2] unlink(./Conf/logs/Temp/0/6/067efd6ffbb9b42e963ddba7e754f7e8.php): No such file or directory D:\webset\CMS\Lib\Driver\Cache\CacheFile.class.php 第 176 行.
NOTIC: [8] Undefined variable: word_array D:\webset\CMS\dogcms\Lib\ORG\Susceptible.class.php 第 45 行.
NOTIC: [8] Undefined variable: xing_array D:\webset\CMS\dogcms\Lib\ORG\Susceptible.class.php 第 45 行.
INFO: [ view_end ] --START--
INFO: Run ShowPageTrace Behavior [ RunTime:-0.918981s ]
INFO: [ view_end ] --END-- [ RunTime:0.002930s ]
INFO: [ app_end ] --START--
INFO: Run AccessCount Behavior [ RunTime:-0.921911s ]
INFO: [ app_end ] --END-- [ RunTime:0.001953s ]

[ 2016-05-06T10:41:40+08:00 ] 140.207.62.210 /
SQL: SHOW COLUMNS FROM `tp_agent` [ RunTime:0.055666s ]
SQL: SELECT * FROM `tp_agent` WHERE ( `siteurl` = 'http://cms.yulihome.com' ) LIMIT 1   [ RunTime:0.000976s ]
INFO: [ app_begin ] --START--
INFO: Run ReadHtmlCache Behavior [ RunTime:0.002930s ]
INFO: [ app_begin ] --END-- [ RunTime:0.002930s ]
SQL: SHOW COLUMNS FROM `tp_agent` [ RunTime:0.003907s ]
SQL: SELECT * FROM `tp_agent` WHERE ( `siteurl` = 'http://cms.yulihome.com' ) LIMIT 1   [ RunTime:0.002930s ]
NOTIC: [8] Undefined index: cms.yulihome.comnomsite D:\webset\CMS\dogcms\Lib\Action\BaseAction.class.php 第 39 行.
SQL: SHOW COLUMNS FROM `tp_mobilesite` [ RunTime:0.030274s ]
NOTIC: [8] Undefined index: cms.yulihome.com D:\webset\CMS\dogcms\Lib\Action\BaseAction.class.php 第 376 行.
SQL: SELECT * FROM `tp_mobilesite` WHERE ( `owndomain` = 'cms.yulihome.com' ) LIMIT 1   [ RunTime:0.000977s ]
SQL: SELECT * FROM `tp_agent` WHERE ( `siteurl` = 'http://cms.yulihome.com' ) LIMIT 1   [ RunTime:0.000000s ]
NOTIC: [8] Constant STATICS already defined D:\webset\CMS\dogcms\Lib\Action\BaseAction.class.php 第 128 行.
SQL: SHOW COLUMNS FROM `tp_customs` [ RunTime:0.037111s ]
SQL: SHOW COLUMNS FROM `tp_images` [ RunTime:0.057619s ]
SQL: SELECT * FROM `tp_images` WHERE ( `agentid` = 0 ) LIMIT 1   [ RunTime:0.000000s ]
SQL: SELECT * FROM `tp_customs` WHERE ( `agentid` = 0 ) AND ( `type` = 1 ) LIMIT 1   [ RunTime:0.000000s ]
SQL: SELECT * FROM `tp_customs` WHERE ( `agentid` = 0 ) AND ( `type` = 2 ) LIMIT 1   [ RunTime:0.000000s ]
SQL: SELECT * FROM `tp_customs` WHERE ( `agentid` = 0 ) AND ( `type` = 3 ) LIMIT 1   [ RunTime:0.000000s ]
SQL: SELECT * FROM `tp_customs` WHERE ( `agentid` = 0 ) AND ( `type` = 4 ) LIMIT 1   [ RunTime:0.000977s ]
SQL: SELECT * FROM `tp_customs` WHERE ( `agentid` = 0 ) AND ( `type` = 5 ) LIMIT 1   [ RunTime:0.000000s ]
SQL: SELECT * FROM `tp_customs` WHERE ( `agentid` = 0 ) AND ( `type` = 6 ) LIMIT 1   [ RunTime:0.000000s ]
NOTIC: [8] Undefined index: showNotice D:\webset\CMS\dogcms\Lib\Action\Home\IndexAction.class.php 第 91 行.
SQL: SHOW COLUMNS FROM `tp_links` [ RunTime:0.014649s ]
SQL: SELECT * FROM `tp_links` WHERE ( `status` = 1 ) AND ( `agentid` = 0 )  [ RunTime:0.000000s ]
SQL: SHOW COLUMNS FROM `tp_renew` [ RunTime:0.025392s ]
SQL: SHOW COLUMNS FROM `tp_banners` [ RunTime:0.023438s ]
SQL: SHOW COLUMNS FROM `tp_case` [ RunTime:0.022461s ]
SQL: SELECT * FROM `tp_renew` WHERE ( `agentid` = 0 ) ORDER BY id DESC LIMIT 5   [ RunTime:0.000000s ]
SQL: SELECT * FROM `tp_banners` WHERE ( `status` = 1 ) AND ( `agentid` = 0 ) ORDER BY id DESC  [ RunTime:0.000000s ]
SQL: SELECT * FROM `tp_case` WHERE ( `status` = 1 ) AND ( `agentid` = 0 ) ORDER BY id DESC LIMIT 10   [ RunTime:0.000000s ]
SQL: SHOW COLUMNS FROM `tp_news` [ RunTime:0.006836s ]
SQL: SELECT * FROM `tp_news` LIMIT 1   [ RunTime:0.000000s ]
SQL: SHOW COLUMNS FROM `tp_img` [ RunTime:0.004883s ]
SQL: SELECT * FROM `tp_img` WHERE ( `classid` = null ) ORDER BY id DESC LIMIT 5   [ RunTime:0.000000s ]
SQL: SELECT * FROM `tp_img` WHERE ( `classid` = null ) ORDER BY id DESC LIMIT 5   [ RunTime:0.000977s ]
SQL: SELECT * FROM `tp_img` WHERE ( `classid` = null ) ORDER BY id DESC LIMIT 5   [ RunTime:0.000000s ]
INFO: [ view_template ] --START--
INFO: Run LocationTemplate Behavior [ RunTime:-0.427751s ]
INFO: [ view_template ] --END-- [ RunTime:0.012696s ]
INFO: [ view_parse ] --START--
INFO: Run ParseTemplate Behavior [ RunTime:-0.440447s ]
INFO: [ view_parse ] --END-- [ RunTime:0.054689s ]
INFO: [ view_filter ] --START--
INFO: Run ContentReplace Behavior [ RunTime:-0.495136s ]
INFO: Run TokenBuild Behavior [ RunTime:-0.497089s ]
INFO: Run WriteHtmlCache Behavior [ RunTime:-0.498066s ]
INFO: Run ShowRuntime Behavior [ RunTime:-0.499043s ]
INFO: [ view_filter ] --END-- [ RunTime:0.005860s ]
SQL: SHOW COLUMNS FROM `tp_susceptible` [ RunTime:0.002929s ]
SQL: SELECT * FROM `tp_susceptible` LIMIT 1   [ RunTime:0.001953s ]
SQL: SELECT `word` FROM `tp_susceptible` WHERE ( `state` = 1 )  [ RunTime:0.000977s ]
NOTIC: [2] unlink(./Conf/logs/Temp/0/6/067efd6ffbb9b42e963ddba7e754f7e8.php): No such file or directory D:\webset\CMS\Lib\Driver\Cache\CacheFile.class.php 第 176 行.
NOTIC: [8] Undefined variable: word_array D:\webset\CMS\dogcms\Lib\ORG\Susceptible.class.php 第 45 行.
NOTIC: [8] Undefined variable: xing_array D:\webset\CMS\dogcms\Lib\ORG\Susceptible.class.php 第 45 行.
INFO: [ view_end ] --START--
INFO: Run ShowPageTrace Behavior [ RunTime:-0.544943s ]
INFO: [ view_end ] --END-- [ RunTime:0.002930s ]
INFO: [ app_end ] --START--
INFO: Run AccessCount Behavior [ RunTime:-0.547873s ]
INFO: [ app_end ] --END-- [ RunTime:0.012695s ]

[ 2016-05-06T10:41:40+08:00 ] 117.185.27.104 /
SQL: SHOW COLUMNS FROM `tp_agent` [ RunTime:0.057619s ]
SQL: SELECT * FROM `tp_agent` WHERE ( `siteurl` = 'http://cms.yulihome.com' ) LIMIT 1   [ RunTime:0.000000s ]
INFO: [ app_begin ] --START--
INFO: Run ReadHtmlCache Behavior [ RunTime:0.002930s ]
INFO: [ app_begin ] --END-- [ RunTime:0.002930s ]
SQL: SHOW COLUMNS FROM `tp_agent` [ RunTime:0.004883s ]
SQL: SELECT * FROM `tp_agent` WHERE ( `siteurl` = 'http://cms.yulihome.com' ) LIMIT 1   [ RunTime:0.000977s ]
NOTIC: [8] Undefined index: cms.yulihome.comnomsite D:\webset\CMS\dogcms\Lib\Action\BaseAction.class.php 第 39 行.
SQL: SHOW COLUMNS FROM `tp_mobilesite` [ RunTime:0.031251s ]
NOTIC: [8] Undefined index: cms.yulihome.com D:\webset\CMS\dogcms\Lib\Action\BaseAction.class.php 第 376 行.
SQL: SELECT * FROM `tp_mobilesite` WHERE ( `owndomain` = 'cms.yulihome.com' ) LIMIT 1   [ RunTime:0.000977s ]
SQL: SELECT * FROM `tp_agent` WHERE ( `siteurl` = 'http://cms.yulihome.com' ) LIMIT 1   [ RunTime:0.000000s ]
NOTIC: [8] Constant STATICS already defined D:\webset\CMS\dogcms\Lib\Action\BaseAction.class.php 第 128 行.
SQL: SHOW COLUMNS FROM `tp_customs` [ RunTime:0.037111s ]
SQL: SHOW COLUMNS FROM `tp_images` [ RunTime:0.053713s ]
SQL: SELECT * FROM `tp_images` WHERE ( `agentid` = 0 ) LIMIT 1   [ RunTime:0.000976s ]
SQL: SELECT * FROM `tp_customs` WHERE ( `agentid` = 0 ) AND ( `type` = 1 ) LIMIT 1   [ RunTime:0.000000s ]
SQL: SELECT * FROM `tp_customs` WHERE ( `agentid` = 0 ) AND ( `type` = 2 ) LIMIT 1   [ RunTime:0.000000s ]
SQL: SELECT * FROM `tp_customs` WHERE ( `agentid` = 0 ) AND ( `type` = 3 ) LIMIT 1   [ RunTime:0.000000s ]
SQL: SELECT * FROM `tp_customs` WHERE ( `agentid` = 0 ) AND ( `type` = 4 ) LIMIT 1   [ RunTime:0.000000s ]
SQL: SELECT * FROM `tp_customs` WHERE ( `agentid` = 0 ) AND ( `type` = 5 ) LIMIT 1   [ RunTime:0.000000s ]
SQL: SELECT * FROM `tp_customs` WHERE ( `agentid` = 0 ) AND ( `type` = 6 ) LIMIT 1   [ RunTime:0.000000s ]
NOTIC: [8] Undefined index: showNotice D:\webset\CMS\dogcms\Lib\Action\Home\IndexAction.class.php 第 91 行.
SQL: SHOW COLUMNS FROM `tp_links` [ RunTime:0.016602s ]
SQL: SELECT * FROM `tp_links` WHERE ( `status` = 1 ) AND ( `agentid` = 0 )  [ RunTime:0.000000s ]
SQL: SHOW COLUMNS FROM `tp_renew` [ RunTime:0.025392s ]
SQL: SHOW COLUMNS FROM `tp_banners` [ RunTime:0.024415s ]
SQL: SHOW COLUMNS FROM `tp_case` [ RunTime:0.024415s ]
SQL: SELECT * FROM `tp_renew` WHERE ( `agentid` = 0 ) ORDER BY id DESC LIMIT 5   [ RunTime:0.000000s ]
SQL: SELECT * FROM `tp_banners` WHERE ( `status` = 1 ) AND ( `agentid` = 0 ) ORDER BY id DESC  [ RunTime:0.000000s ]
SQL: SELECT * FROM `tp_case` WHERE ( `status` = 1 ) AND ( `agentid` = 0 ) ORDER BY id DESC LIMIT 10   [ RunTime:0.000000s ]
SQL: SHOW COLUMNS FROM `tp_news` [ RunTime:0.006836s ]
SQL: SELECT * FROM `tp_news` LIMIT 1   [ RunTime:0.000000s ]
SQL: SHOW COLUMNS FROM `tp_img` [ RunTime:0.007812s ]
SQL: SELECT * FROM `tp_img` WHERE ( `classid` = null ) ORDER BY id DESC LIMIT 5   [ RunTime:0.000000s ]
SQL: SELECT * FROM `tp_img` WHERE ( `classid` = null ) ORDER BY id DESC LIMIT 5   [ RunTime:0.000977s ]
SQL: SELECT * FROM `tp_img` WHERE ( `classid` = null ) ORDER BY id DESC LIMIT 5   [ RunTime:0.000000s ]
INFO: [ view_template ] --START--
INFO: Run LocationTemplate Behavior [ RunTime:-0.428727s ]
INFO: [ view_template ] --END-- [ RunTime:0.010743s ]
INFO: [ view_parse ] --START--
INFO: Run ParseTemplate Behavior [ RunTime:-0.439470s ]
INFO: [ view_parse ] --END-- [ RunTime:0.053713s ]
INFO: [ view_filter ] --START--
INFO: Run ContentReplace Behavior [ RunTime:-0.493183s ]
INFO: Run TokenBuild Behavior [ RunTime:-0.495136s ]
INFO: Run WriteHtmlCache Behavior [ RunTime:-0.497089s ]
INFO: Run ShowRuntime Behavior [ RunTime:-0.498066s ]
INFO: [ view_filter ] --END-- [ RunTime:0.005859s ]
SQL: SHOW COLUMNS FROM `tp_susceptible` [ RunTime:0.002930s ]
SQL: SELECT * FROM `tp_susceptible` LIMIT 1   [ RunTime:0.001953s ]
SQL: SELECT `word` FROM `tp_susceptible` WHERE ( `state` = 1 )  [ RunTime:0.000976s ]
NOTIC: [2] unlink(./Conf/logs/Temp/0/6/067efd6ffbb9b42e963ddba7e754f7e8.php): No such file or directory D:\webset\CMS\Lib\Driver\Cache\CacheFile.class.php 第 176 行.
NOTIC: [8] Undefined variable: word_array D:\webset\CMS\dogcms\Lib\ORG\Susceptible.class.php 第 45 行.
NOTIC: [8] Undefined variable: xing_array D:\webset\CMS\dogcms\Lib\ORG\Susceptible.class.php 第 45 行.
INFO: [ view_end ] --START--
INFO: Run ShowPageTrace Behavior [ RunTime:-0.542989s ]
INFO: [ view_end ] --END-- [ RunTime:0.002930s ]
INFO: [ app_end ] --START--
INFO: Run AccessCount Behavior [ RunTime:-0.545919s ]
INFO: [ app_end ] --END-- [ RunTime:0.013672s ]

[ 2016-05-06T15:16:46+08:00 ] 121.42.0.35 /
SQL: SHOW COLUMNS FROM `tp_agent` [ RunTime:0.002930s ]
SQL: SELECT * FROM `tp_agent` WHERE ( `siteurl` = 'http://cms.yulihome.com' ) LIMIT 1   [ RunTime:0.000000s ]
INFO: [ app_begin ] --START--
INFO: Run ReadHtmlCache Behavior [ RunTime:0.002930s ]
INFO: [ app_begin ] --END-- [ RunTime:0.002930s ]
SQL: SHOW COLUMNS FROM `tp_agent` [ RunTime:0.002930s ]
SQL: SELECT * FROM `tp_agent` WHERE ( `siteurl` = 'http://cms.yulihome.com' ) LIMIT 1   [ RunTime:0.000000s ]
NOTIC: [8] Undefined index: cms.yulihome.comnomsite D:\webset\CMS\dogcms\Lib\Action\BaseAction.class.php 第 39 行.
SQL: SHOW COLUMNS FROM `tp_mobilesite` [ RunTime:0.000976s ]
NOTIC: [8] Undefined index: cms.yulihome.com D:\webset\CMS\dogcms\Lib\Action\BaseAction.class.php 第 376 行.
SQL: SELECT * FROM `tp_mobilesite` WHERE ( `owndomain` = 'cms.yulihome.com' ) LIMIT 1   [ RunTime:0.000000s ]
SQL: SELECT * FROM `tp_agent` WHERE ( `siteurl` = 'http://cms.yulihome.com' ) LIMIT 1   [ RunTime:0.000000s ]
NOTIC: [8] Constant STATICS already defined D:\webset\CMS\dogcms\Lib\Action\BaseAction.class.php 第 128 行.
SQL: SHOW COLUMNS FROM `tp_customs` [ RunTime:0.000976s ]
SQL: SHOW COLUMNS FROM `tp_images` [ RunTime:0.000977s ]
SQL: SELECT * FROM `tp_images` WHERE ( `agentid` = 0 ) LIMIT 1   [ RunTime:0.000000s ]
SQL: SELECT * FROM `tp_customs` WHERE ( `agentid` = 0 ) AND ( `type` = 1 ) LIMIT 1   [ RunTime:0.000000s ]
SQL: SELECT * FROM `tp_customs` WHERE ( `agentid` = 0 ) AND ( `type` = 2 ) LIMIT 1   [ RunTime:0.000977s ]
SQL: SELECT * FROM `tp_customs` WHERE ( `agentid` = 0 ) AND ( `type` = 3 ) LIMIT 1   [ RunTime:0.000000s ]
SQL: SELECT * FROM `tp_customs` WHERE ( `agentid` = 0 ) AND ( `type` = 4 ) LIMIT 1   [ RunTime:0.000000s ]
SQL: SELECT * FROM `tp_customs` WHERE ( `agentid` = 0 ) AND ( `type` = 5 ) LIMIT 1   [ RunTime:0.000977s ]
SQL: SELECT * FROM `tp_customs` WHERE ( `agentid` = 0 ) AND ( `type` = 6 ) LIMIT 1   [ RunTime:0.000000s ]
NOTIC: [8] Undefined index: showNotice D:\webset\CMS\dogcms\Lib\Action\Home\IndexAction.class.php 第 91 行.
SQL: SHOW COLUMNS FROM `tp_links` [ RunTime:0.142583s ]
SQL: SELECT * FROM `tp_links` WHERE ( `status` = 1 ) AND ( `agentid` = 0 )  [ RunTime:0.000977s ]
SQL: SHOW COLUMNS FROM `tp_renew` [ RunTime:0.001953s ]
SQL: SHOW COLUMNS FROM `tp_banners` [ RunTime:0.001953s ]
SQL: SHOW COLUMNS FROM `tp_case` [ RunTime:0.001954s ]
SQL: SELECT * FROM `tp_renew` WHERE ( `agentid` = 0 ) ORDER BY id DESC LIMIT 5   [ RunTime:0.000000s ]
SQL: SELECT * FROM `tp_banners` WHERE ( `status` = 1 ) AND ( `agentid` = 0 ) ORDER BY id DESC  [ RunTime:0.000000s ]
SQL: SELECT * FROM `tp_case` WHERE ( `status` = 1 ) AND ( `agentid` = 0 ) ORDER BY id DESC LIMIT 10   [ RunTime:0.000977s ]
SQL: SHOW COLUMNS FROM `tp_news` [ RunTime:0.002930s ]
SQL: SELECT * FROM `tp_news` LIMIT 1   [ RunTime:0.000000s ]
SQL: SHOW COLUMNS FROM `tp_img` [ RunTime:0.035158s ]
SQL: SELECT * FROM `tp_img` WHERE ( `classid` = null ) ORDER BY id DESC LIMIT 5   [ RunTime:0.000976s ]
SQL: SELECT * FROM `tp_img` WHERE ( `classid` = null ) ORDER BY id DESC LIMIT 5   [ RunTime:0.000000s ]
SQL: SELECT * FROM `tp_img` WHERE ( `classid` = null ) ORDER BY id DESC LIMIT 5   [ RunTime:0.000977s ]
INFO: [ view_template ] --START--
INFO: Run LocationTemplate Behavior [ RunTime:-0.313489s ]
INFO: [ view_template ] --END-- [ RunTime:0.012696s ]
INFO: [ view_parse ] --START--
INFO: Run ParseTemplate Behavior [ RunTime:-0.326185s ]
INFO: [ view_parse ] --END-- [ RunTime:0.055666s ]
INFO: [ view_filter ] --START--
INFO: Run ContentReplace Behavior [ RunTime:-0.381851s ]
INFO: Run TokenBuild Behavior [ RunTime:-0.383804s ]
INFO: Run WriteHtmlCache Behavior [ RunTime:-0.401383s ]
INFO: Run ShowRuntime Behavior [ RunTime:-0.403336s ]
INFO: [ view_filter ] --END-- [ RunTime:0.027345s ]
SQL: SHOW COLUMNS FROM `tp_susceptible` [ RunTime:0.000977s ]
SQL: SELECT * FROM `tp_susceptible` LIMIT 1   [ RunTime:0.000000s ]
SQL: SELECT `word` FROM `tp_susceptible` WHERE ( `state` = 1 )  [ RunTime:0.000977s ]
NOTIC: [2] unlink(./Conf/logs/Temp/0/6/067efd6ffbb9b42e963ddba7e754f7e8.php): No such file or directory D:\webset\CMS\Lib\Driver\Cache\CacheFile.class.php 第 176 行.
NOTIC: [8] Undefined variable: word_array D:\webset\CMS\dogcms\Lib\ORG\Susceptible.class.php 第 45 行.
NOTIC: [8] Undefined variable: xing_array D:\webset\CMS\dogcms\Lib\ORG\Susceptible.class.php 第 45 行.
INFO: [ view_end ] --START--
INFO: Run ShowPageTrace Behavior [ RunTime:-0.457049s ]
INFO: [ view_end ] --END-- [ RunTime:0.002930s ]
INFO: [ app_end ] --START--
INFO: Run AccessCount Behavior [ RunTime:-0.459979s ]
INFO: [ app_end ] --END-- [ RunTime:0.001953s ]

