[ 2016-04-29T08:20:14+08:00 ] 121.42.0.33 /
SQL: SHOW COLUMNS FROM `tp_agent` [ RunTime:0.034181s ]
SQL: SELECT * FROM `tp_agent` WHERE ( `siteurl` = 'http://cms.yulihome.com' ) LIMIT 1   [ RunTime:0.000977s ]
INFO: [ app_begin ] --START--
INFO: Run ReadHtmlCache Behavior [ RunTime:0.002929s ]
INFO: [ app_begin ] --END-- [ RunTime:0.002929s ]
SQL: SHOW COLUMNS FROM `tp_agent` [ RunTime:0.002930s ]
SQL: SELECT * FROM `tp_agent` WHERE ( `siteurl` = 'http://cms.yulihome.com' ) LIMIT 1   [ RunTime:0.000976s ]
NOTIC: [8] Undefined index: cms.yulihome.comnomsite D:\webset\CMS\dogcms\Lib\Action\BaseAction.class.php ç¬¬ 39 è¡Œ.
SQL: SHOW COLUMNS FROM `tp_mobilesite` [ RunTime:0.020509s ]
NOTIC: [8] Undefined index: cms.yulihome.com D:\webset\CMS\dogcms\Lib\Action\BaseAction.class.php ç¬¬ 376 è¡Œ.
SQL: SELECT * FROM `tp_mobilesite` WHERE ( `owndomain` = 'cms.yulihome.com' ) LIMIT 1   [ RunTime:0.000000s ]
SQL: SELECT * FROM `tp_agent` WHERE ( `siteurl` = 'http://cms.yulihome.com' ) LIMIT 1   [ RunTime:0.000976s ]
NOTIC: [8] Constant STATICS already defined D:\webset\CMS\dogcms\Lib\Action\BaseAction.class.php ç¬¬ 128 è¡Œ.
SQL: SHOW COLUMNS FROM `tp_customs` [ RunTime:0.030274s ]
SQL: SHOW COLUMNS FROM `tp_images` [ RunTime:0.036134s ]
SQL: SELECT * FROM `tp_images` WHERE ( `agentid` = 0 ) LIMIT 1   [ RunTime:0.000000s ]
SQL: SELECT * FROM `tp_customs` WHERE ( `agentid` = 0 ) AND ( `type` = 1 ) LIMIT 1   [ RunTime:0.000000s ]
SQL: SELECT * FROM `tp_customs` WHERE ( `agentid` = 0 ) AND ( `type` = 2 ) LIMIT 1   [ RunTime:0.000976s ]
SQL: SELECT * FROM `tp_customs` WHERE ( `agentid` = 0 ) AND ( `type` = 3 ) LIMIT 1   [ RunTime:0.000000s ]
SQL: SELECT * FROM `tp_customs` WHERE ( `agentid` = 0 ) AND ( `type` = 4 ) LIMIT 1   [ RunTime:0.000000s ]
SQL: SELECT * FROM `tp_customs` WHERE ( `agentid` = 0 ) AND ( `type` = 5 ) LIMIT 1   [ RunTime:0.000000s ]
SQL: SELECT * FROM `tp_customs` WHERE ( `agentid` = 0 ) AND ( `type` = 6 ) LIMIT 1   [ RunTime:0.000000s ]
NOTIC: [8] Undefined index: showNotice D:\webset\CMS\dogcms\Lib\Action\Home\IndexAction.class.php ç¬¬ 91 è¡Œ.
SQL: SHOW COLUMNS FROM `tp_links` [ RunTime:0.002930s ]
SQL: SELECT * FROM `tp_links` WHERE ( `status` = 1 ) AND ( `agentid` = 0 )  [ RunTime:0.000000s ]
SQL: SHOW COLUMNS FROM `tp_renew` [ RunTime:0.017579s ]
SQL: SHOW COLUMNS FROM `tp_banners` [ RunTime:0.014649s ]
SQL: SHOW COLUMNS FROM `tp_case` [ RunTime:0.020509s ]
SQL: SELECT * FROM `tp_renew` WHERE ( `agentid` = 0 ) ORDER BY id DESC LIMIT 5   [ RunTime:0.000000s ]
SQL: SELECT * FROM `tp_banners` WHERE ( `status` = 1 ) AND ( `agentid` = 0 ) ORDER BY id DESC  [ RunTime:0.000000s ]
SQL: SELECT * FROM `tp_case` WHERE ( `status` = 1 ) AND ( `agentid` = 0 ) ORDER BY id DESC LIMIT 10   [ RunTime:0.000977s ]
SQL: SHOW COLUMNS FROM `tp_news` [ RunTime:0.004883s ]
SQL: SELECT * FROM `tp_news` LIMIT 1   [ RunTime:0.000000s ]
SQL: SHOW COLUMNS FROM `tp_img` [ RunTime:0.002930s ]
SQL: SELECT * FROM `tp_img` WHERE ( `classid` = null ) ORDER BY id DESC LIMIT 5   [ RunTime:0.000976s ]
SQL: SELECT * FROM `tp_img` WHERE ( `classid` = null ) ORDER BY id DESC LIMIT 5   [ RunTime:0.000000s ]
SQL: SELECT * FROM `tp_img` WHERE ( `classid` = null ) ORDER BY id DESC LIMIT 5   [ RunTime:0.000000s ]
INFO: [ view_template ] --START--
INFO: Run LocationTemplate Behavior [ RunTime:-0.282238s ]
INFO: [ view_template ] --END-- [ RunTime:0.011719s ]
INFO: [ view_parse ] --START--
INFO: Run ParseTemplate Behavior [ RunTime:-0.293957s ]
INFO: [ view_parse ] --END-- [ RunTime:0.039064s ]
INFO: [ view_filter ] --START--
INFO: Run ContentReplace Behavior [ RunTime:-0.333021s ]
INFO: Run TokenBuild Behavior [ RunTime:-0.337904s ]
INFO: Run WriteHtmlCache Behavior [ RunTime:-0.344740s ]
INFO: Run ShowRuntime Behavior [ RunTime:-0.346693s ]
INFO: [ view_filter ] --END-- [ RunTime:0.020509s ]
SQL: SHOW COLUMNS FROM `tp_susceptible` [ RunTime:0.001954s ]
SQL: SELECT * FROM `tp_susceptible` LIMIT 1   [ RunTime:0.001953s ]
SQL: SELECT `word` FROM `tp_susceptible` WHERE ( `state` = 1 )  [ RunTime:0.000977s ]
NOTIC: [2] unlink(./Conf/logs/Temp/0/6/067efd6ffbb9b42e963ddba7e754f7e8.php): No such file or directory D:\webset\CMS\Lib\Driver\Cache\CacheFile.class.php ç¬¬ 176 è¡Œ.
NOTIC: [8] Undefined variable: word_array D:\webset\CMS\dogcms\Lib\ORG\Susceptible.class.php ç¬¬ 45 è¡Œ.
NOTIC: [8] Undefined variable: xing_array D:\webset\CMS\dogcms\Lib\ORG\Susceptible.class.php ç¬¬ 45 è¡Œ.
INFO: [ view_end ] --START--
INFO: Run ShowPageTrace Behavior [ RunTime:-0.392594s ]
INFO: [ view_end ] --END-- [ RunTime:0.002929s ]
INFO: [ app_end ] --START--
INFO: Run AccessCount Behavior [ RunTime:-0.396500s ]
INFO: [ app_end ] --END-- [ RunTime:0.006836s ]

[ 2016-04-29T18:11:57+08:00 ] 42.156.139.58 /index.php?a=common&g=Home&m=Index
SQL: SHOW COLUMNS FROM `tp_agent` [ RunTime:0.061525s ]
SQL: SELECT * FROM `tp_agent` WHERE ( `siteurl` = 'http://cms.yulihome.com' ) LIMIT 1   [ RunTime:0.000976s ]
INFO: [ app_begin ] --START--
INFO: Run ReadHtmlCache Behavior [ RunTime:0.003906s ]
INFO: [ app_begin ] --END-- [ RunTime:0.003906s ]
NOTIC: [8] Undefined index: cms.yulihome.comnomsite D:\webset\CMS\dogcms\Lib\Action\BaseAction.class.php ç¬¬ 39 è¡Œ.
SQL: SHOW COLUMNS FROM `tp_mobilesite` [ RunTime:0.033204s ]
NOTIC: [8] Undefined index: cms.yulihome.com D:\webset\CMS\dogcms\Lib\Action\BaseAction.class.php ç¬¬ 376 è¡Œ.
SQL: SELECT * FROM `tp_mobilesite` WHERE ( `owndomain` = 'cms.yulihome.com' ) LIMIT 1   [ RunTime:0.000000s ]
SQL: SELECT * FROM `tp_agent` WHERE ( `siteurl` = 'http://cms.yulihome.com' ) LIMIT 1   [ RunTime:0.000977s ]
NOTIC: [8] Constant STATICS already defined D:\webset\CMS\dogcms\Lib\Action\BaseAction.class.php ç¬¬ 128 è¡Œ.
SQL: SHOW COLUMNS FROM `tp_customs` [ RunTime:0.043947s ]
SQL: SHOW COLUMNS FROM `tp_images` [ RunTime:0.037111s ]
SQL: SELECT * FROM `tp_images` WHERE ( `agentid` = 0 ) LIMIT 1   [ RunTime:0.000000s ]
SQL: SELECT * FROM `tp_customs` WHERE ( `agentid` = 0 ) AND ( `type` = 1 ) LIMIT 1   [ RunTime:0.000000s ]
SQL: SELECT * FROM `tp_customs` WHERE ( `agentid` = 0 ) AND ( `type` = 2 ) LIMIT 1   [ RunTime:0.000977s ]
SQL: SELECT * FROM `tp_customs` WHERE ( `agentid` = 0 ) AND ( `type` = 3 ) LIMIT 1   [ RunTime:0.000000s ]
SQL: SELECT * FROM `tp_customs` WHERE ( `agentid` = 0 ) AND ( `type` = 4 ) LIMIT 1   [ RunTime:0.000000s ]
SQL: SELECT * FROM `tp_customs` WHERE ( `agentid` = 0 ) AND ( `type` = 5 ) LIMIT 1   [ RunTime:0.000977s ]
SQL: SELECT * FROM `tp_customs` WHERE ( `agentid` = 0 ) AND ( `type` = 6 ) LIMIT 1   [ RunTime:0.000000s ]
SQL: SHOW COLUMNS FROM `tp_case` [ RunTime:0.017578s ]
SQL: SELECT * FROM `tp_case` WHERE ( `status` = 1 ) AND ( `agentid` = 0 ) ORDER BY id DESC  [ RunTime:0.000000s ]
SQL: SHOW COLUMNS FROM `tp_caseclass` [ RunTime:0.015626s ]
SQL: SELECT * FROM `tp_caseclass`  [ RunTime:0.000000s ]
INFO: [ view_template ] --START--
INFO: Run LocationTemplate Behavior [ RunTime:-0.250010s ]
INFO: [ view_template ] --END-- [ RunTime:0.015625s ]
INFO: [ view_parse ] --START--
INFO: Run ParseTemplate Behavior [ RunTime:-0.265635s ]
INFO: [ view_parse ] --END-- [ RunTime:0.052737s ]
INFO: [ view_filter ] --START--
INFO: Run ContentReplace Behavior [ RunTime:-0.318372s ]
INFO: Run TokenBuild Behavior [ RunTime:-0.320325s ]
INFO: Run WriteHtmlCache Behavior [ RunTime:-0.333021s ]
INFO: Run ShowRuntime Behavior [ RunTime:-0.334974s ]
INFO: [ view_filter ] --END-- [ RunTime:0.023438s ]
SQL: SHOW COLUMNS FROM `tp_susceptible` [ RunTime:0.001953s ]
SQL: SELECT * FROM `tp_susceptible` LIMIT 1   [ RunTime:0.001953s ]
SQL: SELECT `word` FROM `tp_susceptible` WHERE ( `state` = 1 )  [ RunTime:0.000976s ]
NOTIC: [2] unlink(./Conf/logs/Temp/0/6/067efd6ffbb9b42e963ddba7e754f7e8.php): No such file or directory D:\webset\CMS\Lib\Driver\Cache\CacheFile.class.php ç¬¬ 176 è¡Œ.
NOTIC: [8] Undefined variable: word_array D:\webset\CMS\dogcms\Lib\ORG\Susceptible.class.php ç¬¬ 45 è¡Œ.
NOTIC: [8] Undefined variable: xing_array D:\webset\CMS\dogcms\Lib\ORG\Susceptible.class.php ç¬¬ 45 è¡Œ.
INFO: [ view_end ] --START--
INFO: Run ShowPageTrace Behavior [ RunTime:-0.383804s ]
INFO: [ view_end ] --END-- [ RunTime:0.004883s ]
INFO: [ app_end ] --START--
INFO: Run AccessCount Behavior [ RunTime:-0.388687s ]
INFO: [ app_end ] --END-- [ RunTime:0.000977s ]

[ 2016-04-29T18:52:59+08:00 ] 180.175.145.61 /index.php?g=Wap&m=School&a=index&token=dzqmpt1457533711&diymenu=1&code=031RRlbW0WOAFP1qZ4bW0gskbW0RRlbq&state=
INFO: [ app_begin ] --START--
INFO: Run ReadHtmlCache Behavior [ RunTime:0.000000s ]
INFO: [ app_begin ] --END-- [ RunTime:0.000000s ]
SQL: SHOW COLUMNS FROM `tp_agent` [ RunTime:0.002929s ]
SQL: SELECT * FROM `tp_agent` WHERE ( `siteurl` = 'http://cms.yulihome.com' ) LIMIT 1   [ RunTime:0.000000s ]
NOTIC: [8] Constant STATICS already defined D:\webset\CMS\dogcms\Lib\Action\BaseAction.class.php ç¬¬ 128 è¡Œ.
SQL: SHOW COLUMNS FROM `tp_wxuser` [ RunTime:0.001953s ]
SQL: SELECT * FROM `tp_wxuser` WHERE ( `token` = 'dzqmpt1457533711' ) LIMIT 1   [ RunTime:0.000000s ]
SQL: SHOW COLUMNS FROM `tp_users` [ RunTime:0.002930s ]
SQL: SELECT * FROM `tp_users` WHERE ( `id` = 13 ) LIMIT 1   [ RunTime:0.000977s ]
NOTIC: [2048] Non-static method getUserInfoModule::index() should not be called statically, assuming $this from incompatible context D:\webset\CMS\dogcms\Lib\Action\WapAction.class.php ç¬¬ 147 è¡Œ.
NOTIC: [8] Undefined index: ali D:\webset\CMS\dogcms\Lib\Action\WapAction.class.php ç¬¬ 149 è¡Œ.
NOTIC: [8] Undefined index: token_oauthed_dzqmpt1457533711 D:\webset\CMS\dogcms\Lib\Action\WapAction.class.php ç¬¬ 159 è¡Œ.
NOTIC: [8] Undefined index: token_openid_dzqmpt1457533711 D:\webset\CMS\dogcms\Lib\Action\WapAction.class.php ç¬¬ 160 è¡Œ.
SQL: SHOW COLUMNS FROM `tp_weixin_account` [ RunTime:0.001953s ]
SQL: SELECT * FROM `tp_weixin_account` WHERE ( `type` = 1 ) LIMIT 1   [ RunTime:0.000000s ]
SQL: SHOW COLUMNS FROM `tp_wxuser` [ RunTime:0.001954s ]
SQL: UPDATE `tp_wxuser` SET `type`='0' WHERE 1 [ RunTime:0.000976s ]
NOTIC: [8] Undefined index: wecha_id D:\webset\CMS\dogcms\Lib\Action\WapAction.class.php ç¬¬ 200 è¡Œ.
SQL: SELECT * FROM `tp_users` WHERE ( `id` = 13 ) LIMIT 1   [ RunTime:0.000000s ]
SQL: SELECT * FROM `tp_weixin_account` WHERE ( `type` = 1 ) LIMIT 1   [ RunTime:0.000000s ]
NOTIC: [8] Undefined index: wecha_id D:\webset\CMS\dogcms\Lib\Action\WapAction.class.php ç¬¬ 251 è¡Œ.
NOTIC: [8] Undefined index: wecha_id D:\webset\CMS\dogcms\Lib\Action\WapAction.class.php ç¬¬ 251 è¡Œ.
NOTIC: [8] Undefined variable: fansInfo D:\webset\CMS\dogcms\Lib\Action\WapAction.class.php ç¬¬ 252 è¡Œ.
NOTIC: [2] curl_setopt(): You must pass either an object or an array with the CURLOPT_HTTPHEADER, CURLOPT_QUOTE, CURLOPT_HTTP200ALIASES and CURLOPT_POSTQUOTE arguments D:\webset\CMS\dogcms\Lib\ORG\apiOauth.class.php ç¬¬ 275 è¡Œ.
NOTIC: [8] Undefined index: errcode D:\webset\CMS\dogcms\Lib\ORG\apiOauth.class.php ç¬¬ 292 è¡Œ.
SQL: SHOW COLUMNS FROM `tp_userinfo` [ RunTime:0.001953s ]
SQL: SELECT * FROM `tp_userinfo` WHERE ( `token` = 'dzqmpt1457533711' ) AND ( `fakeopenid` = 'oaQjasjeJwpy7yU5FtOLqHkTvlzs' ) LIMIT 1   [ RunTime:0.000000s ]
NOTIC: [2] curl_setopt(): You must pass either an object or an array with the CURLOPT_HTTPHEADER, CURLOPT_QUOTE, CURLOPT_HTTP200ALIASES and CURLOPT_POSTQUOTE arguments D:\webset\CMS\dogcms\Lib\ORG\apiOauth.class.php ç¬¬ 275 è¡Œ.
NOTIC: [8] Undefined index: errcode D:\webset\CMS\dogcms\Lib\ORG\apiOauth.class.php ç¬¬ 292 è¡Œ.
SQL: SHOW COLUMNS FROM `tp_userinfo` [ RunTime:0.002930s ]
SQL: UPDATE `tp_userinfo` SET `wechaname`='è¾›å°‘é£\ž',`sex`='1',`portrait`='http://wx.qlogo.cn/mmopen/ajNVdqHZLLCibPTdeoCOdl5yDSNFeNWm0Ujq53KHia5FfiaicqLJ3hJs0KLs3JmAKKwBjU8UVOBW2MiaHGwY4azupXA/0',`token`='dzqmpt1457533711',`wecha_id`='oaQjasjeJwpy7yU5FtOLqHkTvlzs',`city`='',`province`='ä¸Šæµ·',`truename`='è¾›å°‘é£\ž',`fakeopenid`='oaQjasjeJwpy7yU5FtOLqHkTvlzs' WHERE ( `id` = 1 ) [ RunTime:0.000000s ]
NOTIC: [8] Undefined index: yundabao D:\webset\CMS\dogcms\Lib\Action\WapAction.class.php ç¬¬ 413 è¡Œ.
SQL: SHOW COLUMNS FROM `tp_wechat_group_list` [ RunTime:0.003906s ]
SQL: SELECT * FROM `tp_wechat_group_list` WHERE ( `token` = 'dzqmpt1457533711' ) AND ( `openid` = 'oaQjasjeJwpy7yU5FtOLqHkTvlzs' ) LIMIT 1   [ RunTime:0.000977s ]
SQL: SHOW COLUMNS FROM `tp_home` [ RunTime:0.007813s ]
SQL: SELECT * FROM `tp_home` WHERE ( `token` = 'dzqmpt1457533711' ) LIMIT 1   [ RunTime:0.000000s ]
SQL: SHOW COLUMNS FROM `tp_catemenu` [ RunTime:0.028322s ]
SQL: SELECT * FROM `tp_catemenu` WHERE ( `token` = 'dzqmpt1457533711' ) AND ( `status` = 1 ) ORDER BY orderss desc  [ RunTime:0.016602s ]
SQL: SHOW COLUMNS FROM `tp_users` [ RunTime:0.001954s ]
SQL: SELECT * FROM `tp_users` WHERE ( `id` = 13 ) LIMIT 1   [ RunTime:0.000976s ]
SQL: SHOW COLUMNS FROM `tp_user_group` [ RunTime:0.001953s ]
SQL: SELECT * FROM `tp_user_group` WHERE ( `id` = 3 ) LIMIT 1   [ RunTime:0.000977s ]
SQL: SHOW COLUMNS FROM `tp_company` [ RunTime:0.004883s ]
SQL: SELECT * FROM `tp_company` WHERE ( `token` = 'dzqmpt1457533711' ) AND ( `isbranch` = 0 ) LIMIT 1   [ RunTime:0.026369s ]
SQL: SELECT * FROM `tp_weixin_account` WHERE ( `type` = 1 ) LIMIT 1   [ RunTime:0.000000s ]
NOTIC: [2] curl_setopt(): You must pass either an object or an array with the CURLOPT_HTTPHEADER, CURLOPT_QUOTE, CURLOPT_HTTP200ALIASES and CURLOPT_POSTQUOTE arguments D:\webset\CMS\dogcms\Lib\ORG\apiOauth.class.php ç¬¬ 275 è¡Œ.
NOTIC: [2] curl_setopt(): You must pass either an object or an array with the CURLOPT_HTTPHEADER, CURLOPT_QUOTE, CURLOPT_HTTP200ALIASES and CURLOPT_POSTQUOTE arguments D:\webset\CMS\dogcms\Lib\ORG\apiOauth.class.php ç¬¬ 275 è¡Œ.
NOTIC: [8] Undefined index: errcode D:\webset\CMS\dogcms\Lib\ORG\apiOauth.class.php ç¬¬ 292 è¡Œ.
NOTIC: [8] Undefined index: errcode D:\webset\CMS\dogcms\Lib\ORG\apiOauth.class.php ç¬¬ 143 è¡Œ.
NOTIC: [2] curl_setopt(): You must pass either an object or an array with the CURLOPT_HTTPHEADER, CURLOPT_QUOTE, CURLOPT_HTTP200ALIASES and CURLOPT_POSTQUOTE arguments D:\webset\CMS\dogcms\Lib\ORG\apiOauth.class.php ç¬¬ 275 è¡Œ.
SQL: SELECT `fakeopenid` FROM `tp_userinfo` WHERE ( `token` = 'dzqmpt1457533711' ) AND ( `wecha_id` = 'oaQjasjeJwpy7yU5FtOLqHkTvlzs' ) LIMIT 1   [ RunTime:0.000000s ]
SQL: SHOW COLUMNS FROM `tp_school_set_index` [ RunTime:0.002929s ]
SQL: SELECT * FROM `tp_school_set_index` WHERE ( `token` = 'dzqmpt1457533711' ) LIMIT 1   [ RunTime:0.000000s ]
SQL: SHOW COLUMNS FROM `tp_school_cat` [ RunTime:0.008790s ]
SQL: SELECT `url`,icon as img,`name` FROM `tp_school_cat` WHERE ( `token` = 'dzqmpt1457533711' ) AND ( `is_show` = '1' ) ORDER BY sort desc,id desc  [ RunTime:0.009766s ]
SQL: SELECT * FROM `tp_school_set_index` WHERE ( `token` = 'dzqmpt1457533711' ) LIMIT 1   [ RunTime:0.000000s ]
SQL: SHOW COLUMNS FROM `tp_photo_list` [ RunTime:0.015626s ]
SQL: SELECT * FROM `tp_photo_list` WHERE ( `token` = 'dzqmpt1457533711' ) AND ( `pid` = 1 ) ORDER BY sort desc  [ RunTime:0.014649s ]
NOTIC: [8] Undefined index: url D:\webset\CMS\dogcms\Lib\Action\Wap\SchoolAction.class.php ç¬¬ 57 è¡Œ.
NOTIC: [8] Undefined index: url D:\webset\CMS\dogcms\Lib\Action\Wap\SchoolAction.class.php ç¬¬ 57 è¡Œ.
NOTIC: [8] Undefined index: url D:\webset\CMS\dogcms\Lib\Action\Wap\SchoolAction.class.php ç¬¬ 57 è¡Œ.
NOTIC: [8] Undefined index: url D:\webset\CMS\dogcms\Lib\Action\Wap\SchoolAction.class.php ç¬¬ 57 è¡Œ.
NOTIC: [8] Undefined index: url D:\webset\CMS\dogcms\Lib\Action\Wap\SchoolAction.class.php ç¬¬ 57 è¡Œ.
SQL: SELECT * FROM `tp_home` WHERE ( `token` = 'dzqmpt1457533711' ) LIMIT 1   [ RunTime:0.000000s ]
SQL: SELECT `url`,icon as img,`name` FROM `tp_school_cat` WHERE ( `token` = 'dzqmpt1457533711' ) AND ( `is_show` = '1' ) ORDER BY sort desc,id desc  [ RunTime:0.000977s ]
INFO: [ view_template ] --START--
INFO: Run LocationTemplate Behavior [ RunTime:-1.274463s ]
INFO: [ view_template ] --END-- [ RunTime:0.048830s ]
INFO: [ view_parse ] --START--
NOTIC: [8] Undefined variable: zd D:\webset\CMS\Conf\logs\Cache\Wap\99d76a8a86813bff4e98e9effcce2ff2.php ç¬¬ 4 è¡Œ.
NOTIC: [8] Undefined variable: home D:\webset\CMS\Conf\logs\Cache\Wap\99d76a8a86813bff4e98e9effcce2ff2.php ç¬¬ 289 è¡Œ.
NOTIC: [8] Undefined variable: home D:\webset\CMS\Conf\logs\Cache\Wap\99d76a8a86813bff4e98e9effcce2ff2.php ç¬¬ 454 è¡Œ.
NOTIC: [8] Undefined variable: home D:\webset\CMS\Conf\logs\Cache\Wap\99d76a8a86813bff4e98e9effcce2ff2.php ç¬¬ 571 è¡Œ.
NOTIC: [8] Undefined variable: home D:\webset\CMS\Conf\logs\Cache\Wap\99d76a8a86813bff4e98e9effcce2ff2.php ç¬¬ 687 è¡Œ.
NOTIC: [2] Division by zero D:\webset\CMS\Conf\logs\Cache\Wap\99d76a8a86813bff4e98e9effcce2ff2.php ç¬¬ 788 è¡Œ.
NOTIC: [8] Undefined index: type D:\webset\CMS\Conf\logs\Cache\Wap\99d76a8a86813bff4e98e9effcce2ff2.php ç¬¬ 788 è¡Œ.
NOTIC: [8] Undefined index: bid D:\webset\CMS\Conf\logs\Cache\Wap\99d76a8a86813bff4e98e9effcce2ff2.php ç¬¬ 788 è¡Œ.
NOTIC: [8] Undefined index: wecha_id D:\webset\CMS\Conf\logs\Cache\Wap\99d76a8a86813bff4e98e9effcce2ff2.php ç¬¬ 788 è¡Œ.
NOTIC: [2] Division by zero D:\webset\CMS\Conf\logs\Cache\Wap\99d76a8a86813bff4e98e9effcce2ff2.php ç¬¬ 789 è¡Œ.
NOTIC: [8] Undefined index: type D:\webset\CMS\Conf\logs\Cache\Wap\99d76a8a86813bff4e98e9effcce2ff2.php ç¬¬ 789 è¡Œ.
NOTIC: [8] Undefined index: bid D:\webset\CMS\Conf\logs\Cache\Wap\99d76a8a86813bff4e98e9effcce2ff2.php ç¬¬ 789 è¡Œ.
NOTIC: [8] Undefined index: wecha_id D:\webset\CMS\Conf\logs\Cache\Wap\99d76a8a86813bff4e98e9effcce2ff2.php ç¬¬ 789 è¡Œ.
NOTIC: [2] Division by zero D:\webset\CMS\Conf\logs\Cache\Wap\99d76a8a86813bff4e98e9effcce2ff2.php ç¬¬ 790 è¡Œ.
NOTIC: [8] Undefined index: type D:\webset\CMS\Conf\logs\Cache\Wap\99d76a8a86813bff4e98e9effcce2ff2.php ç¬¬ 790 è¡Œ.
NOTIC: [8] Undefined index: bid D:\webset\CMS\Conf\logs\Cache\Wap\99d76a8a86813bff4e98e9effcce2ff2.php ç¬¬ 790 è¡Œ.
NOTIC: [8] Undefined index: wecha_id D:\webset\CMS\Conf\logs\Cache\Wap\99d76a8a86813bff4e98e9effcce2ff2.php ç¬¬ 790 è¡Œ.
INFO: Run ParseTemplate Behavior [ RunTime:-1.323293s ]
INFO: [ view_parse ] --END-- [ RunTime:0.069338s ]
INFO: [ view_filter ] --START--
INFO: Run ContentReplace Behavior [ RunTime:-1.392631s ]
INFO: Run TokenBuild Behavior [ RunTime:-1.400444s ]
INFO: Run WriteHtmlCache Behavior [ RunTime:-1.402397s ]
INFO: Run ShowRuntime Behavior [ RunTime:-1.403374s ]
INFO: [ view_filter ] --END-- [ RunTime:0.011720s ]
SQL: SHOW COLUMNS FROM `tp_susceptible` [ RunTime:0.000977s ]
SQL: SELECT * FROM `tp_susceptible` LIMIT 1   [ RunTime:0.000000s ]
SQL: SELECT `word` FROM `tp_susceptible` WHERE ( `state` = 1 )  [ RunTime:0.000977s ]
NOTIC: [2] unlink(./Conf/logs/Temp/0/6/067efd6ffbb9b42e963ddba7e754f7e8.php): No such file or directory D:\webset\CMS\Lib\Driver\Cache\CacheFile.class.php ç¬¬ 176 è¡Œ.
NOTIC: [8] Undefined variable: word_array D:\webset\CMS\dogcms\Lib\ORG\Susceptible.class.php ç¬¬ 45 è¡Œ.
NOTIC: [8] Undefined variable: xing_array D:\webset\CMS\dogcms\Lib\ORG\Susceptible.class.php ç¬¬ 45 è¡Œ.
INFO: [ view_end ] --START--
INFO: Run ShowPageTrace Behavior [ RunTime:-1.411187s ]
INFO: [ view_end ] --END-- [ RunTime:0.001953s ]
INFO: [ app_end ] --START--
SQL: SHOW COLUMNS FROM `tp_access_count` [ RunTime:0.018556s ]
SQL: SELECT * FROM `tp_access_count` WHERE ( `module` = 'wap' ) AND ( `controller` = 'school' ) AND ( `action` = 'index' ) AND ( `token` = 'dzqmpt1457533711' ) AND ( `create_time` >= 1461513600 ) LIMIT 1   [ RunTime:0.061525s ]
SQL: UPDATE `tp_access_count` SET `count`=count+1,`update_time`='1461927179' WHERE ( `id` = 842 ) [ RunTime:0.000977s ]
SQL: SELECT * FROM `tp_access_count` WHERE ( `module` = 'wap' ) AND ( `controller` = 'school' ) AND ( `action` = 'index' ) AND ( `token` = 'alltoken' ) AND ( `create_time` >= 1461859200 ) LIMIT 1   [ RunTime:0.000977s ]
SQL: DELETE FROM `tp_access_count` WHERE ( `module` = 'wap' ) AND ( `controller` = 'school' ) AND ( `action` = 'index' ) AND ( `token` = 'alltoken' ) AND ( `create_time` < 1455879179 ) [ RunTime:0.001953s ]
SQL: INSERT INTO `tp_access_count` (`module`,`controller`,`action`,`token`,`create_time`,`update_time`) VALUES ('wap','school','index','alltoken','1461927179','1461927179') [ RunTime:0.000000s ]
INFO: Run AccessCount Behavior [ RunTime:-1.414117s ]
INFO: [ app_end ] --END-- [ RunTime:0.089847s ]

[ 2016-04-29T23:30:59+08:00 ] 121.42.0.34 /
SQL: SHOW COLUMNS FROM `tp_agent` [ RunTime:0.002930s ]
SQL: SELECT * FROM `tp_agent` WHERE ( `siteurl` = 'http://cms.yulihome.com' ) LIMIT 1   [ RunTime:0.000977s ]
INFO: [ app_begin ] --START--
INFO: Run ReadHtmlCache Behavior [ RunTime:0.000000s ]
INFO: [ app_begin ] --END-- [ RunTime:0.000000s ]
SQL: SHOW COLUMNS FROM `tp_agent` [ RunTime:0.001953s ]
SQL: SELECT * FROM `tp_agent` WHERE ( `siteurl` = 'http://cms.yulihome.com' ) LIMIT 1   [ RunTime:0.000000s ]
NOTIC: [8] Undefined index: cms.yulihome.comnomsite D:\webset\CMS\dogcms\Lib\Action\BaseAction.class.php ç¬¬ 39 è¡Œ.
SQL: SHOW COLUMNS FROM `tp_mobilesite` [ RunTime:0.001953s ]
NOTIC: [8] Undefined index: cms.yulihome.com D:\webset\CMS\dogcms\Lib\Action\BaseAction.class.php ç¬¬ 376 è¡Œ.
SQL: SELECT * FROM `tp_mobilesite` WHERE ( `owndomain` = 'cms.yulihome.com' ) LIMIT 1   [ RunTime:0.000976s ]
SQL: SELECT * FROM `tp_agent` WHERE ( `siteurl` = 'http://cms.yulihome.com' ) LIMIT 1   [ RunTime:0.000977s ]
NOTIC: [8] Constant STATICS already defined D:\webset\CMS\dogcms\Lib\Action\BaseAction.class.php ç¬¬ 128 è¡Œ.
SQL: SHOW COLUMNS FROM `tp_customs` [ RunTime:0.001953s ]
SQL: SHOW COLUMNS FROM `tp_images` [ RunTime:0.001953s ]
SQL: SELECT * FROM `tp_images` WHERE ( `agentid` = 0 ) LIMIT 1   [ RunTime:0.000000s ]
SQL: SELECT * FROM `tp_customs` WHERE ( `agentid` = 0 ) AND ( `type` = 1 ) LIMIT 1   [ RunTime:0.000000s ]
SQL: SELECT * FROM `tp_customs` WHERE ( `agentid` = 0 ) AND ( `type` = 2 ) LIMIT 1   [ RunTime:0.000000s ]
SQL: SELECT * FROM `tp_customs` WHERE ( `agentid` = 0 ) AND ( `type` = 3 ) LIMIT 1   [ RunTime:0.000000s ]
SQL: SELECT * FROM `tp_customs` WHERE ( `agentid` = 0 ) AND ( `type` = 4 ) LIMIT 1   [ RunTime:0.000000s ]
SQL: SELECT * FROM `tp_customs` WHERE ( `agentid` = 0 ) AND ( `type` = 5 ) LIMIT 1   [ RunTime:0.000000s ]
SQL: SELECT * FROM `tp_customs` WHERE ( `agentid` = 0 ) AND ( `type` = 6 ) LIMIT 1   [ RunTime:0.000000s ]
NOTIC: [8] Undefined index: showNotice D:\webset\CMS\dogcms\Lib\Action\Home\IndexAction.class.php ç¬¬ 91 è¡Œ.
SQL: SHOW COLUMNS FROM `tp_links` [ RunTime:0.030275s ]
SQL: SELECT * FROM `tp_links` WHERE ( `status` = 1 ) AND ( `agentid` = 0 )  [ RunTime:0.000000s ]
SQL: SHOW COLUMNS FROM `tp_renew` [ RunTime:0.045900s ]
SQL: SHOW COLUMNS FROM `tp_banners` [ RunTime:0.048830s ]
SQL: SHOW COLUMNS FROM `tp_case` [ RunTime:0.001954s ]
SQL: SELECT * FROM `tp_renew` WHERE ( `agentid` = 0 ) ORDER BY id DESC LIMIT 5   [ RunTime:0.000000s ]
SQL: SELECT * FROM `tp_banners` WHERE ( `status` = 1 ) AND ( `agentid` = 0 ) ORDER BY id DESC  [ RunTime:0.000000s ]
SQL: SELECT * FROM `tp_case` WHERE ( `status` = 1 ) AND ( `agentid` = 0 ) ORDER BY id DESC LIMIT 10   [ RunTime:0.000000s ]
SQL: SHOW COLUMNS FROM `tp_news` [ RunTime:0.033204s ]
SQL: SELECT * FROM `tp_news` LIMIT 1   [ RunTime:0.000000s ]
SQL: SHOW COLUMNS FROM `tp_img` [ RunTime:0.010742s ]
SQL: SELECT * FROM `tp_img` WHERE ( `classid` = null ) ORDER BY id DESC LIMIT 5   [ RunTime:0.000977s ]
SQL: SELECT * FROM `tp_img` WHERE ( `classid` = null ) ORDER BY id DESC LIMIT 5   [ RunTime:0.000000s ]
SQL: SELECT * FROM `tp_img` WHERE ( `classid` = null ) ORDER BY id DESC LIMIT 5   [ RunTime:0.000976s ]
INFO: [ view_template ] --START--
INFO: Run LocationTemplate Behavior [ RunTime:-0.259775s ]
INFO: [ view_template ] --END-- [ RunTime:0.000000s ]
INFO: [ view_parse ] --START--
INFO: Run ParseTemplate Behavior [ RunTime:-0.260752s ]
INFO: [ view_parse ] --END-- [ RunTime:0.058596s ]
INFO: [ view_filter ] --START--
INFO: Run ContentReplace Behavior [ RunTime:-0.318371s ]
INFO: Run TokenBuild Behavior [ RunTime:-0.319348s ]
INFO: Run WriteHtmlCache Behavior [ RunTime:-0.319348s ]
INFO: Run ShowRuntime Behavior [ RunTime:-0.320325s ]
INFO: [ view_filter ] --END-- [ RunTime:0.001954s ]
SQL: SHOW COLUMNS FROM `tp_susceptible` [ RunTime:0.001953s ]
SQL: SELECT * FROM `tp_susceptible` LIMIT 1   [ RunTime:0.000977s ]
SQL: SELECT `word` FROM `tp_susceptible` WHERE ( `state` = 1 )  [ RunTime:0.000976s ]
NOTIC: [2] unlink(./Conf/logs/Temp/0/6/067efd6ffbb9b42e963ddba7e754f7e8.php): No such file or directory D:\webset\CMS\Lib\Driver\Cache\CacheFile.class.php ç¬¬ 176 è¡Œ.
NOTIC: [8] Undefined variable: word_array D:\webset\CMS\dogcms\Lib\ORG\Susceptible.class.php ç¬¬ 45 è¡Œ.
NOTIC: [8] Undefined variable: xing_array D:\webset\CMS\dogcms\Lib\ORG\Susceptible.class.php ç¬¬ 45 è¡Œ.
INFO: [ view_end ] --START--
INFO: Run ShowPageTrace Behavior [ RunTime:-0.326184s ]
INFO: [ view_end ] --END-- [ RunTime:0.000977s ]
INFO: [ app_end ] --START--
INFO: Run AccessCount Behavior [ RunTime:-0.327161s ]
INFO: [ app_end ] --END-- [ RunTime:0.000000s ]

