[ 2016-04-22T18:10:25+08:00 ] 42.156.136.101 /index.php?a=fc&g=Home&m=Index
SQL: SHOW COLUMNS FROM `tp_agent` [ RunTime:0.049807s ]
SQL: SELECT * FROM `tp_agent` WHERE ( `siteurl` = 'http://cms.yulihome.com' ) LIMIT 1   [ RunTime:0.000000s ]
INFO: [ app_begin ] --START--
INFO: Run ReadHtmlCache Behavior [ RunTime:0.003906s ]
INFO: [ app_begin ] --END-- [ RunTime:0.003906s ]
NOTIC: [8] Undefined index: cms.yulihome.comnomsite D:\webset\CMS\dogcms\Lib\Action\BaseAction.class.php 第 39 行.
SQL: SHOW COLUMNS FROM `tp_mobilesite` [ RunTime:0.027345s ]
NOTIC: [8] Undefined index: cms.yulihome.com D:\webset\CMS\dogcms\Lib\Action\BaseAction.class.php 第 376 行.
SQL: SELECT * FROM `tp_mobilesite` WHERE ( `owndomain` = 'cms.yulihome.com' ) LIMIT 1   [ RunTime:0.000000s ]
SQL: SELECT * FROM `tp_agent` WHERE ( `siteurl` = 'http://cms.yulihome.com' ) LIMIT 1   [ RunTime:0.000977s ]
NOTIC: [8] Constant STATICS already defined D:\webset\CMS\dogcms\Lib\Action\BaseAction.class.php 第 128 行.
SQL: SHOW COLUMNS FROM `tp_customs` [ RunTime:0.048830s ]
SQL: SHOW COLUMNS FROM `tp_images` [ RunTime:0.041994s ]
SQL: SELECT * FROM `tp_images` WHERE ( `agentid` = 0 ) LIMIT 1   [ RunTime:0.000000s ]
SQL: SELECT * FROM `tp_customs` WHERE ( `agentid` = 0 ) AND ( `type` = 1 ) LIMIT 1   [ RunTime:0.000000s ]
SQL: SELECT * FROM `tp_customs` WHERE ( `agentid` = 0 ) AND ( `type` = 2 ) LIMIT 1   [ RunTime:0.000000s ]
SQL: SELECT * FROM `tp_customs` WHERE ( `agentid` = 0 ) AND ( `type` = 3 ) LIMIT 1   [ RunTime:0.000000s ]
SQL: SELECT * FROM `tp_customs` WHERE ( `agentid` = 0 ) AND ( `type` = 4 ) LIMIT 1   [ RunTime:0.000000s ]
SQL: SELECT * FROM `tp_customs` WHERE ( `agentid` = 0 ) AND ( `type` = 5 ) LIMIT 1   [ RunTime:0.000000s ]
SQL: SELECT * FROM `tp_customs` WHERE ( `agentid` = 0 ) AND ( `type` = 6 ) LIMIT 1   [ RunTime:0.000000s ]
SQL: SHOW COLUMNS FROM `tp_funclass` [ RunTime:0.017579s ]
SQL: SELECT * FROM `tp_funclass` ORDER BY id ASC  [ RunTime:0.000000s ]
SQL: SHOW COLUMNS FROM `tp_funintro` [ RunTime:0.002929s ]
SQL: SELECT * FROM `tp_funintro` WHERE ( `classid` = null ) ORDER BY id ASC LIMIT 1   [ RunTime:0.000977s ]
SQL: SELECT `id`,`title`,`classid` FROM `tp_funintro` WHERE id>0 and type=0  [ RunTime:0.000000s ]
NOTIC: [8] Undefined variable: title D:\webset\CMS\dogcms\Lib\Action\Home\IndexAction.class.php 第 507 行.
INFO: [ view_template ] --START--
INFO: Run LocationTemplate Behavior [ RunTime:-0.318372s ]
INFO: [ view_template ] --END-- [ RunTime:0.012696s ]
INFO: [ view_parse ] --START--
INFO: Run ParseTemplate Behavior [ RunTime:-0.331068s ]
INFO: [ view_parse ] --END-- [ RunTime:0.058596s ]
INFO: [ view_filter ] --START--
INFO: Run ContentReplace Behavior [ RunTime:-0.389664s ]
INFO: Run TokenBuild Behavior [ RunTime:-0.391617s ]
INFO: Run WriteHtmlCache Behavior [ RunTime:-0.405289s ]
INFO: Run ShowRuntime Behavior [ RunTime:-0.407243s ]
INFO: [ view_filter ] --END-- [ RunTime:0.024415s ]
SQL: SHOW COLUMNS FROM `tp_susceptible` [ RunTime:0.000976s ]
SQL: SELECT * FROM `tp_susceptible` LIMIT 1   [ RunTime:0.001953s ]
SQL: SELECT `word` FROM `tp_susceptible` WHERE ( `state` = 1 )  [ RunTime:0.000976s ]
NOTIC: [2] unlink(./Conf/logs/Temp/0/6/067efd6ffbb9b42e963ddba7e754f7e8.php): No such file or directory D:\webset\CMS\Lib\Driver\Cache\CacheFile.class.php 第 176 行.
NOTIC: [8] Undefined variable: word_array D:\webset\CMS\dogcms\Lib\ORG\Susceptible.class.php 第 45 行.
NOTIC: [8] Undefined variable: xing_array D:\webset\CMS\dogcms\Lib\ORG\Susceptible.class.php 第 45 行.
INFO: [ view_end ] --START--
INFO: Run ShowPageTrace Behavior [ RunTime:-0.456073s ]
INFO: [ view_end ] --END-- [ RunTime:0.002929s ]
INFO: [ app_end ] --START--
INFO: Run AccessCount Behavior [ RunTime:-0.459002s ]
INFO: [ app_end ] --END-- [ RunTime:0.008790s ]

