[ 2016-04-23T14:16:46+08:00 ] ERR: (ThinkException) 模板不存在[./tpl/Home/weidogs1/Index_login.html]
[ 2016-04-23T14:16:47+08:00 ] 220.181.108.162 /
SQL: SHOW COLUMNS FROM `tp_agent` [ RunTime:0.003906s ]
SQL: SELECT * FROM `tp_agent` WHERE ( `siteurl` = 'http://cms.yulihome.com' ) LIMIT 1   [ RunTime:0.000977s ]
INFO: [ app_begin ] --START--
INFO: Run ReadHtmlCache Behavior [ RunTime:0.000000s ]
INFO: [ app_begin ] --END-- [ RunTime:0.000000s ]
SQL: SHOW COLUMNS FROM `tp_agent` [ RunTime:0.001953s ]
SQL: SELECT * FROM `tp_agent` WHERE ( `siteurl` = 'http://cms.yulihome.com' ) LIMIT 1   [ RunTime:0.000000s ]
SQL: SELECT * FROM `tp_agent` WHERE ( `siteurl` = 'http://cms.yulihome.com' ) LIMIT 1   [ RunTime:0.000977s ]
NOTIC: [8] Constant STATICS already defined D:\webset\CMS\dogcms\Lib\Action\BaseAction.class.php 第 128 行.
SQL: SHOW COLUMNS FROM `tp_customs` [ RunTime:0.001953s ]
SQL: SHOW COLUMNS FROM `tp_images` [ RunTime:0.001953s ]
SQL: SELECT * FROM `tp_images` WHERE ( `agentid` = 0 ) LIMIT 1   [ RunTime:0.000000s ]
SQL: SELECT * FROM `tp_customs` WHERE ( `agentid` = 0 ) AND ( `type` = 1 ) LIMIT 1   [ RunTime:0.000000s ]
SQL: SELECT * FROM `tp_customs` WHERE ( `agentid` = 0 ) AND ( `type` = 2 ) LIMIT 1   [ RunTime:0.000976s ]
SQL: SELECT * FROM `tp_customs` WHERE ( `agentid` = 0 ) AND ( `type` = 3 ) LIMIT 1   [ RunTime:0.000000s ]
SQL: SELECT * FROM `tp_customs` WHERE ( `agentid` = 0 ) AND ( `type` = 4 ) LIMIT 1   [ RunTime:0.000000s ]
SQL: SELECT * FROM `tp_customs` WHERE ( `agentid` = 0 ) AND ( `type` = 5 ) LIMIT 1   [ RunTime:0.000977s ]
SQL: SELECT * FROM `tp_customs` WHERE ( `agentid` = 0 ) AND ( `type` = 6 ) LIMIT 1   [ RunTime:0.000000s ]
NOTIC: [8] Undefined index: showNotice D:\webset\CMS\dogcms\Lib\Action\Home\IndexAction.class.php 第 91 行.
SQL: SHOW COLUMNS FROM `tp_links` [ RunTime:0.003906s ]
SQL: SELECT * FROM `tp_links` WHERE ( `status` = 1 ) AND ( `agentid` = 0 )  [ RunTime:0.000000s ]
SQL: SHOW COLUMNS FROM `tp_renew` [ RunTime:0.012694s ]
SQL: SHOW COLUMNS FROM `tp_banners` [ RunTime:0.007812s ]
SQL: SHOW COLUMNS FROM `tp_case` [ RunTime:0.027342s ]
SQL: SELECT * FROM `tp_renew` WHERE ( `agentid` = 0 ) ORDER BY id DESC LIMIT 5   [ RunTime:0.000977s ]
SQL: SELECT * FROM `tp_banners` WHERE ( `status` = 1 ) AND ( `agentid` = 0 ) ORDER BY id DESC  [ RunTime:0.000000s ]
SQL: SELECT * FROM `tp_case` WHERE ( `status` = 1 ) AND ( `agentid` = 0 ) ORDER BY id DESC LIMIT 10   [ RunTime:0.000976s ]
SQL: SHOW COLUMNS FROM `tp_news` [ RunTime:0.010741s ]
SQL: SELECT * FROM `tp_news` LIMIT 1   [ RunTime:0.000977s ]
SQL: SHOW COLUMNS FROM `tp_img` [ RunTime:0.003906s ]
SQL: SELECT * FROM `tp_img` WHERE ( `classid` = null ) ORDER BY id DESC LIMIT 5   [ RunTime:0.000977s ]
SQL: SELECT * FROM `tp_img` WHERE ( `classid` = null ) ORDER BY id DESC LIMIT 5   [ RunTime:0.000000s ]
SQL: SELECT * FROM `tp_img` WHERE ( `classid` = null ) ORDER BY id DESC LIMIT 5   [ RunTime:0.000000s ]
INFO: [ view_template ] --START--
INFO: Run LocationTemplate Behavior [ RunTime:-0.087885s ]
INFO: [ view_template ] --END-- [ RunTime:0.000976s ]
INFO: [ view_parse ] --START--
INFO: Run ParseTemplate Behavior [ RunTime:-0.088861s ]
INFO: [ view_parse ] --END-- [ RunTime:0.042966s ]
INFO: [ view_filter ] --START--
INFO: Run ContentReplace Behavior [ RunTime:-0.131827s ]
INFO: Run TokenBuild Behavior [ RunTime:-0.133780s ]
INFO: Run WriteHtmlCache Behavior [ RunTime:-0.144522s ]
INFO: Run ShowRuntime Behavior [ RunTime:-0.146475s ]
INFO: [ view_filter ] --END-- [ RunTime:0.020507s ]
SQL: SHOW COLUMNS FROM `tp_susceptible` [ RunTime:0.001953s ]
SQL: SELECT * FROM `tp_susceptible` LIMIT 1   [ RunTime:0.001953s ]
SQL: SELECT `word` FROM `tp_susceptible` WHERE ( `state` = 1 )  [ RunTime:0.000977s ]
NOTIC: [2] unlink(./Conf/logs/Temp/0/6/067efd6ffbb9b42e963ddba7e754f7e8.php): No such file or directory D:\webset\CMS\Lib\Driver\Cache\CacheFile.class.php 第 176 行.
NOTIC: [8] Undefined variable: word_array D:\webset\CMS\dogcms\Lib\ORG\Susceptible.class.php 第 45 行.
NOTIC: [8] Undefined variable: xing_array D:\webset\CMS\dogcms\Lib\ORG\Susceptible.class.php 第 45 行.
INFO: [ view_end ] --START--
INFO: Run ShowPageTrace Behavior [ RunTime:-0.197253s ]
INFO: [ view_end ] --END-- [ RunTime:0.003906s ]
INFO: [ app_end ] --START--
INFO: Run AccessCount Behavior [ RunTime:-0.201159s ]
INFO: [ app_end ] --END-- [ RunTime:0.004882s ]

[ 2016-04-23T14:50:05+08:00 ] 123.125.71.24 /
SQL: SHOW COLUMNS FROM `tp_agent` [ RunTime:0.002929s ]
SQL: SELECT * FROM `tp_agent` WHERE ( `siteurl` = 'http://cms.yulihome.com' ) LIMIT 1   [ RunTime:0.000000s ]
INFO: [ app_begin ] --START--
INFO: Run ReadHtmlCache Behavior [ RunTime:0.000000s ]
INFO: [ app_begin ] --END-- [ RunTime:0.000000s ]
SQL: SHOW COLUMNS FROM `tp_agent` [ RunTime:0.002930s ]
SQL: SELECT * FROM `tp_agent` WHERE ( `siteurl` = 'http://cms.yulihome.com' ) LIMIT 1   [ RunTime:0.000977s ]
NOTIC: [8] Undefined index: cms.yulihome.comnomsite D:\webset\CMS\dogcms\Lib\Action\BaseAction.class.php 第 39 行.
SQL: SHOW COLUMNS FROM `tp_mobilesite` [ RunTime:0.001953s ]
NOTIC: [8] Undefined index: cms.yulihome.com D:\webset\CMS\dogcms\Lib\Action\BaseAction.class.php 第 376 行.
SQL: SELECT * FROM `tp_mobilesite` WHERE ( `owndomain` = 'cms.yulihome.com' ) LIMIT 1   [ RunTime:0.000000s ]
SQL: SELECT * FROM `tp_agent` WHERE ( `siteurl` = 'http://cms.yulihome.com' ) LIMIT 1   [ RunTime:0.000000s ]
NOTIC: [8] Constant STATICS already defined D:\webset\CMS\dogcms\Lib\Action\BaseAction.class.php 第 128 行.
SQL: SHOW COLUMNS FROM `tp_customs` [ RunTime:0.001953s ]
SQL: SHOW COLUMNS FROM `tp_images` [ RunTime:0.001954s ]
SQL: SELECT * FROM `tp_images` WHERE ( `agentid` = 0 ) LIMIT 1   [ RunTime:0.000000s ]
SQL: SELECT * FROM `tp_customs` WHERE ( `agentid` = 0 ) AND ( `type` = 1 ) LIMIT 1   [ RunTime:0.000976s ]
SQL: SELECT * FROM `tp_customs` WHERE ( `agentid` = 0 ) AND ( `type` = 2 ) LIMIT 1   [ RunTime:0.000000s ]
SQL: SELECT * FROM `tp_customs` WHERE ( `agentid` = 0 ) AND ( `type` = 3 ) LIMIT 1   [ RunTime:0.000000s ]
SQL: SELECT * FROM `tp_customs` WHERE ( `agentid` = 0 ) AND ( `type` = 4 ) LIMIT 1   [ RunTime:0.000977s ]
SQL: SELECT * FROM `tp_customs` WHERE ( `agentid` = 0 ) AND ( `type` = 5 ) LIMIT 1   [ RunTime:0.000000s ]
SQL: SELECT * FROM `tp_customs` WHERE ( `agentid` = 0 ) AND ( `type` = 6 ) LIMIT 1   [ RunTime:0.000000s ]
NOTIC: [8] Undefined index: showNotice D:\webset\CMS\dogcms\Lib\Action\Home\IndexAction.class.php 第 91 行.
SQL: SHOW COLUMNS FROM `tp_links` [ RunTime:0.001954s ]
SQL: SELECT * FROM `tp_links` WHERE ( `status` = 1 ) AND ( `agentid` = 0 )  [ RunTime:0.000000s ]
SQL: SHOW COLUMNS FROM `tp_renew` [ RunTime:0.002929s ]
SQL: SHOW COLUMNS FROM `tp_banners` [ RunTime:0.001954s ]
SQL: SHOW COLUMNS FROM `tp_case` [ RunTime:0.001953s ]
SQL: SELECT * FROM `tp_renew` WHERE ( `agentid` = 0 ) ORDER BY id DESC LIMIT 5   [ RunTime:0.000000s ]
SQL: SELECT * FROM `tp_banners` WHERE ( `status` = 1 ) AND ( `agentid` = 0 ) ORDER BY id DESC  [ RunTime:0.000976s ]
SQL: SELECT * FROM `tp_case` WHERE ( `status` = 1 ) AND ( `agentid` = 0 ) ORDER BY id DESC LIMIT 10   [ RunTime:0.000000s ]
SQL: SHOW COLUMNS FROM `tp_news` [ RunTime:0.000977s ]
SQL: SELECT * FROM `tp_news` LIMIT 1   [ RunTime:0.000000s ]
SQL: SHOW COLUMNS FROM `tp_img` [ RunTime:0.002930s ]
SQL: SELECT * FROM `tp_img` WHERE ( `classid` = null ) ORDER BY id DESC LIMIT 5   [ RunTime:0.000000s ]
SQL: SELECT * FROM `tp_img` WHERE ( `classid` = null ) ORDER BY id DESC LIMIT 5   [ RunTime:0.000977s ]
SQL: SELECT * FROM `tp_img` WHERE ( `classid` = null ) ORDER BY id DESC LIMIT 5   [ RunTime:0.000000s ]
INFO: [ view_template ] --START--
INFO: Run LocationTemplate Behavior [ RunTime:-0.102543s ]
INFO: [ view_template ] --END-- [ RunTime:0.000976s ]
INFO: [ view_parse ] --START--
INFO: Run ParseTemplate Behavior [ RunTime:-0.103519s ]
INFO: [ view_parse ] --END-- [ RunTime:0.021485s ]
INFO: [ view_filter ] --START--
INFO: Run ContentReplace Behavior [ RunTime:-0.125004s ]
INFO: Run TokenBuild Behavior [ RunTime:-0.125981s ]
INFO: Run WriteHtmlCache Behavior [ RunTime:-0.125981s ]
INFO: Run ShowRuntime Behavior [ RunTime:-0.126958s ]
INFO: [ view_filter ] --END-- [ RunTime:0.001954s ]
SQL: SHOW COLUMNS FROM `tp_susceptible` [ RunTime:0.001953s ]
SQL: SELECT * FROM `tp_susceptible` LIMIT 1   [ RunTime:0.000000s ]
SQL: SELECT `word` FROM `tp_susceptible` WHERE ( `state` = 1 )  [ RunTime:0.000976s ]
NOTIC: [2] unlink(./Conf/logs/Temp/0/6/067efd6ffbb9b42e963ddba7e754f7e8.php): No such file or directory D:\webset\CMS\Lib\Driver\Cache\CacheFile.class.php 第 176 行.
NOTIC: [8] Undefined variable: word_array D:\webset\CMS\dogcms\Lib\ORG\Susceptible.class.php 第 45 行.
NOTIC: [8] Undefined variable: xing_array D:\webset\CMS\dogcms\Lib\ORG\Susceptible.class.php 第 45 行.
INFO: [ view_end ] --START--
INFO: Run ShowPageTrace Behavior [ RunTime:-0.132817s ]
INFO: [ view_end ] --END-- [ RunTime:0.000000s ]
INFO: [ app_end ] --START--
INFO: Run AccessCount Behavior [ RunTime:-0.133794s ]
INFO: [ app_end ] --END-- [ RunTime:0.000000s ]

[ 2016-04-23T15:23:25+08:00 ] 220.181.108.149 /index.php?g=Home&m=Index&a=reg
SQL: SHOW COLUMNS FROM `tp_agent` [ RunTime:0.002929s ]
SQL: SELECT * FROM `tp_agent` WHERE ( `siteurl` = 'http://cms.yulihome.com' ) LIMIT 1   [ RunTime:0.000000s ]
INFO: [ app_begin ] --START--
INFO: Run ReadHtmlCache Behavior [ RunTime:0.000000s ]
INFO: [ app_begin ] --END-- [ RunTime:0.000000s ]
NOTIC: [8] Undefined index: cms.yulihome.comnomsite D:\webset\CMS\dogcms\Lib\Action\BaseAction.class.php 第 39 行.
SQL: SHOW COLUMNS FROM `tp_mobilesite` [ RunTime:0.001953s ]
NOTIC: [8] Undefined index: cms.yulihome.com D:\webset\CMS\dogcms\Lib\Action\BaseAction.class.php 第 376 行.
SQL: SELECT * FROM `tp_mobilesite` WHERE ( `owndomain` = 'cms.yulihome.com' ) LIMIT 1   [ RunTime:0.000000s ]
SQL: SELECT * FROM `tp_agent` WHERE ( `siteurl` = 'http://cms.yulihome.com' ) LIMIT 1   [ RunTime:0.000977s ]
NOTIC: [8] Constant STATICS already defined D:\webset\CMS\dogcms\Lib\Action\BaseAction.class.php 第 128 行.
SQL: SHOW COLUMNS FROM `tp_customs` [ RunTime:0.001953s ]
SQL: SHOW COLUMNS FROM `tp_images` [ RunTime:0.001953s ]
SQL: SELECT * FROM `tp_images` WHERE ( `agentid` = 0 ) LIMIT 1   [ RunTime:0.000977s ]
SQL: SELECT * FROM `tp_customs` WHERE ( `agentid` = 0 ) AND ( `type` = 1 ) LIMIT 1   [ RunTime:0.000000s ]
SQL: SELECT * FROM `tp_customs` WHERE ( `agentid` = 0 ) AND ( `type` = 2 ) LIMIT 1   [ RunTime:0.000000s ]
SQL: SELECT * FROM `tp_customs` WHERE ( `agentid` = 0 ) AND ( `type` = 3 ) LIMIT 1   [ RunTime:0.000977s ]
SQL: SELECT * FROM `tp_customs` WHERE ( `agentid` = 0 ) AND ( `type` = 4 ) LIMIT 1   [ RunTime:0.000000s ]
SQL: SELECT * FROM `tp_customs` WHERE ( `agentid` = 0 ) AND ( `type` = 5 ) LIMIT 1   [ RunTime:0.000000s ]
SQL: SELECT * FROM `tp_customs` WHERE ( `agentid` = 0 ) AND ( `type` = 6 ) LIMIT 1   [ RunTime:0.000976s ]
INFO: [ view_template ] --START--
INFO: Run LocationTemplate Behavior [ RunTime:-0.025391s ]
INFO: [ view_template ] --END-- [ RunTime:0.000977s ]
INFO: [ view_parse ] --START--
INFO: Run ParseTemplate Behavior [ RunTime:-0.026368s ]
INFO: [ view_parse ] --END-- [ RunTime:0.043947s ]
INFO: [ view_filter ] --START--
INFO: Run ContentReplace Behavior [ RunTime:-0.070315s ]
INFO: Run TokenBuild Behavior [ RunTime:-0.070315s ]
INFO: Run WriteHtmlCache Behavior [ RunTime:-0.071291s ]
INFO: Run ShowRuntime Behavior [ RunTime:-0.071291s ]
INFO: [ view_filter ] --END-- [ RunTime:0.001953s ]
SQL: SHOW COLUMNS FROM `tp_susceptible` [ RunTime:0.000976s ]
SQL: SELECT * FROM `tp_susceptible` LIMIT 1   [ RunTime:0.000000s ]
SQL: SELECT `word` FROM `tp_susceptible` WHERE ( `state` = 1 )  [ RunTime:0.000000s ]
NOTIC: [2] unlink(./Conf/logs/Temp/0/6/067efd6ffbb9b42e963ddba7e754f7e8.php): No such file or directory D:\webset\CMS\Lib\Driver\Cache\CacheFile.class.php 第 176 行.
NOTIC: [8] Undefined variable: word_array D:\webset\CMS\dogcms\Lib\ORG\Susceptible.class.php 第 45 行.
NOTIC: [8] Undefined variable: xing_array D:\webset\CMS\dogcms\Lib\ORG\Susceptible.class.php 第 45 行.
INFO: [ view_end ] --START--
INFO: Run ShowPageTrace Behavior [ RunTime:-0.078128s ]
INFO: [ view_end ] --END-- [ RunTime:0.000976s ]
INFO: [ app_end ] --START--
INFO: Run AccessCount Behavior [ RunTime:-0.079104s ]
INFO: [ app_end ] --END-- [ RunTime:0.000000s ]

[ 2016-04-23T15:56:45+08:00 ] 220.181.108.184 /index.php?g=Home&m=Index&a=index
SQL: SHOW COLUMNS FROM `tp_agent` [ RunTime:0.002929s ]
SQL: SELECT * FROM `tp_agent` WHERE ( `siteurl` = 'http://cms.yulihome.com' ) LIMIT 1   [ RunTime:0.000000s ]
INFO: [ app_begin ] --START--
INFO: Run ReadHtmlCache Behavior [ RunTime:0.000000s ]
INFO: [ app_begin ] --END-- [ RunTime:0.000000s ]
SQL: SHOW COLUMNS FROM `tp_agent` [ RunTime:0.001954s ]
SQL: SELECT * FROM `tp_agent` WHERE ( `siteurl` = 'http://cms.yulihome.com' ) LIMIT 1   [ RunTime:0.000976s ]
NOTIC: [8] Undefined index: cms.yulihome.comnomsite D:\webset\CMS\dogcms\Lib\Action\BaseAction.class.php 第 39 行.
SQL: SHOW COLUMNS FROM `tp_mobilesite` [ RunTime:0.001953s ]
NOTIC: [8] Undefined index: cms.yulihome.com D:\webset\CMS\dogcms\Lib\Action\BaseAction.class.php 第 376 行.
SQL: SELECT * FROM `tp_mobilesite` WHERE ( `owndomain` = 'cms.yulihome.com' ) LIMIT 1   [ RunTime:0.000000s ]
SQL: SELECT * FROM `tp_agent` WHERE ( `siteurl` = 'http://cms.yulihome.com' ) LIMIT 1   [ RunTime:0.000977s ]
NOTIC: [8] Constant STATICS already defined D:\webset\CMS\dogcms\Lib\Action\BaseAction.class.php 第 128 行.
SQL: SHOW COLUMNS FROM `tp_customs` [ RunTime:0.001953s ]
SQL: SHOW COLUMNS FROM `tp_images` [ RunTime:0.001953s ]
SQL: SELECT * FROM `tp_images` WHERE ( `agentid` = 0 ) LIMIT 1   [ RunTime:0.000000s ]
SQL: SELECT * FROM `tp_customs` WHERE ( `agentid` = 0 ) AND ( `type` = 1 ) LIMIT 1   [ RunTime:0.000977s ]
SQL: SELECT * FROM `tp_customs` WHERE ( `agentid` = 0 ) AND ( `type` = 2 ) LIMIT 1   [ RunTime:0.000000s ]
SQL: SELECT * FROM `tp_customs` WHERE ( `agentid` = 0 ) AND ( `type` = 3 ) LIMIT 1   [ RunTime:0.000000s ]
SQL: SELECT * FROM `tp_customs` WHERE ( `agentid` = 0 ) AND ( `type` = 4 ) LIMIT 1   [ RunTime:0.000977s ]
SQL: SELECT * FROM `tp_customs` WHERE ( `agentid` = 0 ) AND ( `type` = 5 ) LIMIT 1   [ RunTime:0.000000s ]
SQL: SELECT * FROM `tp_customs` WHERE ( `agentid` = 0 ) AND ( `type` = 6 ) LIMIT 1   [ RunTime:0.000000s ]
NOTIC: [8] Undefined index: showNotice D:\webset\CMS\dogcms\Lib\Action\Home\IndexAction.class.php 第 91 行.
SQL: SHOW COLUMNS FROM `tp_links` [ RunTime:0.000977s ]
SQL: SELECT * FROM `tp_links` WHERE ( `status` = 1 ) AND ( `agentid` = 0 )  [ RunTime:0.000000s ]
SQL: SHOW COLUMNS FROM `tp_renew` [ RunTime:0.001954s ]
SQL: SHOW COLUMNS FROM `tp_banners` [ RunTime:0.001953s ]
SQL: SHOW COLUMNS FROM `tp_case` [ RunTime:0.001953s ]
SQL: SELECT * FROM `tp_renew` WHERE ( `agentid` = 0 ) ORDER BY id DESC LIMIT 5   [ RunTime:0.000000s ]
SQL: SELECT * FROM `tp_banners` WHERE ( `status` = 1 ) AND ( `agentid` = 0 ) ORDER BY id DESC  [ RunTime:0.000000s ]
SQL: SELECT * FROM `tp_case` WHERE ( `status` = 1 ) AND ( `agentid` = 0 ) ORDER BY id DESC LIMIT 10   [ RunTime:0.000000s ]
SQL: SHOW COLUMNS FROM `tp_news` [ RunTime:0.001953s ]
SQL: SELECT * FROM `tp_news` LIMIT 1   [ RunTime:0.000000s ]
SQL: SHOW COLUMNS FROM `tp_img` [ RunTime:0.001953s ]
SQL: SELECT * FROM `tp_img` WHERE ( `classid` = null ) ORDER BY id DESC LIMIT 5   [ RunTime:0.000000s ]
SQL: SELECT * FROM `tp_img` WHERE ( `classid` = null ) ORDER BY id DESC LIMIT 5   [ RunTime:0.000977s ]
SQL: SELECT * FROM `tp_img` WHERE ( `classid` = null ) ORDER BY id DESC LIMIT 5   [ RunTime:0.000000s ]
INFO: [ view_template ] --START--
INFO: Run LocationTemplate Behavior [ RunTime:-0.050783s ]
INFO: [ view_template ] --END-- [ RunTime:0.000976s ]
INFO: [ view_parse ] --START--
INFO: Run ParseTemplate Behavior [ RunTime:-0.051759s ]
INFO: [ view_parse ] --END-- [ RunTime:0.020509s ]
INFO: [ view_filter ] --START--
INFO: Run ContentReplace Behavior [ RunTime:-0.072268s ]
INFO: Run TokenBuild Behavior [ RunTime:-0.072268s ]
INFO: Run WriteHtmlCache Behavior [ RunTime:-0.073245s ]
INFO: Run ShowRuntime Behavior [ RunTime:-0.073245s ]
INFO: [ view_filter ] --END-- [ RunTime:0.001953s ]
SQL: SHOW COLUMNS FROM `tp_susceptible` [ RunTime:0.001953s ]
SQL: SELECT * FROM `tp_susceptible` LIMIT 1   [ RunTime:0.000000s ]
SQL: SELECT `word` FROM `tp_susceptible` WHERE ( `state` = 1 )  [ RunTime:0.000976s ]
NOTIC: [2] unlink(./Conf/logs/Temp/0/6/067efd6ffbb9b42e963ddba7e754f7e8.php): No such file or directory D:\webset\CMS\Lib\Driver\Cache\CacheFile.class.php 第 176 行.
NOTIC: [8] Undefined variable: word_array D:\webset\CMS\dogcms\Lib\ORG\Susceptible.class.php 第 45 行.
NOTIC: [8] Undefined variable: xing_array D:\webset\CMS\dogcms\Lib\ORG\Susceptible.class.php 第 45 行.
INFO: [ view_end ] --START--
INFO: Run ShowPageTrace Behavior [ RunTime:-0.079104s ]
INFO: [ view_end ] --END-- [ RunTime:0.000977s ]
INFO: [ app_end ] --START--
INFO: Run AccessCount Behavior [ RunTime:-0.080081s ]
INFO: [ app_end ] --END-- [ RunTime:0.000000s ]

[ 2016-04-23T16:30:05+08:00 ] 123.125.71.92 /index.php?g=Home&m=Index&a=about
SQL: SHOW COLUMNS FROM `tp_agent` [ RunTime:0.002930s ]
SQL: SELECT * FROM `tp_agent` WHERE ( `siteurl` = 'http://cms.yulihome.com' ) LIMIT 1   [ RunTime:0.000977s ]
INFO: [ app_begin ] --START--
INFO: Run ReadHtmlCache Behavior [ RunTime:0.000000s ]
INFO: [ app_begin ] --END-- [ RunTime:0.000976s ]
NOTIC: [8] Undefined index: cms.yulihome.comnomsite D:\webset\CMS\dogcms\Lib\Action\BaseAction.class.php 第 39 行.
SQL: SHOW COLUMNS FROM `tp_mobilesite` [ RunTime:0.001954s ]
NOTIC: [8] Undefined index: cms.yulihome.com D:\webset\CMS\dogcms\Lib\Action\BaseAction.class.php 第 376 行.
SQL: SELECT * FROM `tp_mobilesite` WHERE ( `owndomain` = 'cms.yulihome.com' ) LIMIT 1   [ RunTime:0.000000s ]
SQL: SELECT * FROM `tp_agent` WHERE ( `siteurl` = 'http://cms.yulihome.com' ) LIMIT 1   [ RunTime:0.000977s ]
NOTIC: [8] Constant STATICS already defined D:\webset\CMS\dogcms\Lib\Action\BaseAction.class.php 第 128 行.
SQL: SHOW COLUMNS FROM `tp_customs` [ RunTime:0.001953s ]
SQL: SHOW COLUMNS FROM `tp_images` [ RunTime:0.002930s ]
SQL: SELECT * FROM `tp_images` WHERE ( `agentid` = 0 ) LIMIT 1   [ RunTime:0.000000s ]
SQL: SELECT * FROM `tp_customs` WHERE ( `agentid` = 0 ) AND ( `type` = 1 ) LIMIT 1   [ RunTime:0.000000s ]
SQL: SELECT * FROM `tp_customs` WHERE ( `agentid` = 0 ) AND ( `type` = 2 ) LIMIT 1   [ RunTime:0.000000s ]
SQL: SELECT * FROM `tp_customs` WHERE ( `agentid` = 0 ) AND ( `type` = 3 ) LIMIT 1   [ RunTime:0.000000s ]
SQL: SELECT * FROM `tp_customs` WHERE ( `agentid` = 0 ) AND ( `type` = 4 ) LIMIT 1   [ RunTime:0.000000s ]
SQL: SELECT * FROM `tp_customs` WHERE ( `agentid` = 0 ) AND ( `type` = 5 ) LIMIT 1   [ RunTime:0.000000s ]
SQL: SELECT * FROM `tp_customs` WHERE ( `agentid` = 0 ) AND ( `type` = 6 ) LIMIT 1   [ RunTime:0.000000s ]
SQL: SHOW COLUMNS FROM `tp_funintro` [ RunTime:0.022461s ]
SQL: SELECT * FROM `tp_funintro` WHERE type=1 LIMIT 1   [ RunTime:0.000000s ]
SQL: SHOW COLUMNS FROM `tp_img` [ RunTime:0.002930s ]
SQL: SELECT * FROM `tp_img` WHERE ( `id` = null ) LIMIT 1   [ RunTime:0.000000s ]
INFO: [ view_template ] --START--
INFO: Run LocationTemplate Behavior [ RunTime:-0.087894s ]
INFO: [ view_template ] --END-- [ RunTime:0.000976s ]
INFO: [ view_parse ] --START--
INFO: Run ParseTemplate Behavior [ RunTime:-0.088870s ]
INFO: [ view_parse ] --END-- [ RunTime:0.035158s ]
INFO: [ view_filter ] --START--
INFO: Run ContentReplace Behavior [ RunTime:-0.124028s ]
INFO: Run TokenBuild Behavior [ RunTime:-0.124028s ]
INFO: Run WriteHtmlCache Behavior [ RunTime:-0.125005s ]
INFO: Run ShowRuntime Behavior [ RunTime:-0.125005s ]
INFO: [ view_filter ] --END-- [ RunTime:0.001953s ]
SQL: SHOW COLUMNS FROM `tp_susceptible` [ RunTime:0.000976s ]
SQL: SELECT * FROM `tp_susceptible` LIMIT 1   [ RunTime:0.000000s ]
SQL: SELECT `word` FROM `tp_susceptible` WHERE ( `state` = 1 )  [ RunTime:0.000976s ]
NOTIC: [2] unlink(./Conf/logs/Temp/0/6/067efd6ffbb9b42e963ddba7e754f7e8.php): No such file or directory D:\webset\CMS\Lib\Driver\Cache\CacheFile.class.php 第 176 行.
NOTIC: [8] Undefined variable: word_array D:\webset\CMS\dogcms\Lib\ORG\Susceptible.class.php 第 45 行.
NOTIC: [8] Undefined variable: xing_array D:\webset\CMS\dogcms\Lib\ORG\Susceptible.class.php 第 45 行.
INFO: [ view_end ] --START--
INFO: Run ShowPageTrace Behavior [ RunTime:-0.130864s ]
INFO: [ view_end ] --END-- [ RunTime:0.000977s ]
INFO: [ app_end ] --START--
INFO: Run AccessCount Behavior [ RunTime:-0.131841s ]
INFO: [ app_end ] --END-- [ RunTime:0.000976s ]

[ 2016-04-23T17:03:25+08:00 ] 220.181.108.99 /index.php?g=Home&m=Index&a=help
SQL: SHOW COLUMNS FROM `tp_agent` [ RunTime:0.002930s ]
SQL: SELECT * FROM `tp_agent` WHERE ( `siteurl` = 'http://cms.yulihome.com' ) LIMIT 1   [ RunTime:0.000977s ]
INFO: [ app_begin ] --START--
INFO: Run ReadHtmlCache Behavior [ RunTime:0.001953s ]
INFO: [ app_begin ] --END-- [ RunTime:0.001953s ]
NOTIC: [8] Undefined index: cms.yulihome.comnomsite D:\webset\CMS\dogcms\Lib\Action\BaseAction.class.php 第 39 行.
SQL: SHOW COLUMNS FROM `tp_mobilesite` [ RunTime:0.001953s ]
NOTIC: [8] Undefined index: cms.yulihome.com D:\webset\CMS\dogcms\Lib\Action\BaseAction.class.php 第 376 行.
SQL: SELECT * FROM `tp_mobilesite` WHERE ( `owndomain` = 'cms.yulihome.com' ) LIMIT 1   [ RunTime:0.000000s ]
SQL: SELECT * FROM `tp_agent` WHERE ( `siteurl` = 'http://cms.yulihome.com' ) LIMIT 1   [ RunTime:0.000000s ]
NOTIC: [8] Constant STATICS already defined D:\webset\CMS\dogcms\Lib\Action\BaseAction.class.php 第 128 行.
SQL: SHOW COLUMNS FROM `tp_customs` [ RunTime:0.001954s ]
SQL: SHOW COLUMNS FROM `tp_images` [ RunTime:0.001953s ]
SQL: SELECT * FROM `tp_images` WHERE ( `agentid` = 0 ) LIMIT 1   [ RunTime:0.000000s ]
SQL: SELECT * FROM `tp_customs` WHERE ( `agentid` = 0 ) AND ( `type` = 1 ) LIMIT 1   [ RunTime:0.000000s ]
SQL: SELECT * FROM `tp_customs` WHERE ( `agentid` = 0 ) AND ( `type` = 2 ) LIMIT 1   [ RunTime:0.000000s ]
SQL: SELECT * FROM `tp_customs` WHERE ( `agentid` = 0 ) AND ( `type` = 3 ) LIMIT 1   [ RunTime:0.000000s ]
SQL: SELECT * FROM `tp_customs` WHERE ( `agentid` = 0 ) AND ( `type` = 4 ) LIMIT 1   [ RunTime:0.000000s ]
SQL: SELECT * FROM `tp_customs` WHERE ( `agentid` = 0 ) AND ( `type` = 5 ) LIMIT 1   [ RunTime:0.000000s ]
SQL: SELECT * FROM `tp_customs` WHERE ( `agentid` = 0 ) AND ( `type` = 6 ) LIMIT 1   [ RunTime:0.000000s ]
INFO: [ view_template ] --START--
INFO: Run LocationTemplate Behavior [ RunTime:-0.020509s ]
INFO: [ view_template ] --END-- [ RunTime:0.001953s ]
INFO: [ view_parse ] --START--
INFO: Run ParseTemplate Behavior [ RunTime:-0.022462s ]
INFO: [ view_parse ] --END-- [ RunTime:0.042970s ]
INFO: [ view_filter ] --START--
INFO: Run ContentReplace Behavior [ RunTime:-0.065432s ]
INFO: Run TokenBuild Behavior [ RunTime:-0.066409s ]
INFO: Run WriteHtmlCache Behavior [ RunTime:-0.068362s ]
INFO: Run ShowRuntime Behavior [ RunTime:-0.069339s ]
INFO: [ view_filter ] --END-- [ RunTime:0.004883s ]
SQL: SHOW COLUMNS FROM `tp_susceptible` [ RunTime:0.001953s ]
SQL: SELECT * FROM `tp_susceptible` LIMIT 1   [ RunTime:0.000000s ]
SQL: SELECT `word` FROM `tp_susceptible` WHERE ( `state` = 1 )  [ RunTime:0.000977s ]
NOTIC: [2] unlink(./Conf/logs/Temp/0/6/067efd6ffbb9b42e963ddba7e754f7e8.php): No such file or directory D:\webset\CMS\Lib\Driver\Cache\CacheFile.class.php 第 176 行.
NOTIC: [8] Undefined variable: word_array D:\webset\CMS\dogcms\Lib\ORG\Susceptible.class.php 第 45 行.
NOTIC: [8] Undefined variable: xing_array D:\webset\CMS\dogcms\Lib\ORG\Susceptible.class.php 第 45 行.
INFO: [ view_end ] --START--
INFO: Run ShowPageTrace Behavior [ RunTime:-0.102543s ]
INFO: [ view_end ] --END-- [ RunTime:0.002930s ]
INFO: [ app_end ] --START--
INFO: Run AccessCount Behavior [ RunTime:-0.106449s ]
INFO: [ app_end ] --END-- [ RunTime:0.007813s ]

[ 2016-04-23T18:10:53+08:00 ] 42.156.136.101 /
SQL: SHOW COLUMNS FROM `tp_agent` [ RunTime:0.002930s ]
SQL: SELECT * FROM `tp_agent` WHERE ( `siteurl` = 'http://cms.yulihome.com' ) LIMIT 1   [ RunTime:0.000977s ]
INFO: [ app_begin ] --START--
INFO: Run ReadHtmlCache Behavior [ RunTime:0.001953s ]
INFO: [ app_begin ] --END-- [ RunTime:0.001953s ]
SQL: SHOW COLUMNS FROM `tp_agent` [ RunTime:0.001953s ]
SQL: SELECT * FROM `tp_agent` WHERE ( `siteurl` = 'http://cms.yulihome.com' ) LIMIT 1   [ RunTime:0.000000s ]
NOTIC: [8] Undefined index: cms.yulihome.comnomsite D:\webset\CMS\dogcms\Lib\Action\BaseAction.class.php 第 39 行.
SQL: SHOW COLUMNS FROM `tp_mobilesite` [ RunTime:0.001953s ]
NOTIC: [8] Undefined index: cms.yulihome.com D:\webset\CMS\dogcms\Lib\Action\BaseAction.class.php 第 376 行.
SQL: SELECT * FROM `tp_mobilesite` WHERE ( `owndomain` = 'cms.yulihome.com' ) LIMIT 1   [ RunTime:0.000000s ]
SQL: SELECT * FROM `tp_agent` WHERE ( `siteurl` = 'http://cms.yulihome.com' ) LIMIT 1   [ RunTime:0.000000s ]
NOTIC: [8] Constant STATICS already defined D:\webset\CMS\dogcms\Lib\Action\BaseAction.class.php 第 128 行.
SQL: SHOW COLUMNS FROM `tp_customs` [ RunTime:0.001953s ]
SQL: SHOW COLUMNS FROM `tp_images` [ RunTime:0.001953s ]
SQL: SELECT * FROM `tp_images` WHERE ( `agentid` = 0 ) LIMIT 1   [ RunTime:0.000977s ]
SQL: SELECT * FROM `tp_customs` WHERE ( `agentid` = 0 ) AND ( `type` = 1 ) LIMIT 1   [ RunTime:0.000000s ]
SQL: SELECT * FROM `tp_customs` WHERE ( `agentid` = 0 ) AND ( `type` = 2 ) LIMIT 1   [ RunTime:0.000976s ]
SQL: SELECT * FROM `tp_customs` WHERE ( `agentid` = 0 ) AND ( `type` = 3 ) LIMIT 1   [ RunTime:0.000000s ]
SQL: SELECT * FROM `tp_customs` WHERE ( `agentid` = 0 ) AND ( `type` = 4 ) LIMIT 1   [ RunTime:0.000000s ]
SQL: SELECT * FROM `tp_customs` WHERE ( `agentid` = 0 ) AND ( `type` = 5 ) LIMIT 1   [ RunTime:0.000977s ]
SQL: SELECT * FROM `tp_customs` WHERE ( `agentid` = 0 ) AND ( `type` = 6 ) LIMIT 1   [ RunTime:0.000000s ]
NOTIC: [8] Undefined index: showNotice D:\webset\CMS\dogcms\Lib\Action\Home\IndexAction.class.php 第 91 行.
SQL: SHOW COLUMNS FROM `tp_links` [ RunTime:0.024415s ]
SQL: SELECT * FROM `tp_links` WHERE ( `status` = 1 ) AND ( `agentid` = 0 )  [ RunTime:0.000000s ]
SQL: SHOW COLUMNS FROM `tp_renew` [ RunTime:0.018555s ]
SQL: SHOW COLUMNS FROM `tp_banners` [ RunTime:0.011720s ]
SQL: SHOW COLUMNS FROM `tp_case` [ RunTime:0.008789s ]
SQL: SELECT * FROM `tp_renew` WHERE ( `agentid` = 0 ) ORDER BY id DESC LIMIT 5   [ RunTime:0.000977s ]
SQL: SELECT * FROM `tp_banners` WHERE ( `status` = 1 ) AND ( `agentid` = 0 ) ORDER BY id DESC  [ RunTime:0.000000s ]
SQL: SELECT * FROM `tp_case` WHERE ( `status` = 1 ) AND ( `agentid` = 0 ) ORDER BY id DESC LIMIT 10   [ RunTime:0.000976s ]
SQL: SHOW COLUMNS FROM `tp_news` [ RunTime:0.017578s ]
SQL: SELECT * FROM `tp_news` LIMIT 1   [ RunTime:0.000000s ]
SQL: SHOW COLUMNS FROM `tp_img` [ RunTime:0.007813s ]
SQL: SELECT * FROM `tp_img` WHERE ( `classid` = null ) ORDER BY id DESC LIMIT 5   [ RunTime:0.000000s ]
SQL: SELECT * FROM `tp_img` WHERE ( `classid` = null ) ORDER BY id DESC LIMIT 5   [ RunTime:0.000000s ]
SQL: SELECT * FROM `tp_img` WHERE ( `classid` = null ) ORDER BY id DESC LIMIT 5   [ RunTime:0.000977s ]
INFO: [ view_template ] --START--
INFO: Run LocationTemplate Behavior [ RunTime:-0.212899s ]
INFO: [ view_template ] --END-- [ RunTime:0.001953s ]
INFO: [ view_parse ] --START--
INFO: Run ParseTemplate Behavior [ RunTime:-0.214852s ]
INFO: [ view_parse ] --END-- [ RunTime:0.035158s ]
INFO: [ view_filter ] --START--
INFO: Run ContentReplace Behavior [ RunTime:-0.250010s ]
INFO: Run TokenBuild Behavior [ RunTime:-0.251963s ]
INFO: Run WriteHtmlCache Behavior [ RunTime:-0.253916s ]
INFO: Run ShowRuntime Behavior [ RunTime:-0.254893s ]
INFO: [ view_filter ] --END-- [ RunTime:0.005859s ]
SQL: SHOW COLUMNS FROM `tp_susceptible` [ RunTime:0.001953s ]
SQL: SELECT * FROM `tp_susceptible` LIMIT 1   [ RunTime:0.000000s ]
SQL: SELECT `word` FROM `tp_susceptible` WHERE ( `state` = 1 )  [ RunTime:0.000000s ]
NOTIC: [2] unlink(./Conf/logs/Temp/0/6/067efd6ffbb9b42e963ddba7e754f7e8.php): No such file or directory D:\webset\CMS\Lib\Driver\Cache\CacheFile.class.php 第 176 行.
NOTIC: [8] Undefined variable: word_array D:\webset\CMS\dogcms\Lib\ORG\Susceptible.class.php 第 45 行.
NOTIC: [8] Undefined variable: xing_array D:\webset\CMS\dogcms\Lib\ORG\Susceptible.class.php 第 45 行.
INFO: [ view_end ] --START--
INFO: Run ShowPageTrace Behavior [ RunTime:-0.281261s ]
INFO: [ view_end ] --END-- [ RunTime:0.001953s ]
INFO: [ app_end ] --START--
INFO: Run AccessCount Behavior [ RunTime:-0.284191s ]
INFO: [ app_end ] --END-- [ RunTime:0.001953s ]

