[ 2016-04-28T08:41:48+08:00 ] 180.173.50.245 /index.php?g=User&m=School&a=subscribe_add&token=dzqmpt1457533711&addtype=course
INFO: [ app_begin ] --START--
INFO: Run ReadHtmlCache Behavior [ RunTime:0.002930s ]
INFO: [ app_begin ] --END-- [ RunTime:0.004883s ]
SQL: SHOW COLUMNS FROM `tp_agent` [ RunTime:0.082034s ]
SQL: SELECT * FROM `tp_agent` WHERE ( `siteurl` = 'http://cms.yulihome.com' ) LIMIT 1   [ RunTime:0.000976s ]
NOTIC: [8] Constant STATICS already defined D:\webset\CMS\dogcms\Lib\Action\BaseAction.class.php 第 128 行.
SQL: SHOW COLUMNS FROM `tp_customs` [ RunTime:0.039064s ]
SQL: SELECT * FROM `tp_customs` WHERE ( `agentid` = 0 ) AND ( `type` = 1 ) LIMIT 1   [ RunTime:0.000000s ]
SQL: SELECT * FROM `tp_customs` WHERE ( `agentid` = 0 ) AND ( `type` = 2 ) LIMIT 1   [ RunTime:0.000000s ]
SQL: SELECT * FROM `tp_customs` WHERE ( `agentid` = 0 ) AND ( `type` = 3 ) LIMIT 1   [ RunTime:0.000000s ]
SQL: SELECT * FROM `tp_customs` WHERE ( `agentid` = 0 ) AND ( `type` = 4 ) LIMIT 1   [ RunTime:0.000000s ]
SQL: SELECT * FROM `tp_customs` WHERE ( `agentid` = 0 ) AND ( `type` = 5 ) LIMIT 1   [ RunTime:0.000000s ]
SQL: SELECT * FROM `tp_customs` WHERE ( `agentid` = 0 ) AND ( `type` = 6 ) LIMIT 1   [ RunTime:0.000000s ]
SQL: SHOW COLUMNS FROM `tp_user_group` [ RunTime:0.044923s ]
SQL: SELECT * FROM `tp_user_group` WHERE ( `id` = 3 ) LIMIT 1   [ RunTime:0.001953s ]
SQL: SHOW COLUMNS FROM `tp_users` [ RunTime:0.005860s ]
SQL: SELECT * FROM `tp_users` WHERE ( `id` = 13 ) LIMIT 1   [ RunTime:0.000000s ]
SQL: SHOW COLUMNS FROM `tp_token_open` [ RunTime:0.012695s ]
SQL: SELECT `queryname` FROM `tp_token_open` WHERE ( `token` = 'dzqmpt1457533711' ) LIMIT 1   [ RunTime:0.001954s ]
SQL: SHOW COLUMNS FROM `tp_function` [ RunTime:0.016602s ]
SQL: SELECT `func` FROM `tp_user_group` WHERE ( `id` = 3 ) LIMIT 1   [ RunTime:0.000000s ]
SQL: SELECT `id`,`funname` FROM `tp_function` WHERE ( `status` = 1 )  [ RunTime:0.001953s ]
NOTIC: [8] Undefined variable: allCloseFunc D:\webset\CMS\dogcms\Lib\Action\UserAction.class.php 第 110 行.
NOTIC: [2] in_array() expects parameter 2 to be array, null given D:\webset\CMS\dogcms\Lib\Action\UserAction.class.php 第 110 行.
NOTIC: [8] Undefined variable: allCloseFunc D:\webset\CMS\dogcms\Lib\Action\UserAction.class.php 第 110 行.
NOTIC: [2] in_array() expects parameter 2 to be array, null given D:\webset\CMS\dogcms\Lib\Action\UserAction.class.php 第 110 行.
NOTIC: [8] Undefined variable: allCloseFunc D:\webset\CMS\dogcms\Lib\Action\UserAction.class.php 第 110 行.
NOTIC: [2] in_array() expects parameter 2 to be array, null given D:\webset\CMS\dogcms\Lib\Action\UserAction.class.php 第 110 行.
NOTIC: [8] Undefined variable: allCloseFunc D:\webset\CMS\dogcms\Lib\Action\UserAction.class.php 第 110 行.
NOTIC: [2] in_array() expects parameter 2 to be array, null given D:\webset\CMS\dogcms\Lib\Action\UserAction.class.php 第 110 行.
NOTIC: [8] Undefined variable: allCloseFunc D:\webset\CMS\dogcms\Lib\Action\UserAction.class.php 第 110 行.
NOTIC: [2] in_array() expects parameter 2 to be array, null given D:\webset\CMS\dogcms\Lib\Action\UserAction.class.php 第 110 行.
NOTIC: [8] Undefined variable: allCloseFunc D:\webset\CMS\dogcms\Lib\Action\UserAction.class.php 第 110 行.
NOTIC: [2] in_array() expects parameter 2 to be array, null given D:\webset\CMS\dogcms\Lib\Action\UserAction.class.php 第 110 行.
NOTIC: [8] Undefined variable: allCloseFunc D:\webset\CMS\dogcms\Lib\Action\UserAction.class.php 第 110 行.
NOTIC: [2] in_array() expects parameter 2 to be array, null given D:\webset\CMS\dogcms\Lib\Action\UserAction.class.php 第 110 行.
NOTIC: [8] Undefined variable: allCloseFunc D:\webset\CMS\dogcms\Lib\Action\UserAction.class.php 第 110 行.
NOTIC: [2] in_array() expects parameter 2 to be array, null given D:\webset\CMS\dogcms\Lib\Action\UserAction.class.php 第 110 行.
NOTIC: [8] Undefined variable: allCloseFunc D:\webset\CMS\dogcms\Lib\Action\UserAction.class.php 第 110 行.
NOTIC: [2] in_array() expects parameter 2 to be array, null given D:\webset\CMS\dogcms\Lib\Action\UserAction.class.php 第 110 行.
NOTIC: [8] Undefined variable: allCloseFunc D:\webset\CMS\dogcms\Lib\Action\UserAction.class.php 第 110 行.
NOTIC: [2] in_array() expects parameter 2 to be array, null given D:\webset\CMS\dogcms\Lib\Action\UserAction.class.php 第 110 行.
NOTIC: [8] Undefined variable: allCloseFunc D:\webset\CMS\dogcms\Lib\Action\UserAction.class.php 第 110 行.
NOTIC: [2] in_array() expects parameter 2 to be array, null given D:\webset\CMS\dogcms\Lib\Action\UserAction.class.php 第 110 行.
NOTIC: [8] Undefined variable: allCloseFunc D:\webset\CMS\dogcms\Lib\Action\UserAction.class.php 第 110 行.
NOTIC: [2] in_array() expects parameter 2 to be array, null given D:\webset\CMS\dogcms\Lib\Action\UserAction.class.php 第 110 行.
NOTIC: [8] Undefined variable: allCloseFunc D:\webset\CMS\dogcms\Lib\Action\UserAction.class.php 第 110 行.
NOTIC: [2] in_array() expects parameter 2 to be array, null given D:\webset\CMS\dogcms\Lib\Action\UserAction.class.php 第 110 行.
NOTIC: [8] Undefined variable: allCloseFunc D:\webset\CMS\dogcms\Lib\Action\UserAction.class.php 第 110 行.
NOTIC: [2] in_array() expects parameter 2 to be array, null given D:\webset\CMS\dogcms\Lib\Action\UserAction.class.php 第 110 行.
NOTIC: [8] Undefined variable: allCloseFunc D:\webset\CMS\dogcms\Lib\Action\UserAction.class.php 第 110 行.
NOTIC: [2] in_array() expects parameter 2 to be array, null given D:\webset\CMS\dogcms\Lib\Action\UserAction.class.php 第 110 行.
NOTIC: [8] Undefined variable: allCloseFunc D:\webset\CMS\dogcms\Lib\Action\UserAction.class.php 第 110 行.
NOTIC: [2] in_array() expects parameter 2 to be array, null given D:\webset\CMS\dogcms\Lib\Action\UserAction.class.php 第 110 行.
NOTIC: [8] Undefined variable: allCloseFunc D:\webset\CMS\dogcms\Lib\Action\UserAction.class.php 第 110 行.
NOTIC: [2] in_array() expects parameter 2 to be array, null given D:\webset\CMS\dogcms\Lib\Action\UserAction.class.php 第 110 行.
NOTIC: [8] Undefined variable: allCloseFunc D:\webset\CMS\dogcms\Lib\Action\UserAction.class.php 第 110 行.
NOTIC: [2] in_array() expects parameter 2 to be array, null given D:\webset\CMS\dogcms\Lib\Action\UserAction.class.php 第 110 行.
NOTIC: [8] Undefined variable: allCloseFunc D:\webset\CMS\dogcms\Lib\Action\UserAction.class.php 第 110 行.
NOTIC: [2] in_array() expects parameter 2 to be array, null given D:\webset\CMS\dogcms\Lib\Action\UserAction.class.php 第 110 行.
NOTIC: [8] Undefined variable: allCloseFunc D:\webset\CMS\dogcms\Lib\Action\UserAction.class.php 第 110 行.
NOTIC: [2] in_array() expects parameter 2 to be array, null given D:\webset\CMS\dogcms\Lib\Action\UserAction.class.php 第 110 行.
NOTIC: [8] Undefined variable: allCloseFunc D:\webset\CMS\dogcms\Lib\Action\UserAction.class.php 第 110 行.
NOTIC: [2] in_array() expects parameter 2 to be array, null given D:\webset\CMS\dogcms\Lib\Action\UserAction.class.php 第 110 行.
NOTIC: [8] Undefined variable: allCloseFunc D:\webset\CMS\dogcms\Lib\Action\UserAction.class.php 第 110 行.
NOTIC: [2] in_array() expects parameter 2 to be array, null given D:\webset\CMS\dogcms\Lib\Action\UserAction.class.php 第 110 行.
NOTIC: [8] Undefined variable: allCloseFunc D:\webset\CMS\dogcms\Lib\Action\UserAction.class.php 第 110 行.
NOTIC: [2] in_array() expects parameter 2 to be array, null given D:\webset\CMS\dogcms\Lib\Action\UserAction.class.php 第 110 行.
NOTIC: [8] Undefined variable: allCloseFunc D:\webset\CMS\dogcms\Lib\Action\UserAction.class.php 第 110 行.
NOTIC: [2] in_array() expects parameter 2 to be array, null given D:\webset\CMS\dogcms\Lib\Action\UserAction.class.php 第 110 行.
NOTIC: [8] Undefined variable: allCloseFunc D:\webset\CMS\dogcms\Lib\Action\UserAction.class.php 第 110 行.
NOTIC: [2] in_array() expects parameter 2 to be array, null given D:\webset\CMS\dogcms\Lib\Action\UserAction.class.php 第 110 行.
NOTIC: [8] Undefined variable: allCloseFunc D:\webset\CMS\dogcms\Lib\Action\UserAction.class.php 第 110 行.
NOTIC: [2] in_array() expects parameter 2 to be array, null given D:\webset\CMS\dogcms\Lib\Action\UserAction.class.php 第 110 行.
NOTIC: [8] Undefined variable: allCloseFunc D:\webset\CMS\dogcms\Lib\Action\UserAction.class.php 第 110 行.
NOTIC: [2] in_array() expects parameter 2 to be array, null given D:\webset\CMS\dogcms\Lib\Action\UserAction.class.php 第 110 行.
NOTIC: [8] Undefined variable: allCloseFunc D:\webset\CMS\dogcms\Lib\Action\UserAction.class.php 第 110 行.
NOTIC: [2] in_array() expects parameter 2 to be array, null given D:\webset\CMS\dogcms\Lib\Action\UserAction.class.php 第 110 行.
NOTIC: [8] Undefined variable: allCloseFunc D:\webset\CMS\dogcms\Lib\Action\UserAction.class.php 第 110 行.
NOTIC: [2] in_array() expects parameter 2 to be array, null given D:\webset\CMS\dogcms\Lib\Action\UserAction.class.php 第 110 行.
NOTIC: [8] Undefined variable: allCloseFunc D:\webset\CMS\dogcms\Lib\Action\UserAction.class.php 第 110 行.
NOTIC: [2] in_array() expects parameter 2 to be array, null given D:\webset\CMS\dogcms\Lib\Action\UserAction.class.php 第 110 行.
NOTIC: [8] Undefined variable: allCloseFunc D:\webset\CMS\dogcms\Lib\Action\UserAction.class.php 第 110 行.
NOTIC: [2] in_array() expects parameter 2 to be array, null given D:\webset\CMS\dogcms\Lib\Action\UserAction.class.php 第 110 行.
NOTIC: [8] Undefined variable: allCloseFunc D:\webset\CMS\dogcms\Lib\Action\UserAction.class.php 第 110 行.
NOTIC: [2] in_array() expects parameter 2 to be array, null given D:\webset\CMS\dogcms\Lib\Action\UserAction.class.php 第 110 行.
NOTIC: [8] Undefined variable: allCloseFunc D:\webset\CMS\dogcms\Lib\Action\UserAction.class.php 第 110 行.
NOTIC: [2] in_array() expects parameter 2 to be array, null given D:\webset\CMS\dogcms\Lib\Action\UserAction.class.php 第 110 行.
NOTIC: [8] Undefined variable: allCloseFunc D:\webset\CMS\dogcms\Lib\Action\UserAction.class.php 第 110 行.
NOTIC: [2] in_array() expects parameter 2 to be array, null given D:\webset\CMS\dogcms\Lib\Action\UserAction.class.php 第 110 行.
NOTIC: [8] Undefined variable: allCloseFunc D:\webset\CMS\dogcms\Lib\Action\UserAction.class.php 第 110 行.
NOTIC: [2] in_array() expects parameter 2 to be array, null given D:\webset\CMS\dogcms\Lib\Action\UserAction.class.php 第 110 行.
NOTIC: [8] Undefined variable: allCloseFunc D:\webset\CMS\dogcms\Lib\Action\UserAction.class.php 第 110 行.
NOTIC: [2] in_array() expects parameter 2 to be array, null given D:\webset\CMS\dogcms\Lib\Action\UserAction.class.php 第 110 行.
NOTIC: [8] Undefined variable: allCloseFunc D:\webset\CMS\dogcms\Lib\Action\UserAction.class.php 第 110 行.
NOTIC: [2] in_array() expects parameter 2 to be array, null given D:\webset\CMS\dogcms\Lib\Action\UserAction.class.php 第 110 行.
NOTIC: [8] Undefined variable: allCloseFunc D:\webset\CMS\dogcms\Lib\Action\UserAction.class.php 第 110 行.
NOTIC: [2] in_array() expects parameter 2 to be array, null given D:\webset\CMS\dogcms\Lib\Action\UserAction.class.php 第 110 行.
NOTIC: [8] Undefined variable: allCloseFunc D:\webset\CMS\dogcms\Lib\Action\UserAction.class.php 第 110 行.
NOTIC: [2] in_array() expects parameter 2 to be array, null given D:\webset\CMS\dogcms\Lib\Action\UserAction.class.php 第 110 行.
NOTIC: [8] Undefined variable: allCloseFunc D:\webset\CMS\dogcms\Lib\Action\UserAction.class.php 第 110 行.
NOTIC: [2] in_array() expects parameter 2 to be array, null given D:\webset\CMS\dogcms\Lib\Action\UserAction.class.php 第 110 行.
NOTIC: [8] Undefined variable: allCloseFunc D:\webset\CMS\dogcms\Lib\Action\UserAction.class.php 第 110 行.
NOTIC: [2] in_array() expects parameter 2 to be array, null given D:\webset\CMS\dogcms\Lib\Action\UserAction.class.php 第 110 行.
NOTIC: [8] Undefined variable: allCloseFunc D:\webset\CMS\dogcms\Lib\Action\UserAction.class.php 第 110 行.
NOTIC: [2] in_array() expects parameter 2 to be array, null given D:\webset\CMS\dogcms\Lib\Action\UserAction.class.php 第 110 行.
NOTIC: [8] Undefined variable: allCloseFunc D:\webset\CMS\dogcms\Lib\Action\UserAction.class.php 第 110 行.
NOTIC: [2] in_array() expects parameter 2 to be array, null given D:\webset\CMS\dogcms\Lib\Action\UserAction.class.php 第 110 行.
NOTIC: [8] Undefined variable: allCloseFunc D:\webset\CMS\dogcms\Lib\Action\UserAction.class.php 第 110 行.
NOTIC: [2] in_array() expects parameter 2 to be array, null given D:\webset\CMS\dogcms\Lib\Action\UserAction.class.php 第 110 行.
NOTIC: [8] Undefined variable: allCloseFunc D:\webset\CMS\dogcms\Lib\Action\UserAction.class.php 第 110 行.
NOTIC: [2] in_array() expects parameter 2 to be array, null given D:\webset\CMS\dogcms\Lib\Action\UserAction.class.php 第 110 行.
NOTIC: [8] Undefined variable: allCloseFunc D:\webset\CMS\dogcms\Lib\Action\UserAction.class.php 第 110 行.
NOTIC: [2] in_array() expects parameter 2 to be array, null given D:\webset\CMS\dogcms\Lib\Action\UserAction.class.php 第 110 行.
NOTIC: [8] Undefined variable: allCloseFunc D:\webset\CMS\dogcms\Lib\Action\UserAction.class.php 第 110 行.
NOTIC: [2] in_array() expects parameter 2 to be array, null given D:\webset\CMS\dogcms\Lib\Action\UserAction.class.php 第 110 行.
NOTIC: [8] Undefined variable: allCloseFunc D:\webset\CMS\dogcms\Lib\Action\UserAction.class.php 第 110 行.
NOTIC: [2] in_array() expects parameter 2 to be array, null given D:\webset\CMS\dogcms\Lib\Action\UserAction.class.php 第 110 行.
NOTIC: [8] Undefined variable: allCloseFunc D:\webset\CMS\dogcms\Lib\Action\UserAction.class.php 第 110 行.
NOTIC: [2] in_array() expects parameter 2 to be array, null given D:\webset\CMS\dogcms\Lib\Action\UserAction.class.php 第 110 行.
NOTIC: [8] Undefined variable: allCloseFunc D:\webset\CMS\dogcms\Lib\Action\UserAction.class.php 第 110 行.
NOTIC: [2] in_array() expects parameter 2 to be array, null given D:\webset\CMS\dogcms\Lib\Action\UserAction.class.php 第 110 行.
NOTIC: [8] Undefined variable: allCloseFunc D:\webset\CMS\dogcms\Lib\Action\UserAction.class.php 第 110 行.
NOTIC: [2] in_array() expects parameter 2 to be array, null given D:\webset\CMS\dogcms\Lib\Action\UserAction.class.php 第 110 行.
NOTIC: [8] Undefined variable: allCloseFunc D:\webset\CMS\dogcms\Lib\Action\UserAction.class.php 第 110 行.
NOTIC: [2] in_array() expects parameter 2 to be array, null given D:\webset\CMS\dogcms\Lib\Action\UserAction.class.php 第 110 行.
NOTIC: [8] Undefined variable: allCloseFunc D:\webset\CMS\dogcms\Lib\Action\UserAction.class.php 第 110 行.
NOTIC: [2] in_array() expects parameter 2 to be array, null given D:\webset\CMS\dogcms\Lib\Action\UserAction.class.php 第 110 行.
NOTIC: [8] Undefined variable: allCloseFunc D:\webset\CMS\dogcms\Lib\Action\UserAction.class.php 第 110 行.
NOTIC: [2] in_array() expects parameter 2 to be array, null given D:\webset\CMS\dogcms\Lib\Action\UserAction.class.php 第 110 行.
NOTIC: [8] Undefined variable: allCloseFunc D:\webset\CMS\dogcms\Lib\Action\UserAction.class.php 第 110 行.
NOTIC: [2] in_array() expects parameter 2 to be array, null given D:\webset\CMS\dogcms\Lib\Action\UserAction.class.php 第 110 行.
NOTIC: [8] Undefined variable: allCloseFunc D:\webset\CMS\dogcms\Lib\Action\UserAction.class.php 第 110 行.
NOTIC: [2] in_array() expects parameter 2 to be array, null given D:\webset\CMS\dogcms\Lib\Action\UserAction.class.php 第 110 行.
NOTIC: [8] Undefined variable: allCloseFunc D:\webset\CMS\dogcms\Lib\Action\UserAction.class.php 第 110 行.
NOTIC: [2] in_array() expects parameter 2 to be array, null given D:\webset\CMS\dogcms\Lib\Action\UserAction.class.php 第 110 行.
NOTIC: [8] Undefined variable: allCloseFunc D:\webset\CMS\dogcms\Lib\Action\UserAction.class.php 第 110 行.
NOTIC: [2] in_array() expects parameter 2 to be array, null given D:\webset\CMS\dogcms\Lib\Action\UserAction.class.php 第 110 行.
NOTIC: [8] Undefined variable: allCloseFunc D:\webset\CMS\dogcms\Lib\Action\UserAction.class.php 第 110 行.
NOTIC: [2] in_array() expects parameter 2 to be array, null given D:\webset\CMS\dogcms\Lib\Action\UserAction.class.php 第 110 行.
NOTIC: [8] Undefined variable: allCloseFunc D:\webset\CMS\dogcms\Lib\Action\UserAction.class.php 第 110 行.
NOTIC: [2] in_array() expects parameter 2 to be array, null given D:\webset\CMS\dogcms\Lib\Action\UserAction.class.php 第 110 行.
NOTIC: [8] Undefined variable: allCloseFunc D:\webset\CMS\dogcms\Lib\Action\UserAction.class.php 第 110 行.
NOTIC: [2] in_array() expects parameter 2 to be array, null given D:\webset\CMS\dogcms\Lib\Action\UserAction.class.php 第 110 行.
NOTIC: [8] Undefined variable: allCloseFunc D:\webset\CMS\dogcms\Lib\Action\UserAction.class.php 第 110 行.
NOTIC: [2] in_array() expects parameter 2 to be array, null given D:\webset\CMS\dogcms\Lib\Action\UserAction.class.php 第 110 行.
NOTIC: [8] Undefined variable: allCloseFunc D:\webset\CMS\dogcms\Lib\Action\UserAction.class.php 第 110 行.
NOTIC: [2] in_array() expects parameter 2 to be array, null given D:\webset\CMS\dogcms\Lib\Action\UserAction.class.php 第 110 行.
NOTIC: [8] Undefined variable: allCloseFunc D:\webset\CMS\dogcms\Lib\Action\UserAction.class.php 第 110 行.
NOTIC: [2] in_array() expects parameter 2 to be array, null given D:\webset\CMS\dogcms\Lib\Action\UserAction.class.php 第 110 行.
NOTIC: [8] Undefined variable: allCloseFunc D:\webset\CMS\dogcms\Lib\Action\UserAction.class.php 第 110 行.
NOTIC: [2] in_array() expects parameter 2 to be array, null given D:\webset\CMS\dogcms\Lib\Action\UserAction.class.php 第 110 行.
NOTIC: [8] Undefined variable: allCloseFunc D:\webset\CMS\dogcms\Lib\Action\UserAction.class.php 第 110 行.
NOTIC: [2] in_array() expects parameter 2 to be array, null given D:\webset\CMS\dogcms\Lib\Action\UserAction.class.php 第 110 行.
NOTIC: [8] Undefined variable: allCloseFunc D:\webset\CMS\dogcms\Lib\Action\UserAction.class.php 第 110 行.
NOTIC: [2] in_array() expects parameter 2 to be array, null given D:\webset\CMS\dogcms\Lib\Action\UserAction.class.php 第 110 行.
NOTIC: [8] Undefined variable: allCloseFunc D:\webset\CMS\dogcms\Lib\Action\UserAction.class.php 第 110 行.
NOTIC: [2] in_array() expects parameter 2 to be array, null given D:\webset\CMS\dogcms\Lib\Action\UserAction.class.php 第 110 行.
NOTIC: [8] Undefined variable: allCloseFunc D:\webset\CMS\dogcms\Lib\Action\UserAction.class.php 第 110 行.
NOTIC: [2] in_array() expects parameter 2 to be array, null given D:\webset\CMS\dogcms\Lib\Action\UserAction.class.php 第 110 行.
NOTIC: [8] Undefined variable: allCloseFunc D:\webset\CMS\dogcms\Lib\Action\UserAction.class.php 第 110 行.
NOTIC: [2] in_array() expects parameter 2 to be array, null given D:\webset\CMS\dogcms\Lib\Action\UserAction.class.php 第 110 行.
NOTIC: [8] Undefined variable: allCloseFunc D:\webset\CMS\dogcms\Lib\Action\UserAction.class.php 第 110 行.
NOTIC: [2] in_array() expects parameter 2 to be array, null given D:\webset\CMS\dogcms\Lib\Action\UserAction.class.php 第 110 行.
NOTIC: [8] Undefined variable: allCloseFunc D:\webset\CMS\dogcms\Lib\Action\UserAction.class.php 第 110 行.
NOTIC: [2] in_array() expects parameter 2 to be array, null given D:\webset\CMS\dogcms\Lib\Action\UserAction.class.php 第 110 行.
NOTIC: [8] Undefined variable: allCloseFunc D:\webset\CMS\dogcms\Lib\Action\UserAction.class.php 第 110 行.
NOTIC: [2] in_array() expects parameter 2 to be array, null given D:\webset\CMS\dogcms\Lib\Action\UserAction.class.php 第 110 行.
NOTIC: [8] Undefined variable: allCloseFunc D:\webset\CMS\dogcms\Lib\Action\UserAction.class.php 第 110 行.
NOTIC: [2] in_array() expects parameter 2 to be array, null given D:\webset\CMS\dogcms\Lib\Action\UserAction.class.php 第 110 行.
NOTIC: [8] Undefined variable: allCloseFunc D:\webset\CMS\dogcms\Lib\Action\UserAction.class.php 第 110 行.
NOTIC: [2] in_array() expects parameter 2 to be array, null given D:\webset\CMS\dogcms\Lib\Action\UserAction.class.php 第 110 行.
NOTIC: [8] Undefined variable: allCloseFunc D:\webset\CMS\dogcms\Lib\Action\UserAction.class.php 第 110 行.
NOTIC: [2] in_array() expects parameter 2 to be array, null given D:\webset\CMS\dogcms\Lib\Action\UserAction.class.php 第 110 行.
NOTIC: [8] Undefined variable: allCloseFunc D:\webset\CMS\dogcms\Lib\Action\UserAction.class.php 第 110 行.
NOTIC: [2] in_array() expects parameter 2 to be array, null given D:\webset\CMS\dogcms\Lib\Action\UserAction.class.php 第 110 行.
NOTIC: [8] Undefined variable: allCloseFunc D:\webset\CMS\dogcms\Lib\Action\UserAction.class.php 第 110 行.
NOTIC: [2] in_array() expects parameter 2 to be array, null given D:\webset\CMS\dogcms\Lib\Action\UserAction.class.php 第 110 行.
NOTIC: [8] Undefined variable: allCloseFunc D:\webset\CMS\dogcms\Lib\Action\UserAction.class.php 第 110 行.
NOTIC: [2] in_array() expects parameter 2 to be array, null given D:\webset\CMS\dogcms\Lib\Action\UserAction.class.php 第 110 行.
NOTIC: [8] Undefined variable: allCloseFunc D:\webset\CMS\dogcms\Lib\Action\UserAction.class.php 第 110 行.
NOTIC: [2] in_array() expects parameter 2 to be array, null given D:\webset\CMS\dogcms\Lib\Action\UserAction.class.php 第 110 行.
NOTIC: [8] Undefined variable: allCloseFunc D:\webset\CMS\dogcms\Lib\Action\UserAction.class.php 第 110 行.
NOTIC: [2] in_array() expects parameter 2 to be array, null given D:\webset\CMS\dogcms\Lib\Action\UserAction.class.php 第 110 行.
NOTIC: [8] Undefined variable: allCloseFunc D:\webset\CMS\dogcms\Lib\Action\UserAction.class.php 第 110 行.
NOTIC: [2] in_array() expects parameter 2 to be array, null given D:\webset\CMS\dogcms\Lib\Action\UserAction.class.php 第 110 行.
NOTIC: [8] Undefined variable: allCloseFunc D:\webset\CMS\dogcms\Lib\Action\UserAction.class.php 第 110 行.
NOTIC: [2] in_array() expects parameter 2 to be array, null given D:\webset\CMS\dogcms\Lib\Action\UserAction.class.php 第 110 行.
NOTIC: [8] Undefined variable: allCloseFunc D:\webset\CMS\dogcms\Lib\Action\UserAction.class.php 第 110 行.
NOTIC: [2] in_array() expects parameter 2 to be array, null given D:\webset\CMS\dogcms\Lib\Action\UserAction.class.php 第 110 行.
NOTIC: [8] Undefined variable: allCloseFunc D:\webset\CMS\dogcms\Lib\Action\UserAction.class.php 第 110 行.
NOTIC: [2] in_array() expects parameter 2 to be array, null given D:\webset\CMS\dogcms\Lib\Action\UserAction.class.php 第 110 行.
NOTIC: [8] Undefined variable: allCloseFunc D:\webset\CMS\dogcms\Lib\Action\UserAction.class.php 第 110 行.
NOTIC: [2] in_array() expects parameter 2 to be array, null given D:\webset\CMS\dogcms\Lib\Action\UserAction.class.php 第 110 行.
NOTIC: [8] Undefined variable: allCloseFunc D:\webset\CMS\dogcms\Lib\Action\UserAction.class.php 第 110 行.
NOTIC: [2] in_array() expects parameter 2 to be array, null given D:\webset\CMS\dogcms\Lib\Action\UserAction.class.php 第 110 行.
NOTIC: [8] Undefined variable: allCloseFunc D:\webset\CMS\dogcms\Lib\Action\UserAction.class.php 第 110 行.
NOTIC: [2] in_array() expects parameter 2 to be array, null given D:\webset\CMS\dogcms\Lib\Action\UserAction.class.php 第 110 行.
NOTIC: [8] Undefined variable: allCloseFunc D:\webset\CMS\dogcms\Lib\Action\UserAction.class.php 第 110 行.
NOTIC: [2] in_array() expects parameter 2 to be array, null given D:\webset\CMS\dogcms\Lib\Action\UserAction.class.php 第 110 行.
NOTIC: [8] Undefined variable: allCloseFunc D:\webset\CMS\dogcms\Lib\Action\UserAction.class.php 第 110 行.
NOTIC: [2] in_array() expects parameter 2 to be array, null given D:\webset\CMS\dogcms\Lib\Action\UserAction.class.php 第 110 行.
NOTIC: [8] Undefined variable: allCloseFunc D:\webset\CMS\dogcms\Lib\Action\UserAction.class.php 第 110 行.
NOTIC: [2] in_array() expects parameter 2 to be array, null given D:\webset\CMS\dogcms\Lib\Action\UserAction.class.php 第 110 行.
NOTIC: [8] Undefined variable: allCloseFunc D:\webset\CMS\dogcms\Lib\Action\UserAction.class.php 第 110 行.
NOTIC: [2] in_array() expects parameter 2 to be array, null given D:\webset\CMS\dogcms\Lib\Action\UserAction.class.php 第 110 行.
NOTIC: [8] Undefined variable: allCloseFunc D:\webset\CMS\dogcms\Lib\Action\UserAction.class.php 第 110 行.
NOTIC: [2] in_array() expects parameter 2 to be array, null given D:\webset\CMS\dogcms\Lib\Action\UserAction.class.php 第 110 行.
NOTIC: [8] Undefined variable: allCloseFunc D:\webset\CMS\dogcms\Lib\Action\UserAction.class.php 第 110 行.
NOTIC: [2] in_array() expects parameter 2 to be array, null given D:\webset\CMS\dogcms\Lib\Action\UserAction.class.php 第 110 行.
NOTIC: [8] Undefined variable: allCloseFunc D:\webset\CMS\dogcms\Lib\Action\UserAction.class.php 第 110 行.
NOTIC: [2] in_array() expects parameter 2 to be array, null given D:\webset\CMS\dogcms\Lib\Action\UserAction.class.php 第 110 行.
NOTIC: [8] Undefined variable: allCloseFunc D:\webset\CMS\dogcms\Lib\Action\UserAction.class.php 第 110 行.
NOTIC: [2] in_array() expects parameter 2 to be array, null given D:\webset\CMS\dogcms\Lib\Action\UserAction.class.php 第 110 行.
NOTIC: [8] Undefined variable: allCloseFunc D:\webset\CMS\dogcms\Lib\Action\UserAction.class.php 第 110 行.
NOTIC: [2] in_array() expects parameter 2 to be array, null given D:\webset\CMS\dogcms\Lib\Action\UserAction.class.php 第 110 行.
NOTIC: [8] Undefined variable: allCloseFunc D:\webset\CMS\dogcms\Lib\Action\UserAction.class.php 第 110 行.
NOTIC: [2] in_array() expects parameter 2 to be array, null given D:\webset\CMS\dogcms\Lib\Action\UserAction.class.php 第 110 行.
NOTIC: [8] Undefined variable: allCloseFunc D:\webset\CMS\dogcms\Lib\Action\UserAction.class.php 第 110 行.
NOTIC: [2] in_array() expects parameter 2 to be array, null given D:\webset\CMS\dogcms\Lib\Action\UserAction.class.php 第 110 行.
NOTIC: [8] Undefined variable: allCloseFunc D:\webset\CMS\dogcms\Lib\Action\UserAction.class.php 第 110 行.
NOTIC: [2] in_array() expects parameter 2 to be array, null given D:\webset\CMS\dogcms\Lib\Action\UserAction.class.php 第 110 行.
NOTIC: [8] Undefined variable: allCloseFunc D:\webset\CMS\dogcms\Lib\Action\UserAction.class.php 第 110 行.
NOTIC: [2] in_array() expects parameter 2 to be array, null given D:\webset\CMS\dogcms\Lib\Action\UserAction.class.php 第 110 行.
NOTIC: [8] Undefined variable: allCloseFunc D:\webset\CMS\dogcms\Lib\Action\UserAction.class.php 第 110 行.
NOTIC: [2] in_array() expects parameter 2 to be array, null given D:\webset\CMS\dogcms\Lib\Action\UserAction.class.php 第 110 行.
NOTIC: [8] Undefined variable: allCloseFunc D:\webset\CMS\dogcms\Lib\Action\UserAction.class.php 第 110 行.
NOTIC: [2] in_array() expects parameter 2 to be array, null given D:\webset\CMS\dogcms\Lib\Action\UserAction.class.php 第 110 行.
NOTIC: [8] Undefined variable: allCloseFunc D:\webset\CMS\dogcms\Lib\Action\UserAction.class.php 第 110 行.
NOTIC: [2] in_array() expects parameter 2 to be array, null given D:\webset\CMS\dogcms\Lib\Action\UserAction.class.php 第 110 行.
NOTIC: [8] Undefined variable: allCloseFunc D:\webset\CMS\dogcms\Lib\Action\UserAction.class.php 第 110 行.
NOTIC: [2] in_array() expects parameter 2 to be array, null given D:\webset\CMS\dogcms\Lib\Action\UserAction.class.php 第 110 行.
NOTIC: [8] Undefined variable: allCloseFunc D:\webset\CMS\dogcms\Lib\Action\UserAction.class.php 第 110 行.
NOTIC: [2] in_array() expects parameter 2 to be array, null given D:\webset\CMS\dogcms\Lib\Action\UserAction.class.php 第 110 行.
NOTIC: [8] Undefined variable: allCloseFunc D:\webset\CMS\dogcms\Lib\Action\UserAction.class.php 第 110 行.
NOTIC: [2] in_array() expects parameter 2 to be array, null given D:\webset\CMS\dogcms\Lib\Action\UserAction.class.php 第 110 行.
NOTIC: [8] Undefined variable: allCloseFunc D:\webset\CMS\dogcms\Lib\Action\UserAction.class.php 第 110 行.
NOTIC: [2] in_array() expects parameter 2 to be array, null given D:\webset\CMS\dogcms\Lib\Action\UserAction.class.php 第 110 行.
NOTIC: [8] Undefined variable: allCloseFunc D:\webset\CMS\dogcms\Lib\Action\UserAction.class.php 第 110 行.
NOTIC: [2] in_array() expects parameter 2 to be array, null given D:\webset\CMS\dogcms\Lib\Action\UserAction.class.php 第 110 行.
NOTIC: [8] Undefined variable: allCloseFunc D:\webset\CMS\dogcms\Lib\Action\UserAction.class.php 第 110 行.
NOTIC: [2] in_array() expects parameter 2 to be array, null given D:\webset\CMS\dogcms\Lib\Action\UserAction.class.php 第 110 行.
NOTIC: [8] Undefined variable: allCloseFunc D:\webset\CMS\dogcms\Lib\Action\UserAction.class.php 第 110 行.
NOTIC: [2] in_array() expects parameter 2 to be array, null given D:\webset\CMS\dogcms\Lib\Action\UserAction.class.php 第 110 行.
NOTIC: [8] Undefined variable: allCloseFunc D:\webset\CMS\dogcms\Lib\Action\UserAction.class.php 第 110 行.
NOTIC: [2] in_array() expects parameter 2 to be array, null given D:\webset\CMS\dogcms\Lib\Action\UserAction.class.php 第 110 行.
SQL: SHOW COLUMNS FROM `tp_wxuser` [ RunTime:0.008790s ]
SQL: SELECT * FROM `tp_wxuser` WHERE ( `token` = 'dzqmpt1457533711' ) AND ( `uid` = 13 ) LIMIT 1   [ RunTime:0.000977s ]
SQL: SHOW COLUMNS FROM `tp_token_open` [ RunTime:0.001953s ]
SQL: SELECT `queryname` FROM `tp_token_open` WHERE ( `token` = 'dzqmpt1457533711' ) LIMIT 1   [ RunTime:0.000977s ]
NOTIC: [8] Undefined index: width D:\webset\CMS\dogcms\Lib\Action\UserAction.class.php 第 199 行.
SQL: SHOW COLUMNS FROM `tp_fuwuuser` [ RunTime:0.003907s ]
SQL: SELECT * FROM `tp_fuwuuser` WHERE ( `token` = 'dzqmpt1457533711' )  [ RunTime:0.000976s ]
NOTIC: [2] Invalid argument supplied for foreach() D:\webset\CMS\dogcms\Lib\Action\UserAction.class.php 第 227 行.
SQL: SELECT `id` FROM `tp_function` WHERE ( `status` = 1 ) AND ( `funname` = 'school' ) LIMIT 1   [ RunTime:0.000000s ]
SQL: SELECT `func` FROM `tp_user_group` WHERE ( `id` = 3 ) LIMIT 1   [ RunTime:0.000977s ]
SQL: SHOW COLUMNS FROM `tp_reservation` [ RunTime:0.034181s ]
INFO: [ view_template ] --START--
INFO: Run LocationTemplate Behavior [ RunTime:-0.506855s ]
INFO: [ view_template ] --END-- [ RunTime:0.031251s ]
INFO: [ view_parse ] --START--
NOTIC: [8] Undefined index: is_syn D:\webset\CMS\Conf\logs\Cache\User\489fa67c6e1d658e9e52d2fd021af0c2.php 第 92 行.
NOTIC: [8] Undefined index: is_syn D:\webset\CMS\Conf\logs\Cache\User\489fa67c6e1d658e9e52d2fd021af0c2.php 第 103 行.
NOTIC: [8] Use of undefined constant uid - assumed 'uid' D:\webset\CMS\Conf\logs\Cache\User\489fa67c6e1d658e9e52d2fd021af0c2.php 第 172 行.
NOTIC: [8] Undefined index: is_syn D:\webset\CMS\Conf\logs\Cache\User\489fa67c6e1d658e9e52d2fd021af0c2.php 第 451 行.
NOTIC: [8] Undefined index: f D:\webset\CMS\Conf\logs\Cache\User\489fa67c6e1d658e9e52d2fd021af0c2.php 第 459 行.
NOTIC: [8] Undefined index: f D:\webset\CMS\Conf\logs\Cache\User\489fa67c6e1d658e9e52d2fd021af0c2.php 第 459 行.
NOTIC: [8] Undefined index: f D:\webset\CMS\Conf\logs\Cache\User\489fa67c6e1d658e9e52d2fd021af0c2.php 第 459 行.
NOTIC: [8] Undefined index: f D:\webset\CMS\Conf\logs\Cache\User\489fa67c6e1d658e9e52d2fd021af0c2.php 第 459 行.
NOTIC: [8] Undefined index: f D:\webset\CMS\Conf\logs\Cache\User\489fa67c6e1d658e9e52d2fd021af0c2.php 第 459 行.
NOTIC: [8] Undefined index: f D:\webset\CMS\Conf\logs\Cache\User\489fa67c6e1d658e9e52d2fd021af0c2.php 第 459 行.
NOTIC: [8] Undefined index: f D:\webset\CMS\Conf\logs\Cache\User\489fa67c6e1d658e9e52d2fd021af0c2.php 第 459 行.
NOTIC: [8] Undefined index: f D:\webset\CMS\Conf\logs\Cache\User\489fa67c6e1d658e9e52d2fd021af0c2.php 第 459 行.
NOTIC: [8] Undefined index: f D:\webset\CMS\Conf\logs\Cache\User\489fa67c6e1d658e9e52d2fd021af0c2.php 第 459 行.
NOTIC: [8] Undefined index: f D:\webset\CMS\Conf\logs\Cache\User\489fa67c6e1d658e9e52d2fd021af0c2.php 第 459 行.
NOTIC: [8] Undefined index: f D:\webset\CMS\Conf\logs\Cache\User\489fa67c6e1d658e9e52d2fd021af0c2.php 第 459 行.
NOTIC: [8] Undefined index: f D:\webset\CMS\Conf\logs\Cache\User\489fa67c6e1d658e9e52d2fd021af0c2.php 第 459 行.
NOTIC: [8] Undefined index: f D:\webset\CMS\Conf\logs\Cache\User\489fa67c6e1d658e9e52d2fd021af0c2.php 第 459 行.
NOTIC: [8] Undefined index: f D:\webset\CMS\Conf\logs\Cache\User\489fa67c6e1d658e9e52d2fd021af0c2.php 第 459 行.
NOTIC: [8] Undefined index: exceptCondition D:\webset\CMS\Conf\logs\Cache\User\489fa67c6e1d658e9e52d2fd021af0c2.php 第 459 行.
NOTIC: [8] Undefined index: test D:\webset\CMS\Conf\logs\Cache\User\489fa67c6e1d658e9e52d2fd021af0c2.php 第 459 行.
NOTIC: [8] Undefined index: blank D:\webset\CMS\Conf\logs\Cache\User\489fa67c6e1d658e9e52d2fd021af0c2.php 第 459 行.
NOTIC: [8] Undefined index: notindogcms D:\webset\CMS\Conf\logs\Cache\User\489fa67c6e1d658e9e52d2fd021af0c2.php 第 459 行.
NOTIC: [8] Undefined index: test D:\webset\CMS\Conf\logs\Cache\User\489fa67c6e1d658e9e52d2fd021af0c2.php 第 459 行.
NOTIC: [8] Undefined index: blank D:\webset\CMS\Conf\logs\Cache\User\489fa67c6e1d658e9e52d2fd021af0c2.php 第 459 行.
NOTIC: [8] Undefined index: notindogcms D:\webset\CMS\Conf\logs\Cache\User\489fa67c6e1d658e9e52d2fd021af0c2.php 第 459 行.
NOTIC: [8] Undefined index: test D:\webset\CMS\Conf\logs\Cache\User\489fa67c6e1d658e9e52d2fd021af0c2.php 第 459 行.
NOTIC: [8] Undefined index: blank D:\webset\CMS\Conf\logs\Cache\User\489fa67c6e1d658e9e52d2fd021af0c2.php 第 459 行.
NOTIC: [8] Undefined index: notindogcms D:\webset\CMS\Conf\logs\Cache\User\489fa67c6e1d658e9e52d2fd021af0c2.php 第 459 行.
NOTIC: [8] Undefined index: test D:\webset\CMS\Conf\logs\Cache\User\489fa67c6e1d658e9e52d2fd021af0c2.php 第 459 行.
NOTIC: [8] Undefined index: blank D:\webset\CMS\Conf\logs\Cache\User\489fa67c6e1d658e9e52d2fd021af0c2.php 第 459 行.
NOTIC: [8] Undefined index: notindogcms D:\webset\CMS\Conf\logs\Cache\User\489fa67c6e1d658e9e52d2fd021af0c2.php 第 459 行.
NOTIC: [8] Undefined index: test D:\webset\CMS\Conf\logs\Cache\User\489fa67c6e1d658e9e52d2fd021af0c2.php 第 459 行.
NOTIC: [8] Undefined index: blank D:\webset\CMS\Conf\logs\Cache\User\489fa67c6e1d658e9e52d2fd021af0c2.php 第 459 行.
NOTIC: [8] Undefined index: notindogcms D:\webset\CMS\Conf\logs\Cache\User\489fa67c6e1d658e9e52d2fd021af0c2.php 第 459 行.
NOTIC: [8] Undefined index: test D:\webset\CMS\Conf\logs\Cache\User\489fa67c6e1d658e9e52d2fd021af0c2.php 第 459 行.
NOTIC: [8] Undefined index: blank D:\webset\CMS\Conf\logs\Cache\User\489fa67c6e1d658e9e52d2fd021af0c2.php 第 459 行.
NOTIC: [8] Undefined index: notindogcms D:\webset\CMS\Conf\logs\Cache\User\489fa67c6e1d658e9e52d2fd021af0c2.php 第 459 行.
NOTIC: [8] Undefined index: test D:\webset\CMS\Conf\logs\Cache\User\489fa67c6e1d658e9e52d2fd021af0c2.php 第 459 行.
NOTIC: [8] Undefined index: blank D:\webset\CMS\Conf\logs\Cache\User\489fa67c6e1d658e9e52d2fd021af0c2.php 第 459 行.
NOTIC: [8] Undefined index: notindogcms D:\webset\CMS\Conf\logs\Cache\User\489fa67c6e1d658e9e52d2fd021af0c2.php 第 459 行.
NOTIC: [8] Undefined index: test D:\webset\CMS\Conf\logs\Cache\User\489fa67c6e1d658e9e52d2fd021af0c2.php 第 459 行.
NOTIC: [8] Undefined index: blank D:\webset\CMS\Conf\logs\Cache\User\489fa67c6e1d658e9e52d2fd021af0c2.php 第 459 行.
NOTIC: [8] Undefined index: notindogcms D:\webset\CMS\Conf\logs\Cache\User\489fa67c6e1d658e9e52d2fd021af0c2.php 第 459 行.
NOTIC: [8] Undefined index: test D:\webset\CMS\Conf\logs\Cache\User\489fa67c6e1d658e9e52d2fd021af0c2.php 第 459 行.
NOTIC: [8] Undefined index: blank D:\webset\CMS\Conf\logs\Cache\User\489fa67c6e1d658e9e52d2fd021af0c2.php 第 459 行.
NOTIC: [8] Undefined index: notindogcms D:\webset\CMS\Conf\logs\Cache\User\489fa67c6e1d658e9e52d2fd021af0c2.php 第 459 行.
NOTIC: [8] Undefined index: test D:\webset\CMS\Conf\logs\Cache\User\489fa67c6e1d658e9e52d2fd021af0c2.php 第 459 行.
NOTIC: [8] Undefined index: blank D:\webset\CMS\Conf\logs\Cache\User\489fa67c6e1d658e9e52d2fd021af0c2.php 第 459 行.
NOTIC: [8] Undefined index: notindogcms D:\webset\CMS\Conf\logs\Cache\User\489fa67c6e1d658e9e52d2fd021af0c2.php 第 459 行.
NOTIC: [8] Undefined index: test D:\webset\CMS\Conf\logs\Cache\User\489fa67c6e1d658e9e52d2fd021af0c2.php 第 459 行.
NOTIC: [8] Undefined index: blank D:\webset\CMS\Conf\logs\Cache\User\489fa67c6e1d658e9e52d2fd021af0c2.php 第 459 行.
NOTIC: [8] Undefined index: notindogcms D:\webset\CMS\Conf\logs\Cache\User\489fa67c6e1d658e9e52d2fd021af0c2.php 第 459 行.
NOTIC: [8] Undefined index: test D:\webset\CMS\Conf\logs\Cache\User\489fa67c6e1d658e9e52d2fd021af0c2.php 第 459 行.
NOTIC: [8] Undefined index: blank D:\webset\CMS\Conf\logs\Cache\User\489fa67c6e1d658e9e52d2fd021af0c2.php 第 459 行.
NOTIC: [8] Undefined index: notindogcms D:\webset\CMS\Conf\logs\Cache\User\489fa67c6e1d658e9e52d2fd021af0c2.php 第 459 行.
NOTIC: [8] Undefined index: test D:\webset\CMS\Conf\logs\Cache\User\489fa67c6e1d658e9e52d2fd021af0c2.php 第 459 行.
NOTIC: [8] Undefined index: blank D:\webset\CMS\Conf\logs\Cache\User\489fa67c6e1d658e9e52d2fd021af0c2.php 第 459 行.
NOTIC: [8] Undefined index: notindogcms D:\webset\CMS\Conf\logs\Cache\User\489fa67c6e1d658e9e52d2fd021af0c2.php 第 459 行.
NOTIC: [8] Undefined index: test D:\webset\CMS\Conf\logs\Cache\User\489fa67c6e1d658e9e52d2fd021af0c2.php 第 459 行.
NOTIC: [8] Undefined index: blank D:\webset\CMS\Conf\logs\Cache\User\489fa67c6e1d658e9e52d2fd021af0c2.php 第 459 行.
NOTIC: [8] Undefined index: notindogcms D:\webset\CMS\Conf\logs\Cache\User\489fa67c6e1d658e9e52d2fd021af0c2.php 第 459 行.
NOTIC: [8] Undefined index: test D:\webset\CMS\Conf\logs\Cache\User\489fa67c6e1d658e9e52d2fd021af0c2.php 第 459 行.
NOTIC: [8] Undefined index: blank D:\webset\CMS\Conf\logs\Cache\User\489fa67c6e1d658e9e52d2fd021af0c2.php 第 459 行.
NOTIC: [8] Undefined index: notindogcms D:\webset\CMS\Conf\logs\Cache\User\489fa67c6e1d658e9e52d2fd021af0c2.php 第 459 行.
NOTIC: [8] Undefined index: test D:\webset\CMS\Conf\logs\Cache\User\489fa67c6e1d658e9e52d2fd021af0c2.php 第 459 行.
NOTIC: [8] Undefined index: blank D:\webset\CMS\Conf\logs\Cache\User\489fa67c6e1d658e9e52d2fd021af0c2.php 第 459 行.
NOTIC: [8] Undefined index: notindogcms D:\webset\CMS\Conf\logs\Cache\User\489fa67c6e1d658e9e52d2fd021af0c2.php 第 459 行.
NOTIC: [8] Undefined index: test D:\webset\CMS\Conf\logs\Cache\User\489fa67c6e1d658e9e52d2fd021af0c2.php 第 459 行.
NOTIC: [8] Undefined index: blank D:\webset\CMS\Conf\logs\Cache\User\489fa67c6e1d658e9e52d2fd021af0c2.php 第 459 行.
NOTIC: [8] Undefined index: notindogcms D:\webset\CMS\Conf\logs\Cache\User\489fa67c6e1d658e9e52d2fd021af0c2.php 第 459 行.
NOTIC: [8] Undefined index: test D:\webset\CMS\Conf\logs\Cache\User\489fa67c6e1d658e9e52d2fd021af0c2.php 第 459 行.
NOTIC: [8] Undefined index: blank D:\webset\CMS\Conf\logs\Cache\User\489fa67c6e1d658e9e52d2fd021af0c2.php 第 459 行.
NOTIC: [8] Undefined index: notindogcms D:\webset\CMS\Conf\logs\Cache\User\489fa67c6e1d658e9e52d2fd021af0c2.php 第 459 行.
NOTIC: [8] Undefined index: test D:\webset\CMS\Conf\logs\Cache\User\489fa67c6e1d658e9e52d2fd021af0c2.php 第 459 行.
NOTIC: [8] Undefined index: blank D:\webset\CMS\Conf\logs\Cache\User\489fa67c6e1d658e9e52d2fd021af0c2.php 第 459 行.
NOTIC: [8] Undefined index: notindogcms D:\webset\CMS\Conf\logs\Cache\User\489fa67c6e1d658e9e52d2fd021af0c2.php 第 459 行.
NOTIC: [8] Undefined index: test D:\webset\CMS\Conf\logs\Cache\User\489fa67c6e1d658e9e52d2fd021af0c2.php 第 459 行.
NOTIC: [8] Undefined index: blank D:\webset\CMS\Conf\logs\Cache\User\489fa67c6e1d658e9e52d2fd021af0c2.php 第 459 行.
NOTIC: [8] Undefined index: notindogcms D:\webset\CMS\Conf\logs\Cache\User\489fa67c6e1d658e9e52d2fd021af0c2.php 第 459 行.
NOTIC: [8] Undefined index: test D:\webset\CMS\Conf\logs\Cache\User\489fa67c6e1d658e9e52d2fd021af0c2.php 第 459 行.
NOTIC: [8] Undefined index: blank D:\webset\CMS\Conf\logs\Cache\User\489fa67c6e1d658e9e52d2fd021af0c2.php 第 459 行.
NOTIC: [8] Undefined index: notindogcms D:\webset\CMS\Conf\logs\Cache\User\489fa67c6e1d658e9e52d2fd021af0c2.php 第 459 行.
NOTIC: [8] Undefined index: test D:\webset\CMS\Conf\logs\Cache\User\489fa67c6e1d658e9e52d2fd021af0c2.php 第 459 行.
NOTIC: [8] Undefined index: blank D:\webset\CMS\Conf\logs\Cache\User\489fa67c6e1d658e9e52d2fd021af0c2.php 第 459 行.
NOTIC: [8] Undefined index: notindogcms D:\webset\CMS\Conf\logs\Cache\User\489fa67c6e1d658e9e52d2fd021af0c2.php 第 459 行.
NOTIC: [8] Undefined index: test D:\webset\CMS\Conf\logs\Cache\User\489fa67c6e1d658e9e52d2fd021af0c2.php 第 459 行.
NOTIC: [8] Undefined index: blank D:\webset\CMS\Conf\logs\Cache\User\489fa67c6e1d658e9e52d2fd021af0c2.php 第 459 行.
NOTIC: [8] Undefined index: notindogcms D:\webset\CMS\Conf\logs\Cache\User\489fa67c6e1d658e9e52d2fd021af0c2.php 第 459 行.
NOTIC: [8] Undefined index: test D:\webset\CMS\Conf\logs\Cache\User\489fa67c6e1d658e9e52d2fd021af0c2.php 第 459 行.
NOTIC: [8] Undefined index: blank D:\webset\CMS\Conf\logs\Cache\User\489fa67c6e1d658e9e52d2fd021af0c2.php 第 459 行.
NOTIC: [8] Undefined index: notindogcms D:\webset\CMS\Conf\logs\Cache\User\489fa67c6e1d658e9e52d2fd021af0c2.php 第 459 行.
NOTIC: [8] Undefined index: test D:\webset\CMS\Conf\logs\Cache\User\489fa67c6e1d658e9e52d2fd021af0c2.php 第 459 行.
NOTIC: [8] Undefined index: blank D:\webset\CMS\Conf\logs\Cache\User\489fa67c6e1d658e9e52d2fd021af0c2.php 第 459 行.
NOTIC: [8] Undefined index: notindogcms D:\webset\CMS\Conf\logs\Cache\User\489fa67c6e1d658e9e52d2fd021af0c2.php 第 459 行.
NOTIC: [8] Undefined index: test D:\webset\CMS\Conf\logs\Cache\User\489fa67c6e1d658e9e52d2fd021af0c2.php 第 459 行.
NOTIC: [8] Undefined index: blank D:\webset\CMS\Conf\logs\Cache\User\489fa67c6e1d658e9e52d2fd021af0c2.php 第 459 行.
NOTIC: [8] Undefined index: notindogcms D:\webset\CMS\Conf\logs\Cache\User\489fa67c6e1d658e9e52d2fd021af0c2.php 第 459 行.
NOTIC: [8] Undefined index: test D:\webset\CMS\Conf\logs\Cache\User\489fa67c6e1d658e9e52d2fd021af0c2.php 第 459 行.
NOTIC: [8] Undefined index: blank D:\webset\CMS\Conf\logs\Cache\User\489fa67c6e1d658e9e52d2fd021af0c2.php 第 459 行.
NOTIC: [8] Undefined index: notindogcms D:\webset\CMS\Conf\logs\Cache\User\489fa67c6e1d658e9e52d2fd021af0c2.php 第 459 行.
NOTIC: [8] Use of undefined constant Common - assumed 'Common' D:\webset\CMS\Conf\logs\Cache\User\489fa67c6e1d658e9e52d2fd021af0c2.php 第 514 行.
NOTIC: [8] Undefined variable: id D:\webset\CMS\Conf\logs\Cache\User\489fa67c6e1d658e9e52d2fd021af0c2.php 第 540 行.
NOTIC: [8] Undefined variable: reslist D:\webset\CMS\Conf\logs\Cache\User\489fa67c6e1d658e9e52d2fd021af0c2.php 第 558 行.
NOTIC: [8] Undefined variable: reslist D:\webset\CMS\Conf\logs\Cache\User\489fa67c6e1d658e9e52d2fd021af0c2.php 第 562 行.
NOTIC: [8] Undefined variable: reslist D:\webset\CMS\Conf\logs\Cache\User\489fa67c6e1d658e9e52d2fd021af0c2.php 第 570 行.
NOTIC: [8] Undefined variable: reslist D:\webset\CMS\Conf\logs\Cache\User\489fa67c6e1d658e9e52d2fd021af0c2.php 第 577 行.
NOTIC: [8] Undefined variable: reslist D:\webset\CMS\Conf\logs\Cache\User\489fa67c6e1d658e9e52d2fd021af0c2.php 第 585 行.
NOTIC: [8] Undefined variable: reslist D:\webset\CMS\Conf\logs\Cache\User\489fa67c6e1d658e9e52d2fd021af0c2.php 第 591 行.
NOTIC: [8] Undefined variable: reslist D:\webset\CMS\Conf\logs\Cache\User\489fa67c6e1d658e9e52d2fd021af0c2.php 第 598 行.
NOTIC: [8] Undefined variable: reslist D:\webset\CMS\Conf\logs\Cache\User\489fa67c6e1d658e9e52d2fd021af0c2.php 第 606 行.
NOTIC: [8] Undefined variable: reslist D:\webset\CMS\Conf\logs\Cache\User\489fa67c6e1d658e9e52d2fd021af0c2.php 第 608 行.
NOTIC: [8] Undefined variable: reslist D:\webset\CMS\Conf\logs\Cache\User\489fa67c6e1d658e9e52d2fd021af0c2.php 第 619 行.
NOTIC: [8] Undefined variable: reslist D:\webset\CMS\Conf\logs\Cache\User\489fa67c6e1d658e9e52d2fd021af0c2.php 第 627 行.
NOTIC: [8] Undefined variable: reslist D:\webset\CMS\Conf\logs\Cache\User\489fa67c6e1d658e9e52d2fd021af0c2.php 第 628 行.
NOTIC: [8] Undefined variable: reslist D:\webset\CMS\Conf\logs\Cache\User\489fa67c6e1d658e9e52d2fd021af0c2.php 第 636 行.
NOTIC: [8] Undefined variable: reslist D:\webset\CMS\Conf\logs\Cache\User\489fa67c6e1d658e9e52d2fd021af0c2.php 第 642 行.
NOTIC: [8] Undefined variable: reslist D:\webset\CMS\Conf\logs\Cache\User\489fa67c6e1d658e9e52d2fd021af0c2.php 第 644 行.
NOTIC: [8] Undefined variable: reslist D:\webset\CMS\Conf\logs\Cache\User\489fa67c6e1d658e9e52d2fd021af0c2.php 第 656 行.
NOTIC: [8] Undefined variable: alert D:\webset\CMS\Conf\logs\Cache\User\489fa67c6e1d658e9e52d2fd021af0c2.php 第 687 行.
INFO: Run ParseTemplate Behavior [ RunTime:-0.538106s ]
INFO: [ view_parse ] --END-- [ RunTime:0.133794s ]
INFO: [ view_filter ] --START--
INFO: Run ContentReplace Behavior [ RunTime:-0.671900s ]
INFO: Run TokenBuild Behavior [ RunTime:-0.673854s ]
INFO: Run WriteHtmlCache Behavior [ RunTime:-0.675807s ]
INFO: Run ShowRuntime Behavior [ RunTime:-0.676783s ]
INFO: [ view_filter ] --END-- [ RunTime:0.005860s ]
SQL: SHOW COLUMNS FROM `tp_susceptible` [ RunTime:0.001953s ]
SQL: SELECT * FROM `tp_susceptible` LIMIT 1   [ RunTime:0.001953s ]
SQL: SELECT `word` FROM `tp_susceptible` WHERE ( `state` = 1 )  [ RunTime:0.000977s ]
NOTIC: [2] unlink(./Conf/logs/Temp/0/6/067efd6ffbb9b42e963ddba7e754f7e8.php): No such file or directory D:\webset\CMS\Lib\Driver\Cache\CacheFile.class.php 第 176 行.
NOTIC: [8] Undefined variable: word_array D:\webset\CMS\dogcms\Lib\ORG\Susceptible.class.php 第 45 行.
NOTIC: [8] Undefined variable: xing_array D:\webset\CMS\dogcms\Lib\ORG\Susceptible.class.php 第 45 行.
INFO: [ view_end ] --START--
INFO: Run ShowPageTrace Behavior [ RunTime:-0.720730s ]
INFO: [ view_end ] --END-- [ RunTime:0.001954s ]
INFO: [ app_end ] --START--
SQL: SHOW COLUMNS FROM `tp_access_count` [ RunTime:0.015625s ]
SQL: SELECT * FROM `tp_access_count` WHERE ( `module` = 'user' ) AND ( `controller` = 'school' ) AND ( `action` = 'subscribe_add' ) AND ( `token` = 'dzqmpt1457533711' ) AND ( `create_time` >= 1461513600 ) LIMIT 1   [ RunTime:0.060549s ]
SQL: UPDATE `tp_access_count` SET `count`=count+1,`update_time`='1461804108' WHERE ( `id` = 890 ) [ RunTime:0.000000s ]
SQL: SELECT * FROM `tp_access_count` WHERE ( `module` = 'user' ) AND ( `controller` = 'school' ) AND ( `action` = 'subscribe_add' ) AND ( `token` = 'alltoken' ) AND ( `create_time` >= 1461772800 ) LIMIT 1   [ RunTime:0.000977s ]
SQL: DELETE FROM `tp_access_count` WHERE ( `module` = 'user' ) AND ( `controller` = 'school' ) AND ( `action` = 'subscribe_add' ) AND ( `token` = 'alltoken' ) AND ( `create_time` < 1455756108 ) [ RunTime:0.000000s ]
SQL: INSERT INTO `tp_access_count` (`module`,`controller`,`action`,`token`,`create_time`,`update_time`) VALUES ('user','school','subscribe_add','alltoken','1461804108','1461804108') [ RunTime:0.000000s ]
INFO: Run AccessCount Behavior [ RunTime:-0.722684s ]
INFO: [ app_end ] --END-- [ RunTime:0.085940s ]

[ 2016-04-28T09:39:09+08:00 ] 121.42.0.35 /
SQL: SHOW COLUMNS FROM `tp_agent` [ RunTime:0.002930s ]
SQL: SELECT * FROM `tp_agent` WHERE ( `siteurl` = 'http://cms.yulihome.com' ) LIMIT 1   [ RunTime:0.000000s ]
INFO: [ app_begin ] --START--
INFO: Run ReadHtmlCache Behavior [ RunTime:0.000976s ]
INFO: [ app_begin ] --END-- [ RunTime:0.000976s ]
SQL: SHOW COLUMNS FROM `tp_agent` [ RunTime:0.002930s ]
SQL: SELECT * FROM `tp_agent` WHERE ( `siteurl` = 'http://cms.yulihome.com' ) LIMIT 1   [ RunTime:0.000000s ]
NOTIC: [8] Undefined index: cms.yulihome.comnomsite D:\webset\CMS\dogcms\Lib\Action\BaseAction.class.php 第 39 行.
SQL: SHOW COLUMNS FROM `tp_mobilesite` [ RunTime:0.041017s ]
NOTIC: [8] Undefined index: cms.yulihome.com D:\webset\CMS\dogcms\Lib\Action\BaseAction.class.php 第 376 行.
SQL: SELECT * FROM `tp_mobilesite` WHERE ( `owndomain` = 'cms.yulihome.com' ) LIMIT 1   [ RunTime:0.000977s ]
SQL: SELECT * FROM `tp_agent` WHERE ( `siteurl` = 'http://cms.yulihome.com' ) LIMIT 1   [ RunTime:0.000000s ]
NOTIC: [8] Constant STATICS already defined D:\webset\CMS\dogcms\Lib\Action\BaseAction.class.php 第 128 行.
SQL: SHOW COLUMNS FROM `tp_customs` [ RunTime:0.001953s ]
SQL: SHOW COLUMNS FROM `tp_images` [ RunTime:0.040041s ]
SQL: SELECT * FROM `tp_images` WHERE ( `agentid` = 0 ) LIMIT 1   [ RunTime:0.000976s ]
SQL: SELECT * FROM `tp_customs` WHERE ( `agentid` = 0 ) AND ( `type` = 1 ) LIMIT 1   [ RunTime:0.000000s ]
SQL: SELECT * FROM `tp_customs` WHERE ( `agentid` = 0 ) AND ( `type` = 2 ) LIMIT 1   [ RunTime:0.000000s ]
SQL: SELECT * FROM `tp_customs` WHERE ( `agentid` = 0 ) AND ( `type` = 3 ) LIMIT 1   [ RunTime:0.000977s ]
SQL: SELECT * FROM `tp_customs` WHERE ( `agentid` = 0 ) AND ( `type` = 4 ) LIMIT 1   [ RunTime:0.000000s ]
SQL: SELECT * FROM `tp_customs` WHERE ( `agentid` = 0 ) AND ( `type` = 5 ) LIMIT 1   [ RunTime:0.000000s ]
SQL: SELECT * FROM `tp_customs` WHERE ( `agentid` = 0 ) AND ( `type` = 6 ) LIMIT 1   [ RunTime:0.000000s ]
NOTIC: [8] Undefined index: showNotice D:\webset\CMS\dogcms\Lib\Action\Home\IndexAction.class.php 第 91 行.
SQL: SHOW COLUMNS FROM `tp_links` [ RunTime:0.031251s ]
SQL: SELECT * FROM `tp_links` WHERE ( `status` = 1 ) AND ( `agentid` = 0 )  [ RunTime:0.000000s ]
SQL: SHOW COLUMNS FROM `tp_renew` [ RunTime:0.037111s ]
SQL: SHOW COLUMNS FROM `tp_banners` [ RunTime:0.022462s ]
SQL: SHOW COLUMNS FROM `tp_case` [ RunTime:0.029298s ]
SQL: SELECT * FROM `tp_renew` WHERE ( `agentid` = 0 ) ORDER BY id DESC LIMIT 5   [ RunTime:0.000000s ]
SQL: SELECT * FROM `tp_banners` WHERE ( `status` = 1 ) AND ( `agentid` = 0 ) ORDER BY id DESC  [ RunTime:0.000000s ]
SQL: SELECT * FROM `tp_case` WHERE ( `status` = 1 ) AND ( `agentid` = 0 ) ORDER BY id DESC LIMIT 10   [ RunTime:0.000000s ]
SQL: SHOW COLUMNS FROM `tp_news` [ RunTime:0.008790s ]
SQL: SELECT * FROM `tp_news` LIMIT 1   [ RunTime:0.000000s ]
SQL: SHOW COLUMNS FROM `tp_img` [ RunTime:0.003906s ]
SQL: SELECT * FROM `tp_img` WHERE ( `classid` = null ) ORDER BY id DESC LIMIT 5   [ RunTime:0.000000s ]
SQL: SELECT * FROM `tp_img` WHERE ( `classid` = null ) ORDER BY id DESC LIMIT 5   [ RunTime:0.000976s ]
SQL: SELECT * FROM `tp_img` WHERE ( `classid` = null ) ORDER BY id DESC LIMIT 5   [ RunTime:0.000000s ]
INFO: [ view_template ] --START--
INFO: Run LocationTemplate Behavior [ RunTime:-0.285167s ]
INFO: [ view_template ] --END-- [ RunTime:0.000977s ]
INFO: [ view_parse ] --START--
INFO: Run ParseTemplate Behavior [ RunTime:-0.286144s ]
INFO: [ view_parse ] --END-- [ RunTime:0.040041s ]
INFO: [ view_filter ] --START--
INFO: Run ContentReplace Behavior [ RunTime:-0.326185s ]
INFO: Run TokenBuild Behavior [ RunTime:-0.326185s ]
INFO: Run WriteHtmlCache Behavior [ RunTime:-0.327161s ]
INFO: Run ShowRuntime Behavior [ RunTime:-0.327161s ]
INFO: [ view_filter ] --END-- [ RunTime:0.001953s ]
SQL: SHOW COLUMNS FROM `tp_susceptible` [ RunTime:0.000977s ]
SQL: SELECT * FROM `tp_susceptible` LIMIT 1   [ RunTime:0.000000s ]
SQL: SELECT `word` FROM `tp_susceptible` WHERE ( `state` = 1 )  [ RunTime:0.000977s ]
NOTIC: [2] unlink(./Conf/logs/Temp/0/6/067efd6ffbb9b42e963ddba7e754f7e8.php): No such file or directory D:\webset\CMS\Lib\Driver\Cache\CacheFile.class.php 第 176 行.
NOTIC: [8] Undefined variable: word_array D:\webset\CMS\dogcms\Lib\ORG\Susceptible.class.php 第 45 行.
NOTIC: [8] Undefined variable: xing_array D:\webset\CMS\dogcms\Lib\ORG\Susceptible.class.php 第 45 行.
INFO: [ view_end ] --START--
INFO: Run ShowPageTrace Behavior [ RunTime:-0.333021s ]
INFO: [ view_end ] --END-- [ RunTime:0.000976s ]
INFO: [ app_end ] --START--
INFO: Run AccessCount Behavior [ RunTime:-0.333997s ]
INFO: [ app_end ] --END-- [ RunTime:0.000000s ]

[ 2016-04-28T10:52:13+08:00 ] 123.125.71.13 /
SQL: SHOW COLUMNS FROM `tp_agent` [ RunTime:0.002930s ]
SQL: SELECT * FROM `tp_agent` WHERE ( `siteurl` = 'http://cms.yulihome.com' ) LIMIT 1   [ RunTime:0.000976s ]
INFO: [ app_begin ] --START--
INFO: Run ReadHtmlCache Behavior [ RunTime:0.000000s ]
INFO: [ app_begin ] --END-- [ RunTime:0.000000s ]
SQL: SHOW COLUMNS FROM `tp_agent` [ RunTime:0.002929s ]
SQL: SELECT * FROM `tp_agent` WHERE ( `siteurl` = 'http://cms.yulihome.com' ) LIMIT 1   [ RunTime:0.000000s ]
NOTIC: [8] Undefined index: cms.yulihome.comnomsite D:\webset\CMS\dogcms\Lib\Action\BaseAction.class.php 第 39 行.
SQL: SHOW COLUMNS FROM `tp_mobilesite` [ RunTime:0.001953s ]
NOTIC: [8] Undefined index: cms.yulihome.com D:\webset\CMS\dogcms\Lib\Action\BaseAction.class.php 第 376 行.
SQL: SELECT * FROM `tp_mobilesite` WHERE ( `owndomain` = 'cms.yulihome.com' ) LIMIT 1   [ RunTime:0.000000s ]
SQL: SELECT * FROM `tp_agent` WHERE ( `siteurl` = 'http://cms.yulihome.com' ) LIMIT 1   [ RunTime:0.000977s ]
NOTIC: [8] Constant STATICS already defined D:\webset\CMS\dogcms\Lib\Action\BaseAction.class.php 第 128 行.
SQL: SHOW COLUMNS FROM `tp_customs` [ RunTime:0.001953s ]
SQL: SHOW COLUMNS FROM `tp_images` [ RunTime:0.001953s ]
SQL: SELECT * FROM `tp_images` WHERE ( `agentid` = 0 ) LIMIT 1   [ RunTime:0.000000s ]
SQL: SELECT * FROM `tp_customs` WHERE ( `agentid` = 0 ) AND ( `type` = 1 ) LIMIT 1   [ RunTime:0.000000s ]
SQL: SELECT * FROM `tp_customs` WHERE ( `agentid` = 0 ) AND ( `type` = 2 ) LIMIT 1   [ RunTime:0.000000s ]
SQL: SELECT * FROM `tp_customs` WHERE ( `agentid` = 0 ) AND ( `type` = 3 ) LIMIT 1   [ RunTime:0.000976s ]
SQL: SELECT * FROM `tp_customs` WHERE ( `agentid` = 0 ) AND ( `type` = 4 ) LIMIT 1   [ RunTime:0.000000s ]
SQL: SELECT * FROM `tp_customs` WHERE ( `agentid` = 0 ) AND ( `type` = 5 ) LIMIT 1   [ RunTime:0.000000s ]
SQL: SELECT * FROM `tp_customs` WHERE ( `agentid` = 0 ) AND ( `type` = 6 ) LIMIT 1   [ RunTime:0.000000s ]
NOTIC: [8] Undefined index: showNotice D:\webset\CMS\dogcms\Lib\Action\Home\IndexAction.class.php 第 91 行.
SQL: SHOW COLUMNS FROM `tp_links` [ RunTime:0.001953s ]
SQL: SELECT * FROM `tp_links` WHERE ( `status` = 1 ) AND ( `agentid` = 0 )  [ RunTime:0.000977s ]
SQL: SHOW COLUMNS FROM `tp_renew` [ RunTime:0.000976s ]
SQL: SHOW COLUMNS FROM `tp_banners` [ RunTime:0.000977s ]
SQL: SHOW COLUMNS FROM `tp_case` [ RunTime:0.001953s ]
SQL: SELECT * FROM `tp_renew` WHERE ( `agentid` = 0 ) ORDER BY id DESC LIMIT 5   [ RunTime:0.000976s ]
SQL: SELECT * FROM `tp_banners` WHERE ( `status` = 1 ) AND ( `agentid` = 0 ) ORDER BY id DESC  [ RunTime:0.000000s ]
SQL: SELECT * FROM `tp_case` WHERE ( `status` = 1 ) AND ( `agentid` = 0 ) ORDER BY id DESC LIMIT 10   [ RunTime:0.000000s ]
SQL: SHOW COLUMNS FROM `tp_news` [ RunTime:0.000977s ]
SQL: SELECT * FROM `tp_news` LIMIT 1   [ RunTime:0.000000s ]
SQL: SHOW COLUMNS FROM `tp_img` [ RunTime:0.001953s ]
SQL: SELECT * FROM `tp_img` WHERE ( `classid` = null ) ORDER BY id DESC LIMIT 5   [ RunTime:0.000000s ]
SQL: SELECT * FROM `tp_img` WHERE ( `classid` = null ) ORDER BY id DESC LIMIT 5   [ RunTime:0.000000s ]
SQL: SELECT * FROM `tp_img` WHERE ( `classid` = null ) ORDER BY id DESC LIMIT 5   [ RunTime:0.000977s ]
INFO: [ view_template ] --START--
INFO: Run LocationTemplate Behavior [ RunTime:-0.080082s ]
INFO: [ view_template ] --END-- [ RunTime:0.000000s ]
INFO: [ view_parse ] --START--
INFO: Run ParseTemplate Behavior [ RunTime:-0.080082s ]
INFO: [ view_parse ] --END-- [ RunTime:0.018555s ]
INFO: [ view_filter ] --START--
INFO: Run ContentReplace Behavior [ RunTime:-0.098637s ]
INFO: Run TokenBuild Behavior [ RunTime:-0.099614s ]
INFO: Run WriteHtmlCache Behavior [ RunTime:-0.100590s ]
INFO: Run ShowRuntime Behavior [ RunTime:-0.100590s ]
INFO: [ view_filter ] --END-- [ RunTime:0.001953s ]
SQL: SHOW COLUMNS FROM `tp_susceptible` [ RunTime:0.001953s ]
SQL: SELECT * FROM `tp_susceptible` LIMIT 1   [ RunTime:0.000977s ]
SQL: SELECT `word` FROM `tp_susceptible` WHERE ( `state` = 1 )  [ RunTime:0.000977s ]
NOTIC: [2] unlink(./Conf/logs/Temp/0/6/067efd6ffbb9b42e963ddba7e754f7e8.php): No such file or directory D:\webset\CMS\Lib\Driver\Cache\CacheFile.class.php 第 176 行.
NOTIC: [8] Undefined variable: word_array D:\webset\CMS\dogcms\Lib\ORG\Susceptible.class.php 第 45 行.
NOTIC: [8] Undefined variable: xing_array D:\webset\CMS\dogcms\Lib\ORG\Susceptible.class.php 第 45 行.
INFO: [ view_end ] --START--
INFO: Run ShowPageTrace Behavior [ RunTime:-0.106450s ]
INFO: [ view_end ] --END-- [ RunTime:0.000976s ]
INFO: [ app_end ] --START--
INFO: Run AccessCount Behavior [ RunTime:-0.107426s ]
INFO: [ app_end ] --END-- [ RunTime:0.000977s ]

